#
# There is insufficient memory for the Java Runtime Environment to continue.
# Native memory allocation (malloc) failed to allocate 1787984 bytes for Chunk::new
# Possible reasons:
#   The system is out of physical RAM or swap space
#   In 32 bit mode, the process size limit was hit
# Possible solutions:
#   Reduce memory load on the system
#   Increase physical memory or swap space
#   Check if swap backing store is full
#   Use 64 bit Java on a 64 bit OS
#   Decrease Java heap size (-Xmx/-Xms)
#   Decrease number of Java threads
#   Decrease Java thread stack sizes (-Xss)
#   Set larger code cache with -XX:ReservedCodeCacheSize=
# This output file may be truncated or incomplete.
#
#  Out of Memory Error (allocation.cpp:390), pid=32560, tid=0x00000000000023f4
#
# JRE version: Java(TM) SE Runtime Environment (8.0_162-b12) (build 1.8.0_162-b12)
# Java VM: Java HotSpot(TM) 64-Bit Server VM (25.162-b12 mixed mode windows-amd64 compressed oops)
# Failed to write core dump. Minidumps are not enabled by default on client versions of Windows
#

---------------  T H R E A D  ---------------

Current thread (0x000000001ebcb000):  JavaThread "C2 CompilerThread6" daemon [_thread_in_native, id=9204, stack(0x0000000020fd0000,0x00000000210d0000)]

Stack: [0x0000000020fd0000,0x00000000210d0000]
[error occurred during error reporting (printing stack bounds), id 0xc0000005]

Native frames: (J=compiled Java code, j=interpreted, Vv=VM code, C=native code)


Current CompileTask:
C2:   3349 3928       4       org.springframework.core.annotation.TypeMappedAnnotations::get (52 bytes)


---------------  P R O C E S S  ---------------

Java Threads: ( => current thread )
  0x00000000278e9800 JavaThread "mysql-cj-abandoned-connection-cleanup" daemon [_thread_blocked, id=26768, stack(0x0000000024b90000,0x0000000024c90000)]
  0x000000001ecb1800 JavaThread "Service Thread" daemon [_thread_blocked, id=17100, stack(0x00000000216d0000,0x00000000217d0000)]
  0x000000001ec45800 JavaThread "C1 CompilerThread11" daemon [_thread_blocked, id=30396, stack(0x00000000215d0000,0x00000000216d0000)]
  0x000000001ec22800 JavaThread "C1 CompilerThread10" daemon [_thread_blocked, id=12364, stack(0x00000000214d0000,0x00000000215d0000)]
  0x000000001ebdf800 JavaThread "C1 CompilerThread9" daemon [_thread_blocked, id=26200, stack(0x00000000213d0000,0x00000000214d0000)]
  0x000000001ebd6800 JavaThread "C1 CompilerThread8" daemon [_thread_blocked, id=22044, stack(0x00000000212d0000,0x00000000213d0000)]
  0x000000001ebcc800 JavaThread "C2 CompilerThread7" daemon [_thread_in_native, id=7512, stack(0x00000000211d0000,0x00000000212d0000)]
=>0x000000001ebcb000 JavaThread "C2 CompilerThread6" daemon [_thread_in_native, id=9204, stack(0x0000000020fd0000,0x00000000210d0000)]
  0x000000001ebc2000 JavaThread "C2 CompilerThread5" daemon [_thread_in_native, id=29344, stack(0x0000000020ed0000,0x0000000020fd0000)]
  0x000000001ebbc800 JavaThread "C2 CompilerThread4" daemon [_thread_in_native, id=8056, stack(0x0000000020dd0000,0x0000000020ed0000)]
  0x000000001ebb7800 JavaThread "C2 CompilerThread3" daemon [_thread_in_native, id=31460, stack(0x0000000020cd0000,0x0000000020dd0000)]
  0x000000001ebb5000 JavaThread "C2 CompilerThread2" daemon [_thread_in_native, id=7828, stack(0x0000000020bd0000,0x0000000020cd0000)]
  0x000000001ebb0000 JavaThread "C2 CompilerThread1" daemon [_thread_in_native, id=8296, stack(0x0000000020ad0000,0x0000000020bd0000)]
  0x000000001eba2000 JavaThread "C2 CompilerThread0" daemon [_thread_in_native, id=3236, stack(0x00000000209d0000,0x0000000020ad0000)]
  0x000000001eb8c000 JavaThread "JDWP Command Reader" daemon [_thread_in_native, id=12524, stack(0x00000000208d0000,0x00000000209d0000)]
  0x000000001eb8b000 JavaThread "JDWP Event Helper Thread" daemon [_thread_blocked, id=18712, stack(0x00000000207d0000,0x00000000208d0000)]
  0x000000001eb80000 JavaThread "JDWP Transport Listener: dt_socket" daemon [_thread_blocked, id=30164, stack(0x00000000206d0000,0x00000000207d0000)]
  0x000000001eb79000 JavaThread "Attach Listener" daemon [_thread_blocked, id=26048, stack(0x00000000205d0000,0x00000000206d0000)]
  0x000000001eb78000 JavaThread "Signal Dispatcher" daemon [_thread_blocked, id=32012, stack(0x00000000204d0000,0x00000000205d0000)]
  0x000000001eaf7800 JavaThread "Finalizer" daemon [_thread_blocked, id=1256, stack(0x0000000020370000,0x0000000020470000)]
  0x000000001d091800 JavaThread "Reference Handler" daemon [_thread_blocked, id=9804, stack(0x0000000020270000,0x0000000020370000)]
  0x0000000003439000 JavaThread "main" [_thread_in_Java, id=32104, stack(0x00000000032a0000,0x00000000033a0000)]

Other Threads:
  0x000000001ead5800 VMThread [stack: 0x0000000020170000,0x0000000020270000] [id=10892]
  0x000000001ecc2000 WatcherThread [stack: 0x00000000217d0000,0x00000000218d0000] [id=24688]

VM state:not at safepoint (normal execution)

VM Mutex/Monitor currently owned by a thread: None

Heap:
 PSYoungGen      total 159744K, used 121885K [0x000000076e180000, 0x000000077ad80000, 0x00000007c0000000)
  eden space 151040K, 80% used [0x000000076e180000,0x00000007758875d0,0x0000000777500000)
  from space 8704K, 0% used [0x0000000777d80000,0x0000000777d80000,0x0000000778600000)
  to   space 8704K, 0% used [0x0000000777500000,0x0000000777500000,0x0000000777d80000)
 ParOldGen       total 162816K, used 11614K [0x00000006ca400000, 0x00000006d4300000, 0x000000076e180000)
  object space 162816K, 7% used [0x00000006ca400000,0x00000006caf578c0,0x00000006d4300000)
 Metaspace       used 37535K, capacity 40648K, committed 40832K, reserved 1085440K
  class space    used 4887K, capacity 5416K, committed 5504K, reserved 1048576K

Card table byte_map: [0x00000000129f0000,0x00000000131a0000] byte_map_base: 0x000000000f39e000

Marking Bits: (ParMarkBitMap*) 0x0000000068050860
 Begin Bits: [0x00000000143c0000, 0x0000000018130000)
 End Bits:   [0x0000000018130000, 0x000000001bea0000)

Polling page: 0x0000000001050000

CodeCache: size=245760Kb used=17867Kb max_used=17867Kb free=227892Kb
 bounds [0x0000000003630000, 0x00000000047b0000, 0x0000000012630000]
 total_blobs=4575 nmethods=4160 adapters=333
 compilation: enabled

Compilation events (10 events):
Event: 3.346 Thread 0x000000001ec45800 nmethod 4167 0x000000000479b590 code [0x000000000479b7c0, 0x000000000479c2b8]
Event: 3.346 Thread 0x000000001ec45800 4171       3       java.util.concurrent.ConcurrentHashMap$Traverser::<init> (36 bytes)
Event: 3.346 Thread 0x000000001ec22800 nmethod 4170 0x000000000479c890 code [0x000000000479ca20, 0x000000000479cdf8]
Event: 3.346 Thread 0x000000001ec45800 nmethod 4171 0x000000000479cf90 code [0x000000000479d0e0, 0x000000000479d2d0]
Event: 3.346 Thread 0x000000001ebd6800 nmethod 4169 0x000000000479d390 code [0x000000000479d5c0, 0x000000000479e268]
Event: 3.347 Thread 0x000000001ec22800 4175       3       org.springframework.core.MethodParameter::getNestedParameterType (122 bytes)
Event: 3.347 Thread 0x000000001ec45800 4174       3       org.springframework.beans.factory.config.DependencyDescriptor::getDependencyType (123 bytes)
Event: 3.347 Thread 0x000000001ebd6800 4176       3       org.springframework.util.ClassUtils::isAssignableValue (34 bytes)
Event: 3.348 Thread 0x000000001ec22800 nmethod 4175 0x000000000479e750 code [0x000000000479e9e0, 0x000000000479fe28]
Event: 3.348 Thread 0x000000001ebd6800 nmethod 4176 0x00000000047a03d0 code [0x00000000047a0580, 0x00000000047a0a68]

GC Heap History (10 events):
Event: 1.392 GC heap before
{Heap before GC invocations=4 (full 1):
 PSYoungGen      total 73728K, used 7425K [0x000000076e180000, 0x0000000777180000, 0x00000007c0000000)
  eden space 63488K, 0% used [0x000000076e180000,0x000000076e180000,0x0000000771f80000)
  from space 10240K, 72% used [0x0000000771f80000,0x00000007726c0780,0x0000000772980000)
  to   space 10240K, 0% used [0x0000000776780000,0x0000000776780000,0x0000000777180000)
 ParOldGen       total 167936K, used 40K [0x00000006ca400000, 0x00000006d4800000, 0x000000076e180000)
  object space 167936K, 0% used [0x00000006ca400000,0x00000006ca40a000,0x00000006d4800000)
 Metaspace       used 19504K, capacity 21142K, committed 21296K, reserved 1067008K
  class space    used 2522K, capacity 2847K, committed 2944K, reserved 1048576K
Event: 1.409 GC heap after
Heap after GC invocations=4 (full 1):
 PSYoungGen      total 73728K, used 0K [0x000000076e180000, 0x0000000777180000, 0x00000007c0000000)
  eden space 63488K, 0% used [0x000000076e180000,0x000000076e180000,0x0000000771f80000)
  from space 10240K, 0% used [0x0000000771f80000,0x0000000771f80000,0x0000000772980000)
  to   space 10240K, 0% used [0x0000000776780000,0x0000000776780000,0x0000000777180000)
 ParOldGen       total 102400K, used 7130K [0x00000006ca400000, 0x00000006d0800000, 0x000000076e180000)
  object space 102400K, 6% used [0x00000006ca400000,0x00000006caaf6ba8,0x00000006d0800000)
 Metaspace       used 19504K, capacity 21142K, committed 21296K, reserved 1067008K
  class space    used 2522K, capacity 2847K, committed 2944K, reserved 1048576K
}
Event: 1.605 GC heap before
{Heap before GC invocations=5 (full 1):
 PSYoungGen      total 73728K, used 63488K [0x000000076e180000, 0x0000000777180000, 0x00000007c0000000)
  eden space 63488K, 100% used [0x000000076e180000,0x0000000771f80000,0x0000000771f80000)
  from space 10240K, 0% used [0x0000000771f80000,0x0000000771f80000,0x0000000772980000)
  to   space 10240K, 0% used [0x0000000776780000,0x0000000776780000,0x0000000777180000)
 ParOldGen       total 102400K, used 7130K [0x00000006ca400000, 0x00000006d0800000, 0x000000076e180000)
  object space 102400K, 6% used [0x00000006ca400000,0x00000006caaf6ba8,0x00000006d0800000)
 Metaspace       used 24490K, capacity 26300K, committed 26368K, reserved 1073152K
  class space    used 3187K, capacity 3550K, committed 3584K, reserved 1048576K
Event: 1.610 GC heap after
Heap after GC invocations=5 (full 1):
 PSYoungGen      total 106496K, used 7177K [0x000000076e180000, 0x0000000776f00000, 0x00000007c0000000)
  eden space 98816K, 0% used [0x000000076e180000,0x000000076e180000,0x0000000774200000)
  from space 7680K, 93% used [0x0000000776780000,0x0000000776e82760,0x0000000776f00000)
  to   space 10240K, 0% used [0x0000000775b00000,0x0000000775b00000,0x0000000776500000)
 ParOldGen       total 102400K, used 7138K [0x00000006ca400000, 0x00000006d0800000, 0x000000076e180000)
  object space 102400K, 6% used [0x00000006ca400000,0x00000006caaf8ba8,0x00000006d0800000)
 Metaspace       used 24490K, capacity 26300K, committed 26368K, reserved 1073152K
  class space    used 3187K, capacity 3550K, committed 3584K, reserved 1048576K
}
Event: 2.078 GC heap before
{Heap before GC invocations=6 (full 1):
 PSYoungGen      total 106496K, used 105993K [0x000000076e180000, 0x0000000776f00000, 0x00000007c0000000)
  eden space 98816K, 100% used [0x000000076e180000,0x0000000774200000,0x0000000774200000)
  from space 7680K, 93% used [0x0000000776780000,0x0000000776e82760,0x0000000776f00000)
  to   space 10240K, 0% used [0x0000000775b00000,0x0000000775b00000,0x0000000776500000)
 ParOldGen       total 102400K, used 7138K [0x00000006ca400000, 0x00000006d0800000, 0x000000076e180000)
  object space 102400K, 6% used [0x00000006ca400000,0x00000006caaf8ba8,0x00000006d0800000)
 Metaspace       used 28980K, capacity 31154K, committed 31360K, reserved 1077248K
  class space    used 3765K, capacity 4181K, committed 4224K, reserved 1048576K
Event: 2.083 GC heap after
Heap after GC invocations=6 (full 1):
 PSYoungGen      total 134656K, used 8477K [0x000000076e180000, 0x0000000778600000, 0x00000007c0000000)
  eden space 124416K, 0% used [0x000000076e180000,0x000000076e180000,0x0000000775b00000)
  from space 10240K, 82% used [0x0000000775b00000,0x0000000776347638,0x0000000776500000)
  to   space 8704K, 0% used [0x0000000777d80000,0x0000000777d80000,0x0000000778600000)
 ParOldGen       total 102400K, used 7146K [0x00000006ca400000, 0x00000006d0800000, 0x000000076e180000)
  object space 102400K, 6% used [0x00000006ca400000,0x00000006caafaba8,0x00000006d0800000)
 Metaspace       used 28980K, capacity 31154K, committed 31360K, reserved 1077248K
  class space    used 3765K, capacity 4181K, committed 4224K, reserved 1048576K
}
Event: 2.356 GC heap before
{Heap before GC invocations=7 (full 1):
 PSYoungGen      total 134656K, used 52706K [0x000000076e180000, 0x0000000778600000, 0x00000007c0000000)
  eden space 124416K, 35% used [0x000000076e180000,0x0000000770cb12d0,0x0000000775b00000)
  from space 10240K, 82% used [0x0000000775b00000,0x0000000776347638,0x0000000776500000)
  to   space 8704K, 0% used [0x0000000777d80000,0x0000000777d80000,0x0000000778600000)
 ParOldGen       total 102400K, used 7146K [0x00000006ca400000, 0x00000006d0800000, 0x000000076e180000)
  object space 102400K, 6% used [0x00000006ca400000,0x00000006caafaba8,0x00000006d0800000)
 Metaspace       used 33044K, capacity 35344K, committed 35456K, reserved 1079296K
  class space    used 4296K, capacity 4698K, committed 4736K, reserved 1048576K
Event: 2.361 GC heap after
Heap after GC invocations=7 (full 1):
 PSYoungGen      total 159744K, used 6900K [0x000000076e180000, 0x000000077ad80000, 0x00000007c0000000)
  eden space 151040K, 0% used [0x000000076e180000,0x000000076e180000,0x0000000777500000)
  from space 8704K, 79% used [0x0000000777d80000,0x000000077843d2d0,0x0000000778600000)
  to   space 8704K, 0% used [0x0000000777500000,0x0000000777500000,0x0000000777d80000)
 ParOldGen       total 102400K, used 7218K [0x00000006ca400000, 0x00000006d0800000, 0x000000076e180000)
  object space 102400K, 7% used [0x00000006ca400000,0x00000006cab0cbb8,0x00000006d0800000)
 Metaspace       used 33044K, capacity 35344K, committed 35456K, reserved 1079296K
  class space    used 4296K, capacity 4698K, committed 4736K, reserved 1048576K
}
Event: 2.361 GC heap before
{Heap before GC invocations=8 (full 2):
 PSYoungGen      total 159744K, used 6900K [0x000000076e180000, 0x000000077ad80000, 0x00000007c0000000)
  eden space 151040K, 0% used [0x000000076e180000,0x000000076e180000,0x0000000777500000)
  from space 8704K, 79% used [0x0000000777d80000,0x000000077843d2d0,0x0000000778600000)
  to   space 8704K, 0% used [0x0000000777500000,0x0000000777500000,0x0000000777d80000)
 ParOldGen       total 102400K, used 7218K [0x00000006ca400000, 0x00000006d0800000, 0x000000076e180000)
  object space 102400K, 7% used [0x00000006ca400000,0x00000006cab0cbb8,0x00000006d0800000)
 Metaspace       used 33044K, capacity 35344K, committed 35456K, reserved 1079296K
  class space    used 4296K, capacity 4698K, committed 4736K, reserved 1048576K
Event: 2.389 GC heap after
Heap after GC invocations=8 (full 2):
 PSYoungGen      total 159744K, used 0K [0x000000076e180000, 0x000000077ad80000, 0x00000007c0000000)
  eden space 151040K, 0% used [0x000000076e180000,0x000000076e180000,0x0000000777500000)
  from space 8704K, 0% used [0x0000000777d80000,0x0000000777d80000,0x0000000778600000)
  to   space 8704K, 0% used [0x0000000777500000,0x0000000777500000,0x0000000777d80000)
 ParOldGen       total 162816K, used 11614K [0x00000006ca400000, 0x00000006d4300000, 0x000000076e180000)
  object space 162816K, 7% used [0x00000006ca400000,0x00000006caf578c0,0x00000006d4300000)
 Metaspace       used 33044K, capacity 35344K, committed 35456K, reserved 1079296K
  class space    used 4296K, capacity 4698K, committed 4736K, reserved 1048576K
}

Deoptimization events (10 events):
Event: 3.110 Thread 0x0000000003439000 Uncommon trap: reason=class_check action=maybe_recompile pc=0x0000000004426160 method=java.lang.reflect.Array.newInstance(Ljava/lang/Class;I)Ljava/lang/Object; @ 2
Event: 3.110 Thread 0x0000000003439000 Uncommon trap: reason=class_check action=maybe_recompile pc=0x0000000004426160 method=java.lang.reflect.Array.newInstance(Ljava/lang/Class;I)Ljava/lang/Object; @ 2
Event: 3.110 Thread 0x0000000003439000 Uncommon trap: reason=class_check action=maybe_recompile pc=0x0000000004426160 method=java.lang.reflect.Array.newInstance(Ljava/lang/Class;I)Ljava/lang/Object; @ 2
Event: 3.114 Thread 0x0000000003439000 Uncommon trap: reason=unstable_if action=reinterpret pc=0x0000000004615bd0 method=java.util.concurrent.ConcurrentHashMap.putVal(Ljava/lang/Object;Ljava/lang/Object;Z)Ljava/lang/Object; @ 331
Event: 3.114 Thread 0x0000000003439000 Uncommon trap: reason=unstable_if action=reinterpret pc=0x0000000004694c78 method=java.util.concurrent.ConcurrentHashMap.get(Ljava/lang/Object;)Ljava/lang/Object; @ 86
Event: 3.114 Thread 0x0000000003439000 Uncommon trap: reason=unstable_if action=reinterpret pc=0x0000000003d42800 method=java.util.concurrent.ConcurrentHashMap.transfer([Ljava/util/concurrent/ConcurrentHashMap$Node;[Ljava/util/concurrent/ConcurrentHashMap$Node;)V @ 356
Event: 3.114 Thread 0x0000000003439000 Uncommon trap: reason=unstable_if action=reinterpret pc=0x0000000003d268d4 method=java.util.concurrent.ConcurrentHashMap.transfer([Ljava/util/concurrent/ConcurrentHashMap$Node;[Ljava/util/concurrent/ConcurrentHashMap$Node;)V @ 356
Event: 3.140 Thread 0x0000000003439000 Uncommon trap: reason=unstable_if action=reinterpret pc=0x00000000041a0f58 method=java.lang.invoke.MethodType.checkPtypes([Ljava/lang/Class;)I @ 40
Event: 3.282 Thread 0x0000000003439000 Uncommon trap: reason=unstable_if action=reinterpret pc=0x000000000468c138 method=org.springframework.core.annotation.AnnotationsScanner.isWithoutHierarchy(Ljava/lang/reflect/AnnotatedElement;Lorg/springframework/core/annotation/MergedAnnotations$SearchSt
Event: 3.345 Thread 0x0000000003439000 Uncommon trap: reason=unstable_if action=reinterpret pc=0x00000000046cd848 method=org.springframework.beans.factory.support.AbstractBeanFactory.isTypeMatch(Ljava/lang/String;Lorg/springframework/core/ResolvableType;Z)Z @ 34

Classes redefined (0 events):
No events

Internal exceptions (10 events):
Event: 3.339 Thread 0x0000000003439000 Exception <a 'java/lang/ClassNotFoundException': org/springframework/web/servlet/handler/MatchableHandlerMappingCustomizer> (0x00000007756ea978) thrown at [C:\re\workspace\8-2-build-windows-amd64-cygwin\jdk8u162\10278\hotspot\src\share\vm\classfile\system
Event: 3.339 Thread 0x0000000003439000 Exception <a 'java/lang/ClassNotFoundException': org/springframework/web/servlet/HandlerMappingCustomizer> (0x0000000775708ef0) thrown at [C:\re\workspace\8-2-build-windows-amd64-cygwin\jdk8u162\10278\hotspot\src\share\vm\classfile\systemDictionary.cpp, l
Event: 3.340 Thread 0x0000000003439000 Exception <a 'java/lang/ClassNotFoundException': org/springframework/web/servlet/HandlerMappingCustomizer> (0x0000000775726618) thrown at [C:\re\workspace\8-2-build-windows-amd64-cygwin\jdk8u162\10278\hotspot\src\share\vm\classfile\systemDictionary.cpp, l
Event: 3.340 Thread 0x0000000003439000 Exception <a 'java/lang/ClassNotFoundException': org/springframework/core/OrderedCustomizer> (0x000000077573ec40) thrown at [C:\re\workspace\8-2-build-windows-amd64-cygwin\jdk8u162\10278\hotspot\src\share\vm\classfile\systemDictionary.cpp, line 210]
Event: 3.341 Thread 0x0000000003439000 Exception <a 'java/lang/ClassNotFoundException': org/springframework/beans/factory/BeanNameAwareCustomizer> (0x000000077575bf90) thrown at [C:\re\workspace\8-2-build-windows-amd64-cygwin\jdk8u162\10278\hotspot\src\share\vm\classfile\systemDictionary.cpp, 
Event: 3.341 Thread 0x0000000003439000 Exception <a 'java/lang/ClassNotFoundException': org/springframework/beans/factory/AwareCustomizer> (0x0000000775776e20) thrown at [C:\re\workspace\8-2-build-windows-amd64-cygwin\jdk8u162\10278\hotspot\src\share\vm\classfile\systemDictionary.cpp, line 210
Event: 3.342 Thread 0x0000000003439000 Exception <a 'java/lang/ClassNotFoundException': org/springframework/web/context/ServletContextAwareCustomizer> (0x0000000775794f68) thrown at [C:\re\workspace\8-2-build-windows-amd64-cygwin\jdk8u162\10278\hotspot\src\share\vm\classfile\systemDictionary.c
Event: 3.342 Thread 0x0000000003439000 Exception <a 'java/lang/ClassNotFoundException': org/springframework/beans/factory/AwareCustomizer> (0x00000007757afe88) thrown at [C:\re\workspace\8-2-build-windows-amd64-cygwin\jdk8u162\10278\hotspot\src\share\vm\classfile\systemDictionary.cpp, line 210
Event: 3.343 Thread 0x0000000003439000 Exception <a 'java/lang/ClassNotFoundException': org/springframework/context/ApplicationContextAwareCustomizer> (0x00000007757cdf80) thrown at [C:\re\workspace\8-2-build-windows-amd64-cygwin\jdk8u162\10278\hotspot\src\share\vm\classfile\systemDictionary.c
Event: 3.343 Thread 0x0000000003439000 Exception <a 'java/lang/ClassNotFoundException': org/springframework/beans/factory/AwareCustomizer> (0x00000007757e9438) thrown at [C:\re\workspace\8-2-build-windows-amd64-cygwin\jdk8u162\10278\hotspot\src\share\vm\classfile\systemDictionary.cpp, line 210

Events (10 events):
Event: 3.345 Thread 0x0000000003439000 DEOPT UNPACKING pc=0x0000000003677490 sp=0x000000000339bfd0 mode 1
Event: 3.345 Thread 0x0000000003439000 Uncommon trap: trap_request=0xffffff65 fr.pc=0x00000000046cd848
Event: 3.345 Thread 0x0000000003439000 DEOPT PACKING pc=0x00000000046cd848 sp=0x000000000339bd70
Event: 3.345 Thread 0x0000000003439000 DEOPT UNPACKING pc=0x000000000367583b sp=0x000000000339bda8 mode 2
Event: 3.347 Thread 0x0000000003439000 DEOPT PACKING pc=0x00000000040985ec sp=0x000000000339c410
Event: 3.347 Thread 0x0000000003439000 DEOPT UNPACKING pc=0x0000000003677490 sp=0x000000000339c1c8 mode 1
Event: 3.347 Thread 0x0000000003439000 DEOPT PACKING pc=0x00000000040985ec sp=0x000000000339c410
Event: 3.347 Thread 0x0000000003439000 DEOPT UNPACKING pc=0x0000000003677490 sp=0x000000000339c1c8 mode 1
Event: 3.348 loading class org/springframework/web/servlet/function/ServerRequest
Event: 3.348 loading class org/springframework/web/servlet/function/ServerRequest done


Dynamic libraries:
0x00007ff6d87a0000 - 0x00007ff6d87d7000 	D:\JAVA\JDK\bin\java.exe
0x00007fff3a030000 - 0x00007fff3a228000 	C:\WINDOWS\SYSTEM32\ntdll.dll
0x00007fff39610000 - 0x00007fff396d1000 	C:\WINDOWS\System32\KERNEL32.DLL
0x00007fff37cd0000 - 0x00007fff37fc6000 	C:\WINDOWS\System32\KERNELBASE.dll
0x00007fff38060000 - 0x00007fff38110000 	C:\WINDOWS\System32\ADVAPI32.dll
0x00007fff38ea0000 - 0x00007fff38f3e000 	C:\WINDOWS\System32\msvcrt.dll
0x00007fff39890000 - 0x00007fff39930000 	C:\WINDOWS\System32\sechost.dll
0x00007fff39c70000 - 0x00007fff39d93000 	C:\WINDOWS\System32\RPCRT4.dll
0x00007fff37a60000 - 0x00007fff37a87000 	C:\WINDOWS\System32\bcrypt.dll
0x00007fff39a60000 - 0x00007fff39bff000 	C:\WINDOWS\System32\USER32.dll
0x00007fff37ca0000 - 0x00007fff37cc2000 	C:\WINDOWS\System32\win32u.dll
0x00007fff39f50000 - 0x00007fff39f7b000 	C:\WINDOWS\System32\GDI32.dll
0x00007fff37940000 - 0x00007fff37a57000 	C:\WINDOWS\System32\gdi32full.dll
0x00007fff37a90000 - 0x00007fff37b2d000 	C:\WINDOWS\System32\msvcp_win.dll
0x00007fff37b30000 - 0x00007fff37c30000 	C:\WINDOWS\System32\ucrtbase.dll
0x00007fff22760000 - 0x00007fff229fa000 	C:\WINDOWS\WinSxS\amd64_microsoft.windows.common-controls_6595b64144ccf1df_6.0.19041.4355_none_60b8b9eb71f62e16\COMCTL32.dll
0x00007fff39020000 - 0x00007fff3904f000 	C:\WINDOWS\System32\IMM32.DLL
0x00000000680d0000 - 0x00000000681a1000 	D:\JAVA\JDK\jre\bin\msvcr100.dll
0x0000000067830000 - 0x00000000680d0000 	D:\JAVA\JDK\jre\bin\server\jvm.dll
0x00007fff39010000 - 0x00007fff39018000 	C:\WINDOWS\System32\PSAPI.DLL
0x00007fff1b010000 - 0x00007fff1b019000 	C:\WINDOWS\SYSTEM32\WSOCK32.dll
0x00007fff2bdf0000 - 0x00007fff2bdfa000 	C:\WINDOWS\SYSTEM32\VERSION.dll
0x00007fff35290000 - 0x00007fff352b7000 	C:\WINDOWS\SYSTEM32\WINMM.dll
0x00007fff39f80000 - 0x00007fff39feb000 	C:\WINDOWS\System32\WS2_32.dll
0x0000000067820000 - 0x000000006782f000 	D:\JAVA\JDK\jre\bin\verify.dll
0x00000000677f0000 - 0x0000000067819000 	D:\JAVA\JDK\jre\bin\java.dll
0x0000000068360000 - 0x0000000068395000 	D:\JAVA\JDK\jre\bin\jdwp.dll
0x0000000068350000 - 0x0000000068358000 	D:\JAVA\JDK\jre\bin\npt.dll
0x0000000067710000 - 0x0000000067733000 	D:\JAVA\JDK\jre\bin\instrument.dll
0x00000000677d0000 - 0x00000000677e6000 	D:\JAVA\JDK\jre\bin\zip.dll
0x00007fff38190000 - 0x00007fff388fc000 	C:\WINDOWS\System32\SHELL32.dll
0x00007fff35760000 - 0x00007fff35efe000 	C:\WINDOWS\SYSTEM32\windows.storage.dll
0x00007fff389b0000 - 0x00007fff38d03000 	C:\WINDOWS\System32\combase.dll
0x00007fff37090000 - 0x00007fff370be000 	C:\WINDOWS\SYSTEM32\Wldp.dll
0x00007fff38f40000 - 0x00007fff3900d000 	C:\WINDOWS\System32\OLEAUT32.dll
0x00007fff38900000 - 0x00007fff389ad000 	C:\WINDOWS\System32\SHCORE.dll
0x00007fff39550000 - 0x00007fff395a5000 	C:\WINDOWS\System32\shlwapi.dll
0x00007fff37610000 - 0x00007fff37634000 	C:\WINDOWS\SYSTEM32\profapi.dll
0x0000000068340000 - 0x0000000068349000 	D:\JAVA\JDK\jre\bin\dt_socket.dll
0x00007fff36df0000 - 0x00007fff36e5a000 	C:\WINDOWS\system32\mswsock.dll
0x00000000677b0000 - 0x00000000677ca000 	D:\JAVA\JDK\jre\bin\net.dll
0x00000000683a0000 - 0x00000000683b1000 	D:\JAVA\JDK\jre\bin\nio.dll
0x0000000068330000 - 0x000000006833d000 	D:\JAVA\JDK\jre\bin\management.dll
0x00007fff22d60000 - 0x00007fff22d77000 	C:\WINDOWS\system32\napinsp.dll
0x00007fff22d00000 - 0x00007fff22d1b000 	C:\WINDOWS\system32\pnrpnsp.dll
0x00007fff33a90000 - 0x00007fff33aa5000 	C:\WINDOWS\system32\wshbth.dll
0x00007fff33790000 - 0x00007fff337ad000 	C:\WINDOWS\system32\NLAapi.dll
0x00007fff36ad0000 - 0x00007fff36b0b000 	C:\WINDOWS\SYSTEM32\IPHLPAPI.DLL
0x00007fff36b10000 - 0x00007fff36bda000 	C:\WINDOWS\SYSTEM32\DNSAPI.dll
0x00007fff39c00000 - 0x00007fff39c08000 	C:\WINDOWS\System32\NSI.dll
0x00007fff22ba0000 - 0x00007fff22bb2000 	C:\WINDOWS\System32\winrnr.dll
0x00007fff31870000 - 0x00007fff3187a000 	C:\Windows\System32\rasadhlp.dll
0x00007fff30710000 - 0x00007fff30790000 	C:\WINDOWS\System32\fwpuclnt.dll
0x00007fff32760000 - 0x00007fff32777000 	C:\WINDOWS\SYSTEM32\dhcpcsvc6.DLL
0x00007fff32740000 - 0x00007fff3275d000 	C:\WINDOWS\SYSTEM32\dhcpcsvc.DLL
0x0000000180000000 - 0x0000000180374000 	D:\JAVA\Tomcat\apache-tomcat-9.0.87-windows-x64\apache-tomcat-9.0.87\bin\tcnative-1.dll
0x00007fff37790000 - 0x00007fff378ee000 	C:\WINDOWS\System32\CRYPT32.dll

VM Arguments:
jvm_args: -agentlib:jdwp=transport=dt_socket,address=127.0.0.1:59043,suspend=y,server=n -ea -Didea.test.cyclic.buffer.size=1048576 -javaagent:C:\Users\Bo\AppData\Local\JetBrains\IntelliJIdea2023.1\captureAgent\debugger-agent.jar -Dfile.encoding=UTF-8 
java_command: com.intellij.rt.junit.JUnitStarter -ideVersion5 -junit5 service.com.bopao.UserServiceTest,searchUsersByTags
java_class_path (initial): C:\Users\Bo\.m2\repository\org\junit\platform\junit-platform-launcher\1.8.2\junit-platform-launcher-1.8.2.jar;C:\Users\Bo\.m2\repository\org\junit\platform\junit-platform-engine\1.8.2\junit-platform-engine-1.8.2.jar;C:\Users\Bo\.m2\repository\org\opentest4j\opentest4j\1.2.0\opentest4j-1.2.0.jar;C:\Users\Bo\.m2\repository\org\junit\platform\junit-platform-commons\1.8.2\junit-platform-commons-1.8.2.jar;C:\Users\Bo\.m2\repository\org\apiguardian\apiguardian-api\1.1.2\apiguardian-api-1.1.2.jar;C:\Users\Bo\.m2\repository\org\junit\vintage\junit-vintage-engine\5.8.2\junit-vintage-engine-5.8.2.jar;D:\JAVA\IDEA\IntelliJ IDEA 2023.1\lib\idea_rt.jar;D:\JAVA\IDEA\IntelliJ IDEA 2023.1\plugins\junit\lib\junit5-rt.jar;D:\JAVA\IDEA\IntelliJ IDEA 2023.1\plugins\junit\lib\junit-rt.jar;D:\JAVA\JDK\jre\lib\charsets.jar;D:\JAVA\JDK\jre\lib\deploy.jar;D:\JAVA\JDK\jre\lib\ext\access-bridge-64.jar;D:\JAVA\JDK\jre\lib\ext\cldrdata.jar;D:\JAVA\JDK\jre\lib\ext\dnsns.jar;D:\JAVA\JDK\jre\lib\ext\jaccess.jar;D:\JAVA\JDK\jre\lib\ext\jfxrt.jar;D:\JAVA\JDK\jre\lib\ext\localedata.jar;D:\JAVA\JDK\jre\lib\ext\nashorn.jar;D:\JAVA\JDK\jre\lib\ext\sunec.jar;D:\JAVA\JDK\jre\lib\ext\sunjce_provider.jar;D:\JAVA\JDK\jre\lib\ext\sunmscapi.jar;D:\JAVA\JDK\jre\lib\ext\sunpkcs11.jar;D:\JAVA\JDK\jre\lib\ext\zipfs.jar;D:\JAVA\JDK\jre\lib\javaws.jar;D:\JAVA\JDK\jre\lib\jce.jar;D:\JAVA\JDK\jre\lib\jfr.jar;D:\JAVA\JDK\jre\lib\jfxswt.jar;D:\JAVA\JDK\jre\lib\jsse.jar;D:\JAVA\JDK\jre\lib\management-agent.jar;D:\JAVA\JDK\jre\lib\plugin.jar;D:\JAVA\JDK\jre\lib\resources.jar;D:\JAVA\JDK\jre\lib\rt.jar;D:\JAVA\SpringBoot\BoPao\bopao-backend\user-center-backend-master\target\test-classes;D:\JAVA\SpringBoot\BoPao\bopao-backend\user-center-backend-master\target\classes;D:\Maven\localRespository\com\google\code\gson\gson\2.10.1\gson-2.10.1.jar;D:\Maven\localRespository\org\springframework\boot\spring-boot-starter-web\2.6.4\spring-boot-starter-web-2.6.4.jar;D:\Maven\localRespository\org\springframew
Launcher Type: SUN_STANDARD

Environment Variables:
JAVA_HOME=D:\JAVA\JDK
CLASSPATH=.;D:\JAVA\JDK\lib;D:\JAVA\JDK\lib\tools.jar
PATH=D:\Linux\VMware\bin\;C:\WINDOWS\system32;C:\WINDOWS;C:\WINDOWS\System32\Wbem;C:\WINDOWS\System32\WindowsPowerShell\v1.0\;C:\WINDOWS\System32\OpenSSH\;D:\MYSQL\mysql-8.3.0-winx64\mysql-8.3.0;D:\MYSQL\mysql-8.3.0-winx64\mysql-8.3.0\bin;D:\JAVA\JDK\bin;D:\Git\Notepad++;D:\Git\Git\cmd;D:\JAVA\Tomcat\apache-tomcat-9.0.87-windows-x64\apache-tomcat-9.0.87\bin;D:\JAVA\Tomcat\apache-tomcat-9.0.87-windows-x64\apache-tomcat-9.0.87\lib;D:\NVM\nvm;D:\NVM\nodejs;D:\NVM\nvm\node_global;D:\XShell\;D:\Redis\Redis-x64-5.0.14.1;D:\Eralng\erl9.2\bin;D:\Anaconda\Anaconda3;D:\Anaconda\Anaconda3\Library\mingw-w64\bin;D:\Anaconda\Anaconda3\Library\usr\bin;D:\Anaconda\Anaconda3\Library\bin;D:\Anaconda\Anaconda3\Scripts;C:\Users\Bo\AppData\Local\Microsoft\WindowsApps;D:\BandiZip\;D:\JAVA\IDEA\IntelliJ IDEA 2023.1\bin;;D:\MYSQL\DataGrip\DataGrip 2023.1\bin;;D:\VScode\Local\Microsoft VS Code\bin;D:\pycharm\PyCharm 2023.1\bin;;D:\Maven\apache-maven-3.9.6\bin;D:\WebStorm\WebStorm 2023.1\bin;;D:\NVM\nvm;D:\NVM\nodejs;D:\NVM\nvm\node_global;
USERNAME=Bo
OS=Windows_NT
PROCESSOR_IDENTIFIER=AMD64 Family 25 Model 80 Stepping 0, AuthenticAMD



---------------  S Y S T E M  ---------------

OS: Windows 10.0 , 64 bit Build 19041 (10.0.19041.4597)

CPU:total 16 (initial active 16) (16 cores per cpu, 1 threads per core) family 25 model 80 stepping 0, cmov, cx8, fxsr, mmx, sse, sse2, sse3, ssse3, sse4.1, sse4.2, popcnt, avx, avx2, aes, clmul, erms, mmxext, 3dnowpref, lzcnt, sse4a, tsc, tscinvbit, tscinv, bmi1

Memory: 4k page, physical 16101436k(1182976k free), swap 28684348k(9680k free)

vm_info: Java HotSpot(TM) 64-Bit Server VM (25.162-b12) for windows-amd64 JRE (1.8.0_162-b12), built on Dec 19 2017 20:00:03 by "java_re" with MS VC++ 10.0 (VS2010)

time: Sat Aug 17 15:51:59 2024
elapsed time: 3 seconds (0d 0h 0m 3s)

