#
# There is insufficient memory for the Java Runtime Environment to continue.
# Native memory allocation (malloc) failed to allocate 784128 bytes for Chunk::new
# Possible reasons:
#   The system is out of physical RAM or swap space
#   In 32 bit mode, the process size limit was hit
# Possible solutions:
#   Reduce memory load on the system
#   Increase physical memory or swap space
#   Check if swap backing store is full
#   Use 64 bit Java on a 64 bit OS
#   Decrease Java heap size (-Xmx/-Xms)
#   Decrease number of Java threads
#   Decrease Java thread stack sizes (-Xss)
#   Set larger code cache with -XX:ReservedCodeCacheSize=
# This output file may be truncated or incomplete.
#
#  Out of Memory Error (allocation.cpp:390), pid=21940, tid=0x0000000000000758
#
# JRE version: Java(TM) SE Runtime Environment (8.0_162-b12) (build 1.8.0_162-b12)
# Java VM: Java HotSpot(TM) 64-Bit Server VM (25.162-b12 mixed mode windows-amd64 compressed oops)
# Failed to write core dump. Minidumps are not enabled by default on client versions of Windows
#

---------------  T H R E A D  ---------------

Current thread (0x000000001e6c4000):  JavaThread "C2 CompilerThread6" daemon [_thread_in_native, id=1880, stack(0x0000000020880000,0x0000000020980000)]

Stack: [0x0000000020880000,0x0000000020980000]
[error occurred during error reporting (printing stack bounds), id 0xc0000005]

Native frames: (J=compiled Java code, j=interpreted, Vv=VM code, C=native code)


Current CompileTask:
C2:   3264 3911       4       org.springframework.core.annotation.TypeMappedAnnotations::get (52 bytes)


---------------  P R O C E S S  ---------------

Java Threads: ( => current thread )
  0x0000000023189800 JavaThread "mysql-cj-abandoned-connection-cleanup" daemon [_thread_blocked, id=3592, stack(0x00000000243d0000,0x00000000244d0000)]
  0x000000001e7df800 JavaThread "Service Thread" daemon [_thread_blocked, id=6268, stack(0x0000000020f80000,0x0000000021080000)]
  0x000000001e749000 JavaThread "C1 CompilerThread11" daemon [_thread_blocked, id=8236, stack(0x0000000020e80000,0x0000000020f80000)]
  0x000000001e734000 JavaThread "C1 CompilerThread10" daemon [_thread_blocked, id=1252, stack(0x0000000020d80000,0x0000000020e80000)]
  0x000000001e6db000 JavaThread "C1 CompilerThread9" daemon [_thread_blocked, id=24628, stack(0x0000000020c80000,0x0000000020d80000)]
  0x000000001e6ca800 JavaThread "C1 CompilerThread8" daemon [_thread_blocked, id=11716, stack(0x0000000020b80000,0x0000000020c80000)]
  0x000000001e6c6800 JavaThread "C2 CompilerThread7" daemon [_thread_in_native, id=21360, stack(0x0000000020980000,0x0000000020a80000)]
=>0x000000001e6c4000 JavaThread "C2 CompilerThread6" daemon [_thread_in_native, id=1880, stack(0x0000000020880000,0x0000000020980000)]
  0x000000001e6c3000 JavaThread "C2 CompilerThread5" daemon [_thread_in_native, id=23448, stack(0x0000000020780000,0x0000000020880000)]
  0x000000001e6ae800 JavaThread "C2 CompilerThread4" daemon [_thread_in_native, id=12428, stack(0x0000000020680000,0x0000000020780000)]
  0x000000001e6ab800 JavaThread "C2 CompilerThread3" daemon [_thread_in_native, id=27188, stack(0x0000000020580000,0x0000000020680000)]
  0x000000001e6ab000 JavaThread "C2 CompilerThread2" daemon [_thread_in_vm, id=8720, stack(0x0000000020480000,0x0000000020580000)]
  0x000000001e6a8000 JavaThread "C2 CompilerThread1" daemon [_thread_in_native, id=12148, stack(0x0000000020380000,0x0000000020480000)]
  0x000000001e6a1800 JavaThread "C2 CompilerThread0" daemon [_thread_in_native, id=29656, stack(0x0000000020280000,0x0000000020380000)]
  0x000000001e69f800 JavaThread "Monitor Ctrl-Break" daemon [_thread_in_native, id=6740, stack(0x0000000020180000,0x0000000020280000)]
  0x000000001e5f1800 JavaThread "Attach Listener" daemon [_thread_blocked, id=10360, stack(0x0000000020080000,0x0000000020180000)]
  0x000000001e648000 JavaThread "Signal Dispatcher" daemon [_thread_blocked, id=2736, stack(0x000000001ff80000,0x0000000020080000)]
  0x000000001e5c6800 JavaThread "Finalizer" daemon [_thread_blocked, id=18540, stack(0x000000001fe20000,0x000000001ff20000)]
  0x000000001cb41800 JavaThread "Reference Handler" daemon [_thread_blocked, id=22676, stack(0x000000001fd20000,0x000000001fe20000)]
  0x0000000002eb7000 JavaThread "main" [_thread_in_vm, id=25876, stack(0x0000000002db0000,0x0000000002eb0000)]

Other Threads:
  0x000000001e5a3000 VMThread [stack: 0x000000001fc20000,0x000000001fd20000] [id=3236]
  0x000000001e851800 WatcherThread [stack: 0x0000000021080000,0x0000000021180000] [id=21208]

VM state:not at safepoint (normal execution)

VM Mutex/Monitor currently owned by a thread: None

Heap:
 PSYoungGen      total 162816K, used 93963K [0x000000076e180000, 0x000000077b300000, 0x00000007c0000000)
  eden space 153088K, 61% used [0x000000076e180000,0x0000000773d42f30,0x0000000777700000)
  from space 9728K, 0% used [0x0000000778080000,0x0000000778080000,0x0000000778a00000)
  to   space 9728K, 0% used [0x0000000777700000,0x0000000777700000,0x0000000778080000)
 ParOldGen       total 98304K, used 11731K [0x00000006ca400000, 0x00000006d0400000, 0x000000076e180000)
  object space 98304K, 11% used [0x00000006ca400000,0x00000006caf74da0,0x00000006d0400000)
 Metaspace       used 36085K, capacity 39026K, committed 39168K, reserved 1083392K
  class space    used 4756K, capacity 5255K, committed 5376K, reserved 1048576K

Card table byte_map: [0x00000000124f0000,0x0000000012ca0000] byte_map_base: 0x000000000ee9e000

Marking Bits: (ParMarkBitMap*) 0x0000000068050860
 Begin Bits: [0x0000000013ec0000, 0x0000000017c30000)
 End Bits:   [0x0000000017c30000, 0x000000001b9a0000)

Polling page: 0x0000000000be0000

CodeCache: size=245760Kb used=16375Kb max_used=16393Kb free=229384Kb
 bounds [0x0000000003130000, 0x0000000004140000, 0x0000000012130000]
 total_blobs=4481 nmethods=4056 adapters=335
 compilation: enabled

Compilation events (10 events):
Event: 3.250 Thread 0x000000001e6ca800 4060       3       java.beans.Introspector::getBeanInfo (54 bytes)
Event: 3.250 Thread 0x000000001e749000 4061       3       org.springframework.beans.ExtendedBeanInfoFactory::getBeanInfo (24 bytes)
Event: 3.250 Thread 0x000000001e6ca800 nmethod 4060 0x000000000412b750 code [0x000000000412b900, 0x000000000412bc48]
Event: 3.250 Thread 0x000000001e749000 nmethod 4061 0x000000000412bdd0 code [0x000000000412bf60, 0x000000000412c208]
Event: 3.250 Thread 0x000000001e6db000 4062       3       java.beans.BeanDescriptor::<init> (56 bytes)
Event: 3.250 Thread 0x000000001e734000 4063       3       java.beans.Introspector::getBeanInfo (33 bytes)
Event: 3.251 Thread 0x000000001e734000 nmethod 4063 0x000000000412c310 code [0x000000000412c4a0, 0x000000000412c788]
Event: 3.251 Thread 0x000000001e6db000 nmethod 4062 0x000000000412c890 code [0x000000000412cac0, 0x000000000412d898]
Event: 3.252 Thread 0x000000001e6ca800 4064       3       org.springframework.util.ReflectionUtils::findConcreteMethodsOnInterfaces (100 bytes)
Event: 3.253 Thread 0x000000001e6ca800 nmethod 4064 0x000000000412de50 code [0x000000000412e060, 0x000000000412ea98]

GC Heap History (10 events):
Event: 1.451 GC heap before
{Heap before GC invocations=4 (full 1):
 PSYoungGen      total 73728K, used 7187K [0x000000076e180000, 0x0000000777180000, 0x00000007c0000000)
  eden space 63488K, 0% used [0x000000076e180000,0x000000076e180000,0x0000000771f80000)
  from space 10240K, 70% used [0x0000000771f80000,0x0000000772684fb8,0x0000000772980000)
  to   space 10240K, 0% used [0x0000000776780000,0x0000000776780000,0x0000000777180000)
 ParOldGen       total 167936K, used 40K [0x00000006ca400000, 0x00000006d4800000, 0x000000076e180000)
  object space 167936K, 0% used [0x00000006ca400000,0x00000006ca40a000,0x00000006d4800000)
 Metaspace       used 19610K, capacity 21190K, committed 21296K, reserved 1067008K
  class space    used 2563K, capacity 2857K, committed 2944K, reserved 1048576K
Event: 1.468 GC heap after
Heap after GC invocations=4 (full 1):
 PSYoungGen      total 73728K, used 0K [0x000000076e180000, 0x0000000777180000, 0x00000007c0000000)
  eden space 63488K, 0% used [0x000000076e180000,0x000000076e180000,0x0000000771f80000)
  from space 10240K, 0% used [0x0000000771f80000,0x0000000771f80000,0x0000000772980000)
  to   space 10240K, 0% used [0x0000000776780000,0x0000000776780000,0x0000000777180000)
 ParOldGen       total 98304K, used 6838K [0x00000006ca400000, 0x00000006d0400000, 0x000000076e180000)
  object space 98304K, 6% used [0x00000006ca400000,0x00000006caaad890,0x00000006d0400000)
 Metaspace       used 19610K, capacity 21190K, committed 21296K, reserved 1067008K
  class space    used 2563K, capacity 2857K, committed 2944K, reserved 1048576K
}
Event: 1.761 GC heap before
{Heap before GC invocations=5 (full 1):
 PSYoungGen      total 73728K, used 63488K [0x000000076e180000, 0x0000000777180000, 0x00000007c0000000)
  eden space 63488K, 100% used [0x000000076e180000,0x0000000771f80000,0x0000000771f80000)
  from space 10240K, 0% used [0x0000000771f80000,0x0000000771f80000,0x0000000772980000)
  to   space 10240K, 0% used [0x0000000776780000,0x0000000776780000,0x0000000777180000)
 ParOldGen       total 98304K, used 6838K [0x00000006ca400000, 0x00000006d0400000, 0x000000076e180000)
  object space 98304K, 6% used [0x00000006ca400000,0x00000006caaad890,0x00000006d0400000)
 Metaspace       used 24611K, capacity 26430K, committed 26752K, reserved 1073152K
  class space    used 3234K, capacity 3585K, committed 3712K, reserved 1048576K
Event: 1.766 GC heap after
Heap after GC invocations=5 (full 1):
 PSYoungGen      total 107008K, used 7501K [0x000000076e180000, 0x0000000776f00000, 0x00000007c0000000)
  eden space 99328K, 0% used [0x000000076e180000,0x000000076e180000,0x0000000774280000)
  from space 7680K, 97% used [0x0000000776780000,0x0000000776ed3608,0x0000000776f00000)
  to   space 10240K, 0% used [0x0000000775b00000,0x0000000775b00000,0x0000000776500000)
 ParOldGen       total 98304K, used 6846K [0x00000006ca400000, 0x00000006d0400000, 0x000000076e180000)
  object space 98304K, 6% used [0x00000006ca400000,0x00000006caaaf890,0x00000006d0400000)
 Metaspace       used 24611K, capacity 26430K, committed 26752K, reserved 1073152K
  class space    used 3234K, capacity 3585K, committed 3712K, reserved 1048576K
}
Event: 2.261 GC heap before
{Heap before GC invocations=6 (full 1):
 PSYoungGen      total 107008K, used 106829K [0x000000076e180000, 0x0000000776f00000, 0x00000007c0000000)
  eden space 99328K, 100% used [0x000000076e180000,0x0000000774280000,0x0000000774280000)
  from space 7680K, 97% used [0x0000000776780000,0x0000000776ed3608,0x0000000776f00000)
  to   space 10240K, 0% used [0x0000000775b00000,0x0000000775b00000,0x0000000776500000)
 ParOldGen       total 98304K, used 6846K [0x00000006ca400000, 0x00000006d0400000, 0x000000076e180000)
  object space 98304K, 6% used [0x00000006ca400000,0x00000006caaaf890,0x00000006d0400000)
 Metaspace       used 29413K, capacity 31690K, committed 31744K, reserved 1077248K
  class space    used 3882K, capacity 4309K, committed 4352K, reserved 1048576K
Event: 2.267 GC heap after
Heap after GC invocations=6 (full 1):
 PSYoungGen      total 134656K, used 9239K [0x000000076e180000, 0x0000000778a00000, 0x00000007c0000000)
  eden space 124416K, 0% used [0x000000076e180000,0x000000076e180000,0x0000000775b00000)
  from space 10240K, 90% used [0x0000000775b00000,0x0000000776405c58,0x0000000776500000)
  to   space 9728K, 0% used [0x0000000778080000,0x0000000778080000,0x0000000778a00000)
 ParOldGen       total 98304K, used 6854K [0x00000006ca400000, 0x00000006d0400000, 0x000000076e180000)
  object space 98304K, 6% used [0x00000006ca400000,0x00000006caab1890,0x00000006d0400000)
 Metaspace       used 29413K, capacity 31690K, committed 31744K, reserved 1077248K
  class space    used 3882K, capacity 4309K, committed 4352K, reserved 1048576K
}
Event: 2.490 GC heap before
{Heap before GC invocations=7 (full 1):
 PSYoungGen      total 134656K, used 44975K [0x000000076e180000, 0x0000000778a00000, 0x00000007c0000000)
  eden space 124416K, 28% used [0x000000076e180000,0x0000000770466198,0x0000000775b00000)
  from space 10240K, 90% used [0x0000000775b00000,0x0000000776405c58,0x0000000776500000)
  to   space 9728K, 0% used [0x0000000778080000,0x0000000778080000,0x0000000778a00000)
 ParOldGen       total 98304K, used 6854K [0x00000006ca400000, 0x00000006d0400000, 0x000000076e180000)
  object space 98304K, 6% used [0x00000006ca400000,0x00000006caab1890,0x00000006d0400000)
 Metaspace       used 33075K, capacity 35420K, committed 35496K, reserved 1079296K
  class space    used 4369K, capacity 4820K, committed 4864K, reserved 1048576K
Event: 2.495 GC heap after
Heap after GC invocations=7 (full 1):
 PSYoungGen      total 162816K, used 6809K [0x000000076e180000, 0x000000077b300000, 0x00000007c0000000)
  eden space 153088K, 0% used [0x000000076e180000,0x000000076e180000,0x0000000777700000)
  from space 9728K, 70% used [0x0000000778080000,0x0000000778726788,0x0000000778a00000)
  to   space 9728K, 0% used [0x0000000777700000,0x0000000777700000,0x0000000778080000)
 ParOldGen       total 98304K, used 6926K [0x00000006ca400000, 0x00000006d0400000, 0x000000076e180000)
  object space 98304K, 7% used [0x00000006ca400000,0x00000006caac38a0,0x00000006d0400000)
 Metaspace       used 33075K, capacity 35420K, committed 35496K, reserved 1079296K
  class space    used 4369K, capacity 4820K, committed 4864K, reserved 1048576K
}
Event: 2.495 GC heap before
{Heap before GC invocations=8 (full 2):
 PSYoungGen      total 162816K, used 6809K [0x000000076e180000, 0x000000077b300000, 0x00000007c0000000)
  eden space 153088K, 0% used [0x000000076e180000,0x000000076e180000,0x0000000777700000)
  from space 9728K, 70% used [0x0000000778080000,0x0000000778726788,0x0000000778a00000)
  to   space 9728K, 0% used [0x0000000777700000,0x0000000777700000,0x0000000778080000)
 ParOldGen       total 98304K, used 6926K [0x00000006ca400000, 0x00000006d0400000, 0x000000076e180000)
  object space 98304K, 7% used [0x00000006ca400000,0x00000006caac38a0,0x00000006d0400000)
 Metaspace       used 33075K, capacity 35420K, committed 35496K, reserved 1079296K
  class space    used 4369K, capacity 4820K, committed 4864K, reserved 1048576K
Event: 2.519 GC heap after
Heap after GC invocations=8 (full 2):
 PSYoungGen      total 162816K, used 0K [0x000000076e180000, 0x000000077b300000, 0x00000007c0000000)
  eden space 153088K, 0% used [0x000000076e180000,0x000000076e180000,0x0000000777700000)
  from space 9728K, 0% used [0x0000000778080000,0x0000000778080000,0x0000000778a00000)
  to   space 9728K, 0% used [0x0000000777700000,0x0000000777700000,0x0000000778080000)
 ParOldGen       total 98304K, used 11731K [0x00000006ca400000, 0x00000006d0400000, 0x000000076e180000)
  object space 98304K, 11% used [0x00000006ca400000,0x00000006caf74da0,0x00000006d0400000)
 Metaspace       used 33075K, capacity 35420K, committed 35496K, reserved 1079296K
  class space    used 4369K, capacity 4820K, committed 4864K, reserved 1048576K
}

Deoptimization events (10 events):
Event: 2.880 Thread 0x0000000002eb7000 Uncommon trap: reason=class_check action=maybe_recompile pc=0x0000000003e4a804 method=org.springframework.beans.factory.support.AbstractBeanFactory.isTypeMatch(Ljava/lang/String;Lorg/springframework/core/ResolvableType;Z)Z @ 53
Event: 2.967 Thread 0x0000000002eb7000 Uncommon trap: reason=unstable_if action=reinterpret pc=0x0000000003f5832c method=org.springframework.aop.framework.autoproxy.AbstractAutoProxyCreator.predictBeanType(Ljava/lang/Class;Ljava/lang/String;)Ljava/lang/Class; @ 9
Event: 2.967 Thread 0x0000000002eb7000 Uncommon trap: reason=class_check action=maybe_recompile pc=0x0000000003e4a804 method=org.springframework.beans.factory.support.AbstractBeanFactory.isTypeMatch(Ljava/lang/String;Lorg/springframework/core/ResolvableType;Z)Z @ 53
Event: 2.968 Thread 0x0000000002eb7000 Uncommon trap: reason=class_check action=maybe_recompile pc=0x0000000003e4a804 method=org.springframework.beans.factory.support.AbstractBeanFactory.isTypeMatch(Ljava/lang/String;Lorg/springframework/core/ResolvableType;Z)Z @ 53
Event: 2.979 Thread 0x0000000002eb7000 Uncommon trap: reason=class_check action=maybe_recompile pc=0x0000000003f0e170 method=java.util.regex.Pattern$Start.match(Ljava/util/regex/Matcher;ILjava/lang/CharSequence;)Z @ 44
Event: 3.003 Thread 0x0000000002eb7000 Uncommon trap: reason=unstable_if action=reinterpret pc=0x0000000004033f54 method=java.util.concurrent.ConcurrentHashMap.putVal(Ljava/lang/Object;Ljava/lang/Object;Z)Ljava/lang/Object; @ 331
Event: 3.038 Thread 0x0000000002eb7000 Uncommon trap: reason=unstable_if action=reinterpret pc=0x0000000003de2ba8 method=java.lang.Class.searchMethods([Ljava/lang/reflect/Method;Ljava/lang/String;[Ljava/lang/Class;)Ljava/lang/reflect/Method; @ 47
Event: 3.218 Thread 0x0000000002eb7000 Uncommon trap: reason=unstable_if action=reinterpret pc=0x00000000037edc34 method=java.util.concurrent.ConcurrentHashMap.transfer([Ljava/util/concurrent/ConcurrentHashMap$Node;[Ljava/util/concurrent/ConcurrentHashMap$Node;)V @ 356
Event: 3.219 Thread 0x0000000002eb7000 Uncommon trap: reason=unstable_if action=reinterpret pc=0x00000000037dbcec method=java.util.concurrent.ConcurrentHashMap.transfer([Ljava/util/concurrent/ConcurrentHashMap$Node;[Ljava/util/concurrent/ConcurrentHashMap$Node;)V @ 356
Event: 3.241 Thread 0x0000000002eb7000 Uncommon trap: reason=unstable_if action=reinterpret pc=0x0000000003bdd5dc method=java.lang.invoke.MethodType.checkPtypes([Ljava/lang/Class;)I @ 40

Classes redefined (0 events):
No events

Internal exceptions (10 events):
Event: 3.250 Thread 0x0000000002eb7000 Exception <a 'java/lang/ClassNotFoundException': org/springframework/beans/factory/AwareCustomizer> (0x0000000773944ee8) thrown at [C:\re\workspace\8-2-build-windows-amd64-cygwin\jdk8u162\10278\hotspot\src\share\vm\classfile\systemDictionary.cpp, line 210
Event: 3.250 Thread 0x0000000002eb7000 Exception <a 'java/lang/ClassNotFoundException': org/springframework/beans/factory/InitializingBeanCustomizer> (0x0000000773962ba0) thrown at [C:\re\workspace\8-2-build-windows-amd64-cygwin\jdk8u162\10278\hotspot\src\share\vm\classfile\systemDictionary.cp
Event: 3.250 Thread 0x0000000002eb7000 Exception <a 'java/lang/ClassNotFoundException': org/springframework/beans/factory/DisposableBeanCustomizer> (0x000000077397fd88) thrown at [C:\re\workspace\8-2-build-windows-amd64-cygwin\jdk8u162\10278\hotspot\src\share\vm\classfile\systemDictionary.cpp,
Event: 3.250 Thread 0x0000000002eb7000 Exception <a 'java/lang/ClassNotFoundException': java/util/concurrent/ThreadFactoryCustomizer> (0x000000077398d5d0) thrown at [C:\re\workspace\8-2-build-windows-amd64-cygwin\jdk8u162\10278\hotspot\src\share\vm\classfile\systemDictionary.cpp, line 210]
Event: 3.259 Thread 0x0000000002eb7000 Exception <a 'java/lang/ClassNotFoundException': java/lang/ObjectCustomizer> (0x0000000773a50620) thrown at [C:\re\workspace\8-2-build-windows-amd64-cygwin\jdk8u162\10278\hotspot\src\share\vm\classfile\systemDictionary.cpp, line 210]
Event: 3.259 Thread 0x0000000002eb7000 Exception <a 'java/lang/ClassNotFoundException': org/springframework/context/support/ApplicationObjectSupportCustomizer> (0x0000000773a74520) thrown at [C:\re\workspace\8-2-build-windows-amd64-cygwin\jdk8u162\10278\hotspot\src\share\vm\classfile\systemDic
Event: 3.260 Thread 0x0000000002eb7000 Exception <a 'java/lang/ClassNotFoundException': org/springframework/web/context/support/WebApplicationObjectSupportCustomizer> (0x0000000773a9b8a0) thrown at [C:\re\workspace\8-2-build-windows-amd64-cygwin\jdk8u162\10278\hotspot\src\share\vm\classfile\sy
Event: 3.260 Thread 0x0000000002eb7000 Exception <a 'java/lang/ClassNotFoundException': org/springframework/web/servlet/support/WebContentGeneratorCustomizer> (0x0000000773abdf88) thrown at [C:\re\workspace\8-2-build-windows-amd64-cygwin\jdk8u162\10278\hotspot\src\share\vm\classfile\systemDict
Event: 3.261 Thread 0x0000000002eb7000 Exception <a 'java/lang/ClassNotFoundException': org/springframework/web/servlet/mvc/method/AbstractHandlerMethodAdapterCustomizer> (0x0000000773b02600) thrown at [C:\re\workspace\8-2-build-windows-amd64-cygwin\jdk8u162\10278\hotspot\src\share\vm\classfil
Event: 3.261 Thread 0x0000000002eb7000 Exception <a 'java/lang/ClassNotFoundException': org/springframework/web/servlet/mvc/method/annotation/RequestMappingHandlerAdapterCustomizer> (0x0000000773b32210) thrown at [C:\re\workspace\8-2-build-windows-amd64-cygwin\jdk8u162\10278\hotspot\src\share\

Events (10 events):
Event: 3.261 loading class org/springframework/web/servlet/mvc/method/AbstractHandlerMethodAdapterCustomizer
Event: 3.261 loading class org/springframework/web/servlet/mvc/method/AbstractHandlerMethodAdapterCustomizer done
Event: 3.261 loading class org/springframework/web/servlet/mvc/method/annotation/RequestMappingHandlerAdapterCustomizer
Event: 3.261 loading class org/springframework/web/servlet/mvc/method/annotation/RequestMappingHandlerAdapterCustomizer done
Event: 3.261 loading class org/springframework/web/servlet/mvc/method/annotation/RequestMappingHandlerAdapterCustomizer
Event: 3.261 loading class org/springframework/web/servlet/mvc/method/annotation/RequestMappingHandlerAdapterCustomizer done
Event: 3.261 loading class org/springframework/web/servlet/mvc/method/annotation/RequestMappingHandlerAdapterCustomizer
Event: 3.261 loading class org/springframework/web/servlet/mvc/method/annotation/RequestMappingHandlerAdapterCustomizer done
Event: 3.262 loading class org/springframework/web/servlet/mvc/annotation/ModelAndViewResolver
Event: 3.262 loading class org/springframework/web/servlet/mvc/annotation/ModelAndViewResolver done


Dynamic libraries:
0x00007ff6d87a0000 - 0x00007ff6d87d7000 	D:\JAVA\JDK\bin\java.exe
0x00007fff3a030000 - 0x00007fff3a228000 	C:\WINDOWS\SYSTEM32\ntdll.dll
0x00007fff39610000 - 0x00007fff396d1000 	C:\WINDOWS\System32\KERNEL32.DLL
0x00007fff37cd0000 - 0x00007fff37fc6000 	C:\WINDOWS\System32\KERNELBASE.dll
0x00007fff38060000 - 0x00007fff38110000 	C:\WINDOWS\System32\ADVAPI32.dll
0x00007fff38ea0000 - 0x00007fff38f3e000 	C:\WINDOWS\System32\msvcrt.dll
0x00007fff39890000 - 0x00007fff39930000 	C:\WINDOWS\System32\sechost.dll
0x00007fff39c70000 - 0x00007fff39d93000 	C:\WINDOWS\System32\RPCRT4.dll
0x00007fff37a60000 - 0x00007fff37a87000 	C:\WINDOWS\System32\bcrypt.dll
0x00007fff39a60000 - 0x00007fff39bff000 	C:\WINDOWS\System32\USER32.dll
0x00007fff37ca0000 - 0x00007fff37cc2000 	C:\WINDOWS\System32\win32u.dll
0x00007fff39f50000 - 0x00007fff39f7b000 	C:\WINDOWS\System32\GDI32.dll
0x00007fff37940000 - 0x00007fff37a57000 	C:\WINDOWS\System32\gdi32full.dll
0x00007fff37a90000 - 0x00007fff37b2d000 	C:\WINDOWS\System32\msvcp_win.dll
0x00007fff37b30000 - 0x00007fff37c30000 	C:\WINDOWS\System32\ucrtbase.dll
0x00007fff22760000 - 0x00007fff229fa000 	C:\WINDOWS\WinSxS\amd64_microsoft.windows.common-controls_6595b64144ccf1df_6.0.19041.4355_none_60b8b9eb71f62e16\COMCTL32.dll
0x00007fff39020000 - 0x00007fff3904f000 	C:\WINDOWS\System32\IMM32.DLL
0x00000000680d0000 - 0x00000000681a1000 	D:\JAVA\JDK\jre\bin\msvcr100.dll
0x0000000067830000 - 0x00000000680d0000 	D:\JAVA\JDK\jre\bin\server\jvm.dll
0x00007fff39010000 - 0x00007fff39018000 	C:\WINDOWS\System32\PSAPI.DLL
0x00007fff2bdf0000 - 0x00007fff2bdfa000 	C:\WINDOWS\SYSTEM32\VERSION.dll
0x00007fff35290000 - 0x00007fff352b7000 	C:\WINDOWS\SYSTEM32\WINMM.dll
0x00007fff1b010000 - 0x00007fff1b019000 	C:\WINDOWS\SYSTEM32\WSOCK32.dll
0x00007fff39f80000 - 0x00007fff39feb000 	C:\WINDOWS\System32\WS2_32.dll
0x0000000067820000 - 0x000000006782f000 	D:\JAVA\JDK\jre\bin\verify.dll
0x00000000677f0000 - 0x0000000067819000 	D:\JAVA\JDK\jre\bin\java.dll
0x0000000067710000 - 0x0000000067733000 	D:\JAVA\JDK\jre\bin\instrument.dll
0x00000000677d0000 - 0x00000000677e6000 	D:\JAVA\JDK\jre\bin\zip.dll
0x00007fff38190000 - 0x00007fff388fc000 	C:\WINDOWS\System32\SHELL32.dll
0x00007fff35760000 - 0x00007fff35efe000 	C:\WINDOWS\SYSTEM32\windows.storage.dll
0x00007fff389b0000 - 0x00007fff38d03000 	C:\WINDOWS\System32\combase.dll
0x00007fff37090000 - 0x00007fff370be000 	C:\WINDOWS\SYSTEM32\Wldp.dll
0x00007fff38f40000 - 0x00007fff3900d000 	C:\WINDOWS\System32\OLEAUT32.dll
0x00007fff38900000 - 0x00007fff389ad000 	C:\WINDOWS\System32\SHCORE.dll
0x00007fff39550000 - 0x00007fff395a5000 	C:\WINDOWS\System32\shlwapi.dll
0x00007fff37610000 - 0x00007fff37634000 	C:\WINDOWS\SYSTEM32\profapi.dll
0x00007fff20d70000 - 0x00007fff20d8a000 	D:\JAVA\IDEA\IntelliJ IDEA 2023.1\bin\breakgen64.dll
0x00000000677b0000 - 0x00000000677ca000 	D:\JAVA\JDK\jre\bin\net.dll
0x00007fff36df0000 - 0x00007fff36e5a000 	C:\WINDOWS\system32\mswsock.dll
0x00000000683a0000 - 0x00000000683b1000 	D:\JAVA\JDK\jre\bin\nio.dll
0x0000000068390000 - 0x000000006839d000 	D:\JAVA\JDK\jre\bin\management.dll
0x00007fff22d60000 - 0x00007fff22d77000 	C:\WINDOWS\system32\napinsp.dll
0x00007fff22d00000 - 0x00007fff22d1b000 	C:\WINDOWS\system32\pnrpnsp.dll
0x00007fff33a90000 - 0x00007fff33aa5000 	C:\WINDOWS\system32\wshbth.dll
0x00007fff33790000 - 0x00007fff337ad000 	C:\WINDOWS\system32\NLAapi.dll
0x00007fff36ad0000 - 0x00007fff36b0b000 	C:\WINDOWS\SYSTEM32\IPHLPAPI.DLL
0x00007fff36b10000 - 0x00007fff36bda000 	C:\WINDOWS\SYSTEM32\DNSAPI.dll
0x00007fff39c00000 - 0x00007fff39c08000 	C:\WINDOWS\System32\NSI.dll
0x00007fff22ba0000 - 0x00007fff22bb2000 	C:\WINDOWS\System32\winrnr.dll
0x00007fff31870000 - 0x00007fff3187a000 	C:\Windows\System32\rasadhlp.dll
0x00007fff30710000 - 0x00007fff30790000 	C:\WINDOWS\System32\fwpuclnt.dll
0x00007fff32760000 - 0x00007fff32777000 	C:\WINDOWS\SYSTEM32\dhcpcsvc6.DLL
0x00007fff32740000 - 0x00007fff3275d000 	C:\WINDOWS\SYSTEM32\dhcpcsvc.DLL
0x0000000180000000 - 0x0000000180374000 	D:\JAVA\Tomcat\apache-tomcat-9.0.87-windows-x64\apache-tomcat-9.0.87\bin\tcnative-1.dll
0x00007fff37790000 - 0x00007fff378ee000 	C:\WINDOWS\System32\CRYPT32.dll

VM Arguments:
jvm_args: -ea -Didea.test.cyclic.buffer.size=1048576 -javaagent:D:\JAVA\IDEA\IntelliJ IDEA 2023.1\lib\idea_rt.jar=57597:D:\JAVA\IDEA\IntelliJ IDEA 2023.1\bin -Dfile.encoding=UTF-8 
java_command: com.intellij.rt.junit.JUnitStarter -ideVersion5 -junit5 service.com.bopao.UserServiceTest,searchUsersByTags
java_class_path (initial): C:\Users\Bo\.m2\repository\org\junit\platform\junit-platform-launcher\1.8.2\junit-platform-launcher-1.8.2.jar;C:\Users\Bo\.m2\repository\org\junit\platform\junit-platform-engine\1.8.2\junit-platform-engine-1.8.2.jar;C:\Users\Bo\.m2\repository\org\opentest4j\opentest4j\1.2.0\opentest4j-1.2.0.jar;C:\Users\Bo\.m2\repository\org\junit\platform\junit-platform-commons\1.8.2\junit-platform-commons-1.8.2.jar;C:\Users\Bo\.m2\repository\org\apiguardian\apiguardian-api\1.1.2\apiguardian-api-1.1.2.jar;C:\Users\Bo\.m2\repository\org\junit\vintage\junit-vintage-engine\5.8.2\junit-vintage-engine-5.8.2.jar;D:\JAVA\IDEA\IntelliJ IDEA 2023.1\lib\idea_rt.jar;D:\JAVA\IDEA\IntelliJ IDEA 2023.1\plugins\junit\lib\junit5-rt.jar;D:\JAVA\IDEA\IntelliJ IDEA 2023.1\plugins\junit\lib\junit-rt.jar;D:\JAVA\JDK\jre\lib\charsets.jar;D:\JAVA\JDK\jre\lib\deploy.jar;D:\JAVA\JDK\jre\lib\ext\access-bridge-64.jar;D:\JAVA\JDK\jre\lib\ext\cldrdata.jar;D:\JAVA\JDK\jre\lib\ext\dnsns.jar;D:\JAVA\JDK\jre\lib\ext\jaccess.jar;D:\JAVA\JDK\jre\lib\ext\jfxrt.jar;D:\JAVA\JDK\jre\lib\ext\localedata.jar;D:\JAVA\JDK\jre\lib\ext\nashorn.jar;D:\JAVA\JDK\jre\lib\ext\sunec.jar;D:\JAVA\JDK\jre\lib\ext\sunjce_provider.jar;D:\JAVA\JDK\jre\lib\ext\sunmscapi.jar;D:\JAVA\JDK\jre\lib\ext\sunpkcs11.jar;D:\JAVA\JDK\jre\lib\ext\zipfs.jar;D:\JAVA\JDK\jre\lib\javaws.jar;D:\JAVA\JDK\jre\lib\jce.jar;D:\JAVA\JDK\jre\lib\jfr.jar;D:\JAVA\JDK\jre\lib\jfxswt.jar;D:\JAVA\JDK\jre\lib\jsse.jar;D:\JAVA\JDK\jre\lib\management-agent.jar;D:\JAVA\JDK\jre\lib\plugin.jar;D:\JAVA\JDK\jre\lib\resources.jar;D:\JAVA\JDK\jre\lib\rt.jar;D:\JAVA\SpringBoot\BoPao\bopao-backend\user-center-backend-master\target\test-classes;D:\JAVA\SpringBoot\BoPao\bopao-backend\user-center-backend-master\target\classes;D:\Maven\localRespository\com\google\code\gson\gson\2.10.1\gson-2.10.1.jar;D:\Maven\localRespository\org\springframework\boot\spring-boot-starter-web\2.6.4\spring-boot-starter-web-2.6.4.jar;D:\Maven\localRespository\org\springframew
Launcher Type: SUN_STANDARD

Environment Variables:
JAVA_HOME=D:\JAVA\JDK
CLASSPATH=.;D:\JAVA\JDK\lib;D:\JAVA\JDK\lib\tools.jar
PATH=D:\Linux\VMware\bin\;C:\WINDOWS\system32;C:\WINDOWS;C:\WINDOWS\System32\Wbem;C:\WINDOWS\System32\WindowsPowerShell\v1.0\;C:\WINDOWS\System32\OpenSSH\;D:\MYSQL\mysql-8.3.0-winx64\mysql-8.3.0;D:\MYSQL\mysql-8.3.0-winx64\mysql-8.3.0\bin;D:\JAVA\JDK\bin;D:\Git\Notepad++;D:\Git\Git\cmd;D:\JAVA\Tomcat\apache-tomcat-9.0.87-windows-x64\apache-tomcat-9.0.87\bin;D:\JAVA\Tomcat\apache-tomcat-9.0.87-windows-x64\apache-tomcat-9.0.87\lib;D:\NVM\nvm;D:\NVM\nodejs;D:\NVM\nvm\node_global;D:\XShell\;D:\Redis\Redis-x64-5.0.14.1;D:\Eralng\erl9.2\bin;D:\Anaconda\Anaconda3;D:\Anaconda\Anaconda3\Library\mingw-w64\bin;D:\Anaconda\Anaconda3\Library\usr\bin;D:\Anaconda\Anaconda3\Library\bin;D:\Anaconda\Anaconda3\Scripts;C:\Users\Bo\AppData\Local\Microsoft\WindowsApps;D:\BandiZip\;D:\JAVA\IDEA\IntelliJ IDEA 2023.1\bin;;D:\MYSQL\DataGrip\DataGrip 2023.1\bin;;D:\VScode\Local\Microsoft VS Code\bin;D:\pycharm\PyCharm 2023.1\bin;;D:\Maven\apache-maven-3.9.6\bin;D:\WebStorm\WebStorm 2023.1\bin;;D:\NVM\nvm;D:\NVM\nodejs;D:\NVM\nvm\node_global;
USERNAME=Bo
OS=Windows_NT
PROCESSOR_IDENTIFIER=AMD64 Family 25 Model 80 Stepping 0, AuthenticAMD



---------------  S Y S T E M  ---------------

OS: Windows 10.0 , 64 bit Build 19041 (10.0.19041.4597)

CPU:total 16 (initial active 16) (16 cores per cpu, 1 threads per core) family 25 model 80 stepping 0, cmov, cx8, fxsr, mmx, sse, sse2, sse3, ssse3, sse4.1, sse4.2, popcnt, avx, avx2, aes, clmul, erms, mmxext, 3dnowpref, lzcnt, sse4a, tsc, tscinvbit, tscinv, bmi1

Memory: 4k page, physical 16101436k(1009208k free), swap 28684348k(5280k free)

vm_info: Java HotSpot(TM) 64-Bit Server VM (25.162-b12) for windows-amd64 JRE (1.8.0_162-b12), built on Dec 19 2017 20:00:03 by "java_re" with MS VC++ 10.0 (VS2010)

time: Sat Aug 17 15:12:45 2024
elapsed time: 3 seconds (0d 0h 0m 3s)

