#
# There is insufficient memory for the Java Runtime Environment to continue.
# Native memory allocation (mmap) failed to map 257949696 bytes for G1 virtual space
# Possible reasons:
#   The system is out of physical RAM or swap space
#   The process is running with CompressedOops enabled, and the Java Heap may be blocking the growth of the native heap
# Possible solutions:
#   Reduce memory load on the system
#   Increase physical memory or swap space
#   Check if swap backing store is full
#   Decrease Java heap size (-Xmx/-Xms)
#   Decrease number of Java threads
#   Decrease Java thread stack sizes (-Xss)
#   Set larger code cache with -XX:ReservedCodeCacheSize=
#   JVM is running with Zero Based Compressed Oops mode in which the Java heap is
#     placed in the first 32GB address space. The Java Heap base address is the
#     maximum limit for the native heap growth. Please use -XX:HeapBaseMinAddress
#     to set the Java Heap base and to place the Java Heap above 32GB virtual address.
# This output file may be truncated or incomplete.
#
#  Out of Memory Error (os_windows.cpp:3769), pid=33068, tid=20348
#
# JRE version:  (17.0.6+10) (build )
# Java VM: OpenJDK 64-Bit Server VM (17.0.6+10-b829.5, mixed mode, sharing, tiered, compressed oops, compressed class ptrs, g1 gc, windows-amd64)
# No core dump will be written. Minidumps are not enabled by default on client versions of Windows
#

---------------  S U M M A R Y ------------

Command Line: git4idea.http.GitAskPassApp Username for 'https://github.com': 

Host: AMD Ryzen 7 5800H with Radeon Graphics         , 16 cores, 15G,  Windows 10 , 64 bit Build 19041 (10.0.19041.4717)
Time: Sat Sep  7 10:44:14 2024  Windows 10 , 64 bit Build 19041 (10.0.19041.4717) elapsed time: 0.066713 seconds (0d 0h 0m 0s)

---------------  T H R E A D  ---------------

Current thread (0x000001e6ca805ab0):  JavaThread "Unknown thread" [_thread_in_vm, id=20348, stack(0x0000004491000000,0x0000004491100000)]

Stack: [0x0000004491000000,0x0000004491100000]
Native frames: (J=compiled Java code, j=interpreted, Vv=VM code, C=native code)
V  [jvm.dll+0x683b4a]
V  [jvm.dll+0x842654]
V  [jvm.dll+0x843dfe]
V  [jvm.dll+0x844463]
V  [jvm.dll+0x249b75]
V  [jvm.dll+0x680a19]
V  [jvm.dll+0x674f0a]
V  [jvm.dll+0x309acb]
V  [jvm.dll+0x310f86]
V  [jvm.dll+0x3608ee]
V  [jvm.dll+0x360b1f]
V  [jvm.dll+0x2dfbf8]
V  [jvm.dll+0x2e0b64]
V  [jvm.dll+0x813f41]
V  [jvm.dll+0x36e6a1]
V  [jvm.dll+0x7f347c]
V  [jvm.dll+0x3f0e8f]
V  [jvm.dll+0x3f29d1]
C  [jli.dll+0x526b]
C  [ucrtbase.dll+0x21bb2]
C  [KERNEL32.DLL+0x17374]
C  [ntdll.dll+0x4cc91]


---------------  P R O C E S S  ---------------

Threads class SMR info:
_java_thread_list=0x00007ffa9451c058, length=0, elements={
}

Java Threads: ( => current thread )

Other Threads:
  0x000001e6ca871510 GCTaskThread "GC Thread#0" [stack: 0x0000004491100000,0x0000004491200000] [id=31556]
  0x000001e6ca881a10 ConcurrentGCThread "G1 Main Marker" [stack: 0x0000004491200000,0x0000004491300000] [id=1208]
  0x000001e6ca884ad0 ConcurrentGCThread "G1 Conc#0" [stack: 0x0000004491300000,0x0000004491400000] [id=29180]

[error occurred during error reporting (printing all threads), id 0xc0000005, EXCEPTION_ACCESS_VIOLATION (0xc0000005) at pc=0x00007ffa93cd0797]

VM state: not at safepoint (not fully initialized)

VM Mutex/Monitor currently owned by a thread:  ([mutex/lock_event])
[0x000001e6ca801480] Heap_lock - owner thread: 0x000001e6ca805ab0

Heap address: 0x000000070a400000, size: 3932 MB, Compressed Oops mode: Zero based, Oop shift amount: 3

CDS archive(s) mapped at: [0x0000000000000000-0x0000000000000000-0x0000000000000000), size 0, SharedBaseAddress: 0x0000000800000000, ArchiveRelocationMode: 0.
Narrow klass base: 0x0000000000000000, Narrow klass shift: 0, Narrow klass range: 0x0

GC Precious Log:
<Empty>

Heap:
 garbage-first heap   total 0K, used 0K [0x000000070a400000, 0x0000000800000000)
  region size 2048K, 0 young (0K), 0 survivors (0K)

[error occurred during error reporting (printing heap information), id 0xc0000005, EXCEPTION_ACCESS_VIOLATION (0xc0000005) at pc=0x00007ffa940bd939]

GC Heap History (0 events):
No events

Dll operation events (1 events):
Event: 0.063 Loaded shared library D:\JAVA\IDEA\IntelliJ IDEA 2023.1\jbr\bin\java.dll

Deoptimization events (0 events):
No events

Classes unloaded (0 events):
No events

Classes redefined (0 events):
No events

Internal exceptions (0 events):
No events

VM Operations (0 events):
No events

Events (0 events):
No events


Dynamic libraries:
0x00007ff635710000 - 0x00007ff63571a000 	D:\JAVA\IDEA\IntelliJ IDEA 2023.1\jbr\bin\java.exe
0x00007ffb37ef0000 - 0x00007ffb380e8000 	C:\WINDOWS\SYSTEM32\ntdll.dll
0x00007ffb376d0000 - 0x00007ffb37791000 	C:\WINDOWS\System32\KERNEL32.DLL
0x00007ffb35bb0000 - 0x00007ffb35ead000 	C:\WINDOWS\System32\KERNELBASE.dll
0x00007ffb35670000 - 0x00007ffb35770000 	C:\WINDOWS\System32\ucrtbase.dll
0x00007ffb1a6a0000 - 0x00007ffb1a6bb000 	D:\JAVA\IDEA\IntelliJ IDEA 2023.1\jbr\bin\VCRUNTIME140.dll
0x00007ffb29c70000 - 0x00007ffb29c87000 	D:\JAVA\IDEA\IntelliJ IDEA 2023.1\jbr\bin\jli.dll
0x00007ffb367a0000 - 0x00007ffb3693d000 	C:\WINDOWS\System32\USER32.dll
0x00007ffb355a0000 - 0x00007ffb355c2000 	C:\WINDOWS\System32\win32u.dll
0x00007ffb34a40000 - 0x00007ffb34cda000 	C:\WINDOWS\WinSxS\amd64_microsoft.windows.common-controls_6595b64144ccf1df_6.0.19041.4355_none_60b8b9eb71f62e16\COMCTL32.dll
0x00007ffb37e10000 - 0x00007ffb37eae000 	C:\WINDOWS\System32\msvcrt.dll
0x00007ffb377a0000 - 0x00007ffb377cb000 	C:\WINDOWS\System32\GDI32.dll
0x00007ffb35770000 - 0x00007ffb35887000 	C:\WINDOWS\System32\gdi32full.dll
0x00007ffb355d0000 - 0x00007ffb3566d000 	C:\WINDOWS\System32\msvcp_win.dll
0x00007ffb36f30000 - 0x00007ffb36f5f000 	C:\WINDOWS\System32\IMM32.DLL
0x00007ffb24c70000 - 0x00007ffb24c7c000 	D:\JAVA\IDEA\IntelliJ IDEA 2023.1\jbr\bin\vcruntime140_1.dll
0x00007ffb022c0000 - 0x00007ffb0234d000 	D:\JAVA\IDEA\IntelliJ IDEA 2023.1\jbr\bin\msvcp140.dll
0x00007ffa939e0000 - 0x00007ffa9464d000 	D:\JAVA\IDEA\IntelliJ IDEA 2023.1\jbr\bin\server\jvm.dll
0x00007ffb35f20000 - 0x00007ffb35fd0000 	C:\WINDOWS\System32\ADVAPI32.dll
0x00007ffb36090000 - 0x00007ffb36130000 	C:\WINDOWS\System32\sechost.dll
0x00007ffb36670000 - 0x00007ffb36793000 	C:\WINDOWS\System32\RPCRT4.dll
0x00007ffb35b80000 - 0x00007ffb35ba7000 	C:\WINDOWS\System32\bcrypt.dll
0x00007ffb1b020000 - 0x00007ffb1b029000 	C:\WINDOWS\SYSTEM32\WSOCK32.dll
0x00007ffb32ad0000 - 0x00007ffb32af7000 	C:\WINDOWS\SYSTEM32\WINMM.dll
0x00007ffb2a380000 - 0x00007ffb2a38a000 	C:\WINDOWS\SYSTEM32\VERSION.dll
0x00007ffb36cd0000 - 0x00007ffb36d3b000 	C:\WINDOWS\System32\WS2_32.dll
0x00007ffb32f80000 - 0x00007ffb32f92000 	C:\WINDOWS\SYSTEM32\kernel.appcore.dll
0x00007ffb30b10000 - 0x00007ffb30b1a000 	D:\JAVA\IDEA\IntelliJ IDEA 2023.1\jbr\bin\jimage.dll
0x00007ffb35060000 - 0x00007ffb35244000 	C:\WINDOWS\SYSTEM32\DBGHELP.DLL
0x00007ffb34eb0000 - 0x00007ffb34ee4000 	C:\WINDOWS\SYSTEM32\dbgcore.DLL
0x00007ffb35a40000 - 0x00007ffb35ac2000 	C:\WINDOWS\System32\bcryptPrimitives.dll
0x00007ffb20890000 - 0x00007ffb208b5000 	D:\JAVA\IDEA\IntelliJ IDEA 2023.1\jbr\bin\java.dll

dbghelp: loaded successfully - version: 4.0.5 - missing functions: none
symbol engine: initialized successfully - sym options: 0x614 - pdb path: .;D:\JAVA\IDEA\IntelliJ IDEA 2023.1\jbr\bin;C:\WINDOWS\SYSTEM32;C:\WINDOWS\WinSxS\amd64_microsoft.windows.common-controls_6595b64144ccf1df_6.0.19041.4355_none_60b8b9eb71f62e16;D:\JAVA\IDEA\IntelliJ IDEA 2023.1\jbr\bin\server

VM Arguments:
java_command: git4idea.http.GitAskPassApp Username for 'https://github.com': 
java_class_path (initial): D:/JAVA/IDEA/IntelliJ IDEA 2023.1/plugins/vcs-git/lib/git4idea-rt.jar;D:/JAVA/IDEA/IntelliJ IDEA 2023.1/lib/externalProcess-rt.jar
Launcher Type: SUN_STANDARD

[Global flags]
     intx CICompilerCount                          = 12                                        {product} {ergonomic}
     uint ConcGCThreads                            = 3                                         {product} {ergonomic}
     uint G1ConcRefinementThreads                  = 13                                        {product} {ergonomic}
   size_t G1HeapRegionSize                         = 2097152                                   {product} {ergonomic}
    uintx GCDrainStackTargetSize                   = 64                                        {product} {ergonomic}
   size_t InitialHeapSize                          = 257949696                                 {product} {ergonomic}
   size_t MarkStackSize                            = 4194304                                   {product} {ergonomic}
   size_t MaxHeapSize                              = 4123000832                                {product} {ergonomic}
   size_t MinHeapDeltaBytes                        = 2097152                                   {product} {ergonomic}
   size_t MinHeapSize                              = 8388608                                   {product} {ergonomic}
    uintx NonNMethodCodeHeapSize                   = 7602480                                {pd product} {ergonomic}
    uintx NonProfiledCodeHeapSize                  = 122027880                              {pd product} {ergonomic}
    uintx ProfiledCodeHeapSize                     = 122027880                              {pd product} {ergonomic}
    uintx ReservedCodeCacheSize                    = 251658240                              {pd product} {ergonomic}
     bool SegmentedCodeCache                       = true                                      {product} {ergonomic}
   size_t SoftMaxHeapSize                          = 4123000832                             {manageable} {ergonomic}
     bool UseCompressedClassPointers               = true                           {product lp64_product} {ergonomic}
     bool UseCompressedOops                        = true                           {product lp64_product} {ergonomic}
     bool UseG1GC                                  = true                                      {product} {ergonomic}
     bool UseLargePagesIndividualAllocation        = false                                  {pd product} {ergonomic}

Logging:
Log output configuration:
 #0: stdout all=warning uptime,level,tags
 #1: stderr all=off uptime,level,tags

Environment Variables:
JAVA_HOME=D:\JAVA\JDK
CLASSPATH=.;D:\JAVA\JDK\lib;D:\JAVA\JDK\lib\tools.jar
PATH=D:\Git\Git\mingw64\libexec\git-core;D:\Git\Git\mingw64\libexec\git-core;D:\Git\Git\mingw64\bin;D:\Git\Git\usr\bin;C:\Users\Bo\bin;D:\Linux\VMware\bin;C:\WINDOWS\system32;C:\WINDOWS;C:\WINDOWS\System32\Wbem;C:\WINDOWS\System32\WindowsPowerShell\v1.0;C:\WINDOWS\System32\OpenSSH;D:\MYSQL\mysql-8.3.0-winx64\mysql-8.3.0;D:\MYSQL\mysql-8.3.0-winx64\mysql-8.3.0\bin;D:\JAVA\JDK\bin;D:\Git\Notepad++;D:\Git\Git\cmd;D:\JAVA\Tomcat\apache-tomcat-9.0.87-windows-x64\apache-tomcat-9.0.87\bin;D:\JAVA\Tomcat\apache-tomcat-9.0.87-windows-x64\apache-tomcat-9.0.87\lib;D:\NVM\nvm;D:\NVM\nodejs;D:\NVM\nvm\node_global;D:\XShell;D:\Redis\Redis-x64-5.0.14.1;D:\Eralng\erl9.2\bin;D:\Anaconda\Anaconda3;D:\Anaconda\Anaconda3\Library\mingw-w64\bin;D:\Anaconda\Anaconda3\Library\usr\bin;D:\Anaconda\Anaconda3\Library\bin;D:\Anaconda\Anaconda3\Scripts;C:\Users\Bo\AppData\Local\Microsoft\WindowsApps;D:\BandiZip;D:\JAVA\IDEA\IntelliJ IDEA 2023.1\bin;D:\MYSQL\DataGrip\DataGrip 2023.1\bin;D:\VScode\Local\Microsoft VS Code\bin;D:\pycharm\PyCharm 2023.1\bin;D:\Maven\apache-maven-3.9.6\bin;D:\WebStorm\WebStorm 2023.1\bin;D:\NVM\nvm;D:\NVM\nodejs;D:\NVM\nvm\node_global
USERNAME=Bo
DISPLAY=:0.0
LC_ALL=en_US.UTF-8
TERM=xterm-256color
TMPDIR=C:\Users\Bo\AppData\Local\Temp
OS=Windows_NT
PROCESSOR_IDENTIFIER=AMD64 Family 25 Model 80 Stepping 0, AuthenticAMD
TMP=C:\Users\Bo\AppData\Local\Temp
TEMP=C:\Users\Bo\AppData\Local\Temp



---------------  S Y S T E M  ---------------

OS:
 Windows 10 , 64 bit Build 19041 (10.0.19041.4717)
OS uptime: 2 days 21:30 hours

CPU: total 16 (initial active 16) (16 cores per cpu, 2 threads per core) family 25 model 80 stepping 0 microcode 0x0, cx8, cmov, fxsr, ht, mmx, 3dnowpref, sse, sse2, sse3, ssse3, sse4a, sse4.1, sse4.2, popcnt, lzcnt, tsc, tscinvbit, avx, avx2, aes, erms, clmul, bmi1, bmi2, adx, sha, fma, vzeroupper, clflush, clflushopt

Memory: 4k page, system-wide physical 15724M (2557M free)
TotalPageFile size 28012M (AvailPageFile size 250M)
current process WorkingSet (physical memory assigned to process): 10M, peak: 10M
current process commit charge ("private bytes"): 70M, peak: 316M

vm_info: OpenJDK 64-Bit Server VM (17.0.6+10-b829.5) for windows-amd64 JRE (17.0.6+10-b829.5), built on 2023-02-24 by "builduser" with MS VC++ 16.10 / 16.11 (VS2019)

END.
