#
# There is insufficient memory for the Java Runtime Environment to continue.
# Native memory allocation (malloc) failed to allocate 1120176 bytes for Chunk::new
# Possible reasons:
#   The system is out of physical RAM or swap space
#   In 32 bit mode, the process size limit was hit
# Possible solutions:
#   Reduce memory load on the system
#   Increase physical memory or swap space
#   Check if swap backing store is full
#   Use 64 bit Java on a 64 bit OS
#   Decrease Java heap size (-Xmx/-Xms)
#   Decrease number of Java threads
#   Decrease Java thread stack sizes (-Xss)
#   Set larger code cache with -XX:ReservedCodeCacheSize=
# This output file may be truncated or incomplete.
#
#  Out of Memory Error (allocation.cpp:390), pid=4988, tid=0x00000000000042e4
#
# JRE version: Java(TM) SE Runtime Environment (8.0_162-b12) (build 1.8.0_162-b12)
# Java VM: Java HotSpot(TM) 64-Bit Server VM (25.162-b12 mixed mode windows-amd64 compressed oops)
# Failed to write core dump. Minidumps are not enabled by default on client versions of Windows
#

---------------  T H R E A D  ---------------

Current thread (0x000000001f006000):  JavaThread "C2 CompilerThread3" daemon [_thread_in_native, id=17124, stack(0x0000000020ea0000,0x0000000020fa0000)]

Stack: [0x0000000020ea0000,0x0000000020fa0000]
[error occurred during error reporting (printing stack bounds), id 0xc0000005]

Native frames: (J=compiled Java code, j=interpreted, Vv=VM code, C=native code)


Current CompileTask:
C2:   2688 3902       4       org.springframework.core.annotation.TypeMappedAnnotations::get (52 bytes)


---------------  P R O C E S S  ---------------

Java Threads: ( => current thread )
  0x000000001f089800 JavaThread "mysql-cj-abandoned-connection-cleanup" daemon [_thread_blocked, id=15260, stack(0x0000000024cf0000,0x0000000024df0000)]
  0x000000001f047800 JavaThread "Service Thread" daemon [_thread_blocked, id=2252, stack(0x00000000218a0000,0x00000000219a0000)]
  0x000000001f08d800 JavaThread "C1 CompilerThread11" daemon [_thread_blocked, id=20028, stack(0x00000000217a0000,0x00000000218a0000)]
  0x000000001f08a800 JavaThread "C1 CompilerThread10" daemon [_thread_blocked, id=33044, stack(0x00000000216a0000,0x00000000217a0000)]
  0x000000001f08e000 JavaThread "C1 CompilerThread9" daemon [_thread_blocked, id=12296, stack(0x00000000215a0000,0x00000000216a0000)]
  0x000000001f08b000 JavaThread "C1 CompilerThread8" daemon [_thread_blocked, id=30432, stack(0x00000000214a0000,0x00000000215a0000)]
  0x000000001f044000 JavaThread "C2 CompilerThread7" daemon [_thread_in_native, id=13148, stack(0x00000000212a0000,0x00000000213a0000)]
  0x000000001f028000 JavaThread "C2 CompilerThread6" daemon [_thread_in_native, id=8136, stack(0x00000000211a0000,0x00000000212a0000)]
  0x000000001f01f800 JavaThread "C2 CompilerThread5" daemon [_thread_in_native, id=18584, stack(0x00000000210a0000,0x00000000211a0000)]
  0x000000001f01c800 JavaThread "C2 CompilerThread4" daemon [_thread_in_native, id=32616, stack(0x0000000020fa0000,0x00000000210a0000)]
=>0x000000001f006000 JavaThread "C2 CompilerThread3" daemon [_thread_in_native, id=17124, stack(0x0000000020ea0000,0x0000000020fa0000)]
  0x000000001f005000 JavaThread "C2 CompilerThread2" daemon [_thread_in_native, id=18684, stack(0x0000000020da0000,0x0000000020ea0000)]
  0x000000001f002000 JavaThread "C2 CompilerThread1" daemon [_thread_in_native, id=19896, stack(0x0000000020ca0000,0x0000000020da0000)]
  0x000000001efff800 JavaThread "C2 CompilerThread0" daemon [_thread_in_native, id=32708, stack(0x0000000020ba0000,0x0000000020ca0000)]
  0x000000001effe000 JavaThread "Monitor Ctrl-Break" daemon [_thread_in_native, id=22404, stack(0x0000000020aa0000,0x0000000020ba0000)]
  0x000000001ef51800 JavaThread "Attach Listener" daemon [_thread_blocked, id=13984, stack(0x00000000209a0000,0x0000000020aa0000)]
  0x000000001efa6000 JavaThread "Signal Dispatcher" daemon [_thread_blocked, id=16188, stack(0x00000000208a0000,0x00000000209a0000)]
  0x000000001ef26800 JavaThread "Finalizer" daemon [_thread_blocked, id=2040, stack(0x00000000207a0000,0x00000000208a0000)]
  0x000000001d4a2000 JavaThread "Reference Handler" daemon [_thread_blocked, id=3012, stack(0x00000000206a0000,0x00000000207a0000)]
  0x0000000003767000 JavaThread "main" [_thread_in_vm, id=28472, stack(0x0000000003660000,0x0000000003760000)]

Other Threads:
  0x000000001ef04000 VMThread [stack: 0x00000000205a0000,0x00000000206a0000] [id=15664]
  0x000000001f1df800 WatcherThread [stack: 0x00000000219a0000,0x0000000021aa0000] [id=22280]

VM state:not at safepoint (normal execution)

VM Mutex/Monitor currently owned by a thread: None

Heap:
 PSYoungGen      total 175616K, used 94541K [0x000000076e180000, 0x000000077b980000, 0x00000007c0000000)
  eden space 165888K, 56% used [0x000000076e180000,0x0000000773dd36c0,0x0000000778380000)
  from space 9728K, 0% used [0x0000000778d80000,0x0000000778d80000,0x0000000779700000)
  to   space 10240K, 0% used [0x0000000778380000,0x0000000778380000,0x0000000778d80000)
 ParOldGen       total 95744K, used 11605K [0x00000006ca400000, 0x00000006d0180000, 0x000000076e180000)
  object space 95744K, 12% used [0x00000006ca400000,0x00000006caf55420,0x00000006d0180000)
 Metaspace       used 36101K, capacity 39094K, committed 39424K, reserved 1083392K
  class space    used 4757K, capacity 5255K, committed 5376K, reserved 1048576K

Card table byte_map: [0x0000000012e50000,0x0000000013600000] byte_map_base: 0x000000000f7fe000

Marking Bits: (ParMarkBitMap*) 0x0000000068050860
 Begin Bits: [0x0000000014820000, 0x0000000018590000)
 End Bits:   [0x0000000018590000, 0x000000001c300000)

Polling page: 0x0000000001430000

CodeCache: size=245760Kb used=16371Kb max_used=16378Kb free=229388Kb
 bounds [0x0000000003a90000, 0x0000000004aa0000, 0x0000000012a90000]
 total_blobs=4475 nmethods=4050 adapters=335
 compilation: enabled

Compilation events (10 events):
Event: 2.674 Thread 0x000000001f08b000 4052       3       java.beans.BeanDescriptor::<init> (56 bytes)
Event: 2.674 Thread 0x000000001f08d800 4053       3       java.beans.Introspector::getBeanInfo (33 bytes)
Event: 2.674 Thread 0x000000001f08d800 nmethod 4053 0x0000000004a8af90 code [0x0000000004a8b120, 0x0000000004a8b408]
Event: 2.675 Thread 0x000000001f08b000 nmethod 4052 0x0000000004a8b510 code [0x0000000004a8b740, 0x0000000004a8c518]
Event: 2.676 Thread 0x000000001f08e000 4054       3       org.springframework.util.ReflectionUtils::findConcreteMethodsOnInterfaces (100 bytes)
Event: 2.676 Thread 0x000000001f08e000 nmethod 4054 0x0000000004a8cad0 code [0x0000000004a8cce0, 0x0000000004a8d718]
Event: 2.685 Thread 0x000000001f08a800 4055       3       java.beans.Introspector::getBeanInfo (7 bytes)
Event: 2.685 Thread 0x000000001f01f800 nmethod 4031 0x0000000004a92a10 code [0x0000000004a92e20, 0x0000000004a94e90]
Event: 2.685 Thread 0x000000001f01f800 4044       4       sun.reflect.misc.ReflectUtil::isNonPublicProxyClass (51 bytes)
Event: 2.685 Thread 0x000000001f08a800 nmethod 4055 0x0000000004a92410 code [0x0000000004a925a0, 0x0000000004a928a8]

GC Heap History (10 events):
Event: 1.102 GC heap before
{Heap before GC invocations=4 (full 1):
 PSYoungGen      total 73728K, used 7183K [0x000000076e180000, 0x0000000777180000, 0x00000007c0000000)
  eden space 63488K, 0% used [0x000000076e180000,0x000000076e180000,0x0000000771f80000)
  from space 10240K, 70% used [0x0000000771f80000,0x0000000772683c28,0x0000000772980000)
  to   space 10240K, 0% used [0x0000000776780000,0x0000000776780000,0x0000000777180000)
 ParOldGen       total 167936K, used 40K [0x00000006ca400000, 0x00000006d4800000, 0x000000076e180000)
  object space 167936K, 0% used [0x00000006ca400000,0x00000006ca40a000,0x00000006d4800000)
 Metaspace       used 19593K, capacity 21182K, committed 21296K, reserved 1067008K
  class space    used 2556K, capacity 2853K, committed 2944K, reserved 1048576K
Event: 1.117 GC heap after
Heap after GC invocations=4 (full 1):
 PSYoungGen      total 73728K, used 0K [0x000000076e180000, 0x0000000777180000, 0x00000007c0000000)
  eden space 63488K, 0% used [0x000000076e180000,0x000000076e180000,0x0000000771f80000)
  from space 10240K, 0% used [0x0000000771f80000,0x0000000771f80000,0x0000000772980000)
  to   space 10240K, 0% used [0x0000000776780000,0x0000000776780000,0x0000000777180000)
 ParOldGen       total 95744K, used 6801K [0x00000006ca400000, 0x00000006d0180000, 0x000000076e180000)
  object space 95744K, 7% used [0x00000006ca400000,0x00000006caaa47a0,0x00000006d0180000)
 Metaspace       used 19593K, capacity 21182K, committed 21296K, reserved 1067008K
  class space    used 2556K, capacity 2853K, committed 2944K, reserved 1048576K
}
Event: 1.313 GC heap before
{Heap before GC invocations=5 (full 1):
 PSYoungGen      total 73728K, used 63488K [0x000000076e180000, 0x0000000777180000, 0x00000007c0000000)
  eden space 63488K, 100% used [0x000000076e180000,0x0000000771f80000,0x0000000771f80000)
  from space 10240K, 0% used [0x0000000771f80000,0x0000000771f80000,0x0000000772980000)
  to   space 10240K, 0% used [0x0000000776780000,0x0000000776780000,0x0000000777180000)
 ParOldGen       total 95744K, used 6801K [0x00000006ca400000, 0x00000006d0180000, 0x000000076e180000)
  object space 95744K, 7% used [0x00000006ca400000,0x00000006caaa47a0,0x00000006d0180000)
 Metaspace       used 24622K, capacity 26406K, committed 26624K, reserved 1073152K
  class space    used 3228K, capacity 3553K, committed 3584K, reserved 1048576K
Event: 1.318 GC heap after
Heap after GC invocations=5 (full 1):
 PSYoungGen      total 110592K, used 7539K [0x000000076e180000, 0x0000000776f00000, 0x00000007c0000000)
  eden space 102912K, 0% used [0x000000076e180000,0x000000076e180000,0x0000000774600000)
  from space 7680K, 98% used [0x0000000776780000,0x0000000776edcc10,0x0000000776f00000)
  to   space 10240K, 0% used [0x0000000775b00000,0x0000000775b00000,0x0000000776500000)
 ParOldGen       total 95744K, used 6809K [0x00000006ca400000, 0x00000006d0180000, 0x000000076e180000)
  object space 95744K, 7% used [0x00000006ca400000,0x00000006caaa67a0,0x00000006d0180000)
 Metaspace       used 24622K, capacity 26406K, committed 26624K, reserved 1073152K
  class space    used 3228K, capacity 3553K, committed 3584K, reserved 1048576K
}
Event: 1.778 GC heap before
{Heap before GC invocations=6 (full 1):
 PSYoungGen      total 110592K, used 110451K [0x000000076e180000, 0x0000000776f00000, 0x00000007c0000000)
  eden space 102912K, 100% used [0x000000076e180000,0x0000000774600000,0x0000000774600000)
  from space 7680K, 98% used [0x0000000776780000,0x0000000776edcc10,0x0000000776f00000)
  to   space 10240K, 0% used [0x0000000775b00000,0x0000000775b00000,0x0000000776500000)
 ParOldGen       total 95744K, used 6809K [0x00000006ca400000, 0x00000006d0180000, 0x000000076e180000)
  object space 95744K, 7% used [0x00000006ca400000,0x00000006caaa67a0,0x00000006d0180000)
 Metaspace       used 29500K, capacity 31770K, committed 32000K, reserved 1077248K
  class space    used 3888K, capacity 4309K, committed 4352K, reserved 1048576K
Event: 1.788 GC heap after
Heap after GC invocations=6 (full 1):
 PSYoungGen      total 134656K, used 9396K [0x000000076e180000, 0x0000000779700000, 0x00000007c0000000)
  eden space 124416K, 0% used [0x000000076e180000,0x000000076e180000,0x0000000775b00000)
  from space 10240K, 91% used [0x0000000775b00000,0x000000077642d0c8,0x0000000776500000)
  to   space 9728K, 0% used [0x0000000778d80000,0x0000000778d80000,0x0000000779700000)
 ParOldGen       total 95744K, used 6817K [0x00000006ca400000, 0x00000006d0180000, 0x000000076e180000)
  object space 95744K, 7% used [0x00000006ca400000,0x00000006caaa87a0,0x00000006d0180000)
 Metaspace       used 29500K, capacity 31770K, committed 32000K, reserved 1077248K
  class space    used 3888K, capacity 4309K, committed 4352K, reserved 1048576K
}
Event: 1.985 GC heap before
{Heap before GC invocations=7 (full 1):
 PSYoungGen      total 134656K, used 43048K [0x000000076e180000, 0x0000000779700000, 0x00000007c0000000)
  eden space 124416K, 27% used [0x000000076e180000,0x000000077025d208,0x0000000775b00000)
  from space 10240K, 91% used [0x0000000775b00000,0x000000077642d0c8,0x0000000776500000)
  to   space 9728K, 0% used [0x0000000778d80000,0x0000000778d80000,0x0000000779700000)
 ParOldGen       total 95744K, used 6817K [0x00000006ca400000, 0x00000006d0180000, 0x000000076e180000)
  object space 95744K, 7% used [0x00000006ca400000,0x00000006caaa87a0,0x00000006d0180000)
 Metaspace       used 33029K, capacity 35424K, committed 35496K, reserved 1079296K
  class space    used 4355K, capacity 4820K, committed 4864K, reserved 1048576K
Event: 1.990 GC heap after
Heap after GC invocations=7 (full 1):
 PSYoungGen      total 175616K, used 6644K [0x000000076e180000, 0x000000077b980000, 0x00000007c0000000)
  eden space 165888K, 0% used [0x000000076e180000,0x000000076e180000,0x0000000778380000)
  from space 9728K, 68% used [0x0000000778d80000,0x00000007793fd0e8,0x0000000779700000)
  to   space 10240K, 0% used [0x0000000778380000,0x0000000778380000,0x0000000778d80000)
 ParOldGen       total 95744K, used 6889K [0x00000006ca400000, 0x00000006d0180000, 0x000000076e180000)
  object space 95744K, 7% used [0x00000006ca400000,0x00000006caaba7b0,0x00000006d0180000)
 Metaspace       used 33029K, capacity 35424K, committed 35496K, reserved 1079296K
  class space    used 4355K, capacity 4820K, committed 4864K, reserved 1048576K
}
Event: 1.990 GC heap before
{Heap before GC invocations=8 (full 2):
 PSYoungGen      total 175616K, used 6644K [0x000000076e180000, 0x000000077b980000, 0x00000007c0000000)
  eden space 165888K, 0% used [0x000000076e180000,0x000000076e180000,0x0000000778380000)
  from space 9728K, 68% used [0x0000000778d80000,0x00000007793fd0e8,0x0000000779700000)
  to   space 10240K, 0% used [0x0000000778380000,0x0000000778380000,0x0000000778d80000)
 ParOldGen       total 95744K, used 6889K [0x00000006ca400000, 0x00000006d0180000, 0x000000076e180000)
  object space 95744K, 7% used [0x00000006ca400000,0x00000006caaba7b0,0x00000006d0180000)
 Metaspace       used 33029K, capacity 35424K, committed 35496K, reserved 1079296K
  class space    used 4355K, capacity 4820K, committed 4864K, reserved 1048576K
Event: 2.011 GC heap after
Heap after GC invocations=8 (full 2):
 PSYoungGen      total 175616K, used 0K [0x000000076e180000, 0x000000077b980000, 0x00000007c0000000)
  eden space 165888K, 0% used [0x000000076e180000,0x000000076e180000,0x0000000778380000)
  from space 9728K, 0% used [0x0000000778d80000,0x0000000778d80000,0x0000000779700000)
  to   space 10240K, 0% used [0x0000000778380000,0x0000000778380000,0x0000000778d80000)
 ParOldGen       total 95744K, used 11605K [0x00000006ca400000, 0x00000006d0180000, 0x000000076e180000)
  object space 95744K, 12% used [0x00000006ca400000,0x00000006caf55420,0x00000006d0180000)
 Metaspace       used 33029K, capacity 35424K, committed 35496K, reserved 1079296K
  class space    used 4355K, capacity 4820K, committed 4864K, reserved 1048576K
}

Deoptimization events (10 events):
Event: 2.366 Thread 0x0000000003767000 Uncommon trap: reason=class_check action=maybe_recompile pc=0x00000000047c6d38 method=org.springframework.beans.factory.support.AbstractBeanFactory.isTypeMatch(Ljava/lang/String;Lorg/springframework/core/ResolvableType;Z)Z @ 53
Event: 2.412 Thread 0x0000000003767000 Uncommon trap: reason=unstable_if action=reinterpret pc=0x00000000048ba56c method=org.springframework.aop.framework.autoproxy.AbstractAutoProxyCreator.predictBeanType(Ljava/lang/Class;Ljava/lang/String;)Ljava/lang/Class; @ 9
Event: 2.413 Thread 0x0000000003767000 Uncommon trap: reason=class_check action=maybe_recompile pc=0x00000000047c6d38 method=org.springframework.beans.factory.support.AbstractBeanFactory.isTypeMatch(Ljava/lang/String;Lorg/springframework/core/ResolvableType;Z)Z @ 53
Event: 2.414 Thread 0x0000000003767000 Uncommon trap: reason=class_check action=maybe_recompile pc=0x00000000047c6d38 method=org.springframework.beans.factory.support.AbstractBeanFactory.isTypeMatch(Ljava/lang/String;Lorg/springframework/core/ResolvableType;Z)Z @ 53
Event: 2.423 Thread 0x0000000003767000 Uncommon trap: reason=class_check action=maybe_recompile pc=0x00000000048777f0 method=java.util.regex.Pattern$Start.match(Ljava/util/regex/Matcher;ILjava/lang/CharSequence;)Z @ 44
Event: 2.478 Thread 0x0000000003767000 Uncommon trap: reason=unstable_if action=reinterpret pc=0x0000000004745d68 method=java.lang.Class.searchMethods([Ljava/lang/reflect/Method;Ljava/lang/String;[Ljava/lang/Class;)Ljava/lang/reflect/Method; @ 47
Event: 2.643 Thread 0x0000000003767000 Uncommon trap: reason=unstable_if action=reinterpret pc=0x0000000004a1e480 method=java.util.concurrent.ConcurrentHashMap.get(Ljava/lang/Object;)Ljava/lang/Object; @ 86
Event: 2.644 Thread 0x0000000003767000 Uncommon trap: reason=unstable_if action=reinterpret pc=0x00000000041a74f8 method=java.util.concurrent.ConcurrentHashMap.transfer([Ljava/util/concurrent/ConcurrentHashMap$Node;[Ljava/util/concurrent/ConcurrentHashMap$Node;)V @ 356
Event: 2.644 Thread 0x0000000003767000 Uncommon trap: reason=unstable_if action=reinterpret pc=0x0000000004151024 method=java.util.concurrent.ConcurrentHashMap.transfer([Ljava/util/concurrent/ConcurrentHashMap$Node;[Ljava/util/concurrent/ConcurrentHashMap$Node;)V @ 356
Event: 2.665 Thread 0x0000000003767000 Uncommon trap: reason=unstable_if action=reinterpret pc=0x000000000453bbe4 method=java.lang.invoke.MethodType.checkPtypes([Ljava/lang/Class;)I @ 40

Classes redefined (0 events):
No events

Internal exceptions (10 events):
Event: 2.681 Thread 0x0000000003767000 Exception <a 'java/lang/ClassNotFoundException': org/springframework/web/context/support/WebApplicationObjectSupportCustomizer> (0x0000000773a56e50) thrown at [C:\re\workspace\8-2-build-windows-amd64-cygwin\jdk8u162\10278\hotspot\src\share\vm\classfile\sy
Event: 2.682 Thread 0x0000000003767000 Exception <a 'java/lang/ClassNotFoundException': org/springframework/web/servlet/support/WebContentGeneratorCustomizer> (0x0000000773a794d8) thrown at [C:\re\workspace\8-2-build-windows-amd64-cygwin\jdk8u162\10278\hotspot\src\share\vm\classfile\systemDict
Event: 2.683 Thread 0x0000000003767000 Exception <a 'java/lang/ClassNotFoundException': org/springframework/web/servlet/mvc/method/AbstractHandlerMethodAdapterCustomizer> (0x0000000773abdb50) thrown at [C:\re\workspace\8-2-build-windows-amd64-cygwin\jdk8u162\10278\hotspot\src\share\vm\classfil
Event: 2.683 Thread 0x0000000003767000 Exception <a 'java/lang/ClassNotFoundException': org/springframework/web/servlet/mvc/method/annotation/RequestMappingHandlerAdapterCustomizer> (0x0000000773aed760) thrown at [C:\re\workspace\8-2-build-windows-amd64-cygwin\jdk8u162\10278\hotspot\src\share\
Event: 2.685 Thread 0x0000000003767000 Exception <a 'java/lang/ClassNotFoundException': org/springframework/beans/factory/BeanFactoryAwareCustomizer> (0x0000000773b8e888) thrown at [C:\re\workspace\8-2-build-windows-amd64-cygwin\jdk8u162\10278\hotspot\src\share\vm\classfile\systemDictionary.cp
Event: 2.685 Thread 0x0000000003767000 Exception <a 'java/lang/ClassNotFoundException': org/springframework/beans/factory/AwareCustomizer> (0x0000000773ba9a58) thrown at [C:\re\workspace\8-2-build-windows-amd64-cygwin\jdk8u162\10278\hotspot\src\share\vm\classfile\systemDictionary.cpp, line 210
Event: 2.686 Thread 0x0000000003767000 Exception <a 'java/lang/ClassNotFoundException': org/springframework/beans/factory/InitializingBeanCustomizer> (0x0000000773bc7158) thrown at [C:\re\workspace\8-2-build-windows-amd64-cygwin\jdk8u162\10278\hotspot\src\share\vm\classfile\systemDictionary.cp
Event: 2.686 Thread 0x0000000003767000 Exception <a 'java/lang/ClassNotFoundException': org/springframework/web/servlet/HandlerAdapterCustomizer> (0x0000000773be3d60) thrown at [C:\re\workspace\8-2-build-windows-amd64-cygwin\jdk8u162\10278\hotspot\src\share\vm\classfile\systemDictionary.cpp, l
Event: 2.686 Thread 0x0000000003767000 Exception <a 'java/lang/ClassNotFoundException': org/springframework/core/OrderedCustomizer> (0x0000000773bfcb10) thrown at [C:\re\workspace\8-2-build-windows-amd64-cygwin\jdk8u162\10278\hotspot\src\share\vm\classfile\systemDictionary.cpp, line 210]
Event: 2.686 Thread 0x0000000003767000 Exception <a 'java/lang/ClassNotFoundException': org/springframework/web/context/ServletContextAwareCustomizer> (0x0000000773c1b500) thrown at [C:\re\workspace\8-2-build-windows-amd64-cygwin\jdk8u162\10278\hotspot\src\share\vm\classfile\systemDictionary.c

Events (10 events):
Event: 2.686 loading class org/springframework/core/OrderedCustomizer
Event: 2.686 loading class org/springframework/core/OrderedCustomizer done
Event: 2.686 loading class org/springframework/web/context/ServletContextAwareCustomizer
Event: 2.686 loading class org/springframework/web/context/ServletContextAwareCustomizer done
Event: 2.686 loading class org/springframework/web/context/ServletContextAwareCustomizer
Event: 2.686 loading class org/springframework/web/context/ServletContextAwareCustomizer done
Event: 2.686 loading class org/springframework/web/context/ServletContextAwareCustomizer
Event: 2.686 loading class org/springframework/web/context/ServletContextAwareCustomizer done
Event: 2.686 loading class org/springframework/beans/factory/AwareCustomizer
Event: 2.686 loading class org/springframework/beans/factory/AwareCustomizer done


Dynamic libraries:
0x00007ff6d87a0000 - 0x00007ff6d87d7000 	D:\JAVA\JDK\bin\java.exe
0x00007fff3a030000 - 0x00007fff3a228000 	C:\WINDOWS\SYSTEM32\ntdll.dll
0x00007fff39610000 - 0x00007fff396d1000 	C:\WINDOWS\System32\KERNEL32.DLL
0x00007fff37cd0000 - 0x00007fff37fc6000 	C:\WINDOWS\System32\KERNELBASE.dll
0x00007fff38060000 - 0x00007fff38110000 	C:\WINDOWS\System32\ADVAPI32.dll
0x00007fff38ea0000 - 0x00007fff38f3e000 	C:\WINDOWS\System32\msvcrt.dll
0x00007fff39890000 - 0x00007fff39930000 	C:\WINDOWS\System32\sechost.dll
0x00007fff39c70000 - 0x00007fff39d93000 	C:\WINDOWS\System32\RPCRT4.dll
0x00007fff37a60000 - 0x00007fff37a87000 	C:\WINDOWS\System32\bcrypt.dll
0x00007fff39a60000 - 0x00007fff39bff000 	C:\WINDOWS\System32\USER32.dll
0x00007fff37ca0000 - 0x00007fff37cc2000 	C:\WINDOWS\System32\win32u.dll
0x00007fff39f50000 - 0x00007fff39f7b000 	C:\WINDOWS\System32\GDI32.dll
0x00007fff37940000 - 0x00007fff37a57000 	C:\WINDOWS\System32\gdi32full.dll
0x00007fff37a90000 - 0x00007fff37b2d000 	C:\WINDOWS\System32\msvcp_win.dll
0x00007fff37b30000 - 0x00007fff37c30000 	C:\WINDOWS\System32\ucrtbase.dll
0x00007fff22760000 - 0x00007fff229fa000 	C:\WINDOWS\WinSxS\amd64_microsoft.windows.common-controls_6595b64144ccf1df_6.0.19041.4355_none_60b8b9eb71f62e16\COMCTL32.dll
0x00007fff39020000 - 0x00007fff3904f000 	C:\WINDOWS\System32\IMM32.DLL
0x00000000680d0000 - 0x00000000681a1000 	D:\JAVA\JDK\jre\bin\msvcr100.dll
0x0000000067830000 - 0x00000000680d0000 	D:\JAVA\JDK\jre\bin\server\jvm.dll
0x00007fff39010000 - 0x00007fff39018000 	C:\WINDOWS\System32\PSAPI.DLL
0x00007fff1b010000 - 0x00007fff1b019000 	C:\WINDOWS\SYSTEM32\WSOCK32.dll
0x00007fff35290000 - 0x00007fff352b7000 	C:\WINDOWS\SYSTEM32\WINMM.dll
0x00007fff2bdf0000 - 0x00007fff2bdfa000 	C:\WINDOWS\SYSTEM32\VERSION.dll
0x00007fff39f80000 - 0x00007fff39feb000 	C:\WINDOWS\System32\WS2_32.dll
0x0000000067820000 - 0x000000006782f000 	D:\JAVA\JDK\jre\bin\verify.dll
0x00000000677f0000 - 0x0000000067819000 	D:\JAVA\JDK\jre\bin\java.dll
0x0000000067710000 - 0x0000000067733000 	D:\JAVA\JDK\jre\bin\instrument.dll
0x00000000677d0000 - 0x00000000677e6000 	D:\JAVA\JDK\jre\bin\zip.dll
0x00007fff38190000 - 0x00007fff388fc000 	C:\WINDOWS\System32\SHELL32.dll
0x00007fff35760000 - 0x00007fff35efe000 	C:\WINDOWS\SYSTEM32\windows.storage.dll
0x00007fff389b0000 - 0x00007fff38d03000 	C:\WINDOWS\System32\combase.dll
0x00007fff37090000 - 0x00007fff370be000 	C:\WINDOWS\SYSTEM32\Wldp.dll
0x00007fff38f40000 - 0x00007fff3900d000 	C:\WINDOWS\System32\OLEAUT32.dll
0x00007fff38900000 - 0x00007fff389ad000 	C:\WINDOWS\System32\SHCORE.dll
0x00007fff39550000 - 0x00007fff395a5000 	C:\WINDOWS\System32\shlwapi.dll
0x00007fff37610000 - 0x00007fff37634000 	C:\WINDOWS\SYSTEM32\profapi.dll
0x00007fff20d70000 - 0x00007fff20d8a000 	D:\JAVA\IDEA\IntelliJ IDEA 2023.1\bin\breakgen64.dll
0x00000000677b0000 - 0x00000000677ca000 	D:\JAVA\JDK\jre\bin\net.dll
0x00007fff36df0000 - 0x00007fff36e5a000 	C:\WINDOWS\system32\mswsock.dll
0x00000000683a0000 - 0x00000000683b1000 	D:\JAVA\JDK\jre\bin\nio.dll
0x0000000068390000 - 0x000000006839d000 	D:\JAVA\JDK\jre\bin\management.dll
0x00007fff22d60000 - 0x00007fff22d77000 	C:\WINDOWS\system32\napinsp.dll
0x00007fff22d00000 - 0x00007fff22d1b000 	C:\WINDOWS\system32\pnrpnsp.dll
0x00007fff33a90000 - 0x00007fff33aa5000 	C:\WINDOWS\system32\wshbth.dll
0x00007fff33790000 - 0x00007fff337ad000 	C:\WINDOWS\system32\NLAapi.dll
0x00007fff36ad0000 - 0x00007fff36b0b000 	C:\WINDOWS\SYSTEM32\IPHLPAPI.DLL
0x00007fff36b10000 - 0x00007fff36bda000 	C:\WINDOWS\SYSTEM32\DNSAPI.dll
0x00007fff39c00000 - 0x00007fff39c08000 	C:\WINDOWS\System32\NSI.dll
0x00007fff22ba0000 - 0x00007fff22bb2000 	C:\WINDOWS\System32\winrnr.dll
0x00007fff31870000 - 0x00007fff3187a000 	C:\Windows\System32\rasadhlp.dll
0x00007fff30710000 - 0x00007fff30790000 	C:\WINDOWS\System32\fwpuclnt.dll
0x00007fff32760000 - 0x00007fff32777000 	C:\WINDOWS\SYSTEM32\dhcpcsvc6.DLL
0x00007fff32740000 - 0x00007fff3275d000 	C:\WINDOWS\SYSTEM32\dhcpcsvc.DLL
0x0000000180000000 - 0x0000000180374000 	D:\JAVA\Tomcat\apache-tomcat-9.0.87-windows-x64\apache-tomcat-9.0.87\bin\tcnative-1.dll
0x00007fff37790000 - 0x00007fff378ee000 	C:\WINDOWS\System32\CRYPT32.dll

VM Arguments:
jvm_args: -ea -Didea.test.cyclic.buffer.size=1048576 -javaagent:D:\JAVA\IDEA\IntelliJ IDEA 2023.1\lib\idea_rt.jar=58038:D:\JAVA\IDEA\IntelliJ IDEA 2023.1\bin -Dfile.encoding=UTF-8 
java_command: com.intellij.rt.junit.JUnitStarter -ideVersion5 -junit5 service.com.bopao.UserServiceTest,searchUsersByTags
java_class_path (initial): C:\Users\Bo\.m2\repository\org\junit\platform\junit-platform-launcher\1.8.2\junit-platform-launcher-1.8.2.jar;C:\Users\Bo\.m2\repository\org\junit\platform\junit-platform-engine\1.8.2\junit-platform-engine-1.8.2.jar;C:\Users\Bo\.m2\repository\org\opentest4j\opentest4j\1.2.0\opentest4j-1.2.0.jar;C:\Users\Bo\.m2\repository\org\junit\platform\junit-platform-commons\1.8.2\junit-platform-commons-1.8.2.jar;C:\Users\Bo\.m2\repository\org\apiguardian\apiguardian-api\1.1.2\apiguardian-api-1.1.2.jar;C:\Users\Bo\.m2\repository\org\junit\vintage\junit-vintage-engine\5.8.2\junit-vintage-engine-5.8.2.jar;D:\JAVA\IDEA\IntelliJ IDEA 2023.1\lib\idea_rt.jar;D:\JAVA\IDEA\IntelliJ IDEA 2023.1\plugins\junit\lib\junit5-rt.jar;D:\JAVA\IDEA\IntelliJ IDEA 2023.1\plugins\junit\lib\junit-rt.jar;D:\JAVA\JDK\jre\lib\charsets.jar;D:\JAVA\JDK\jre\lib\deploy.jar;D:\JAVA\JDK\jre\lib\ext\access-bridge-64.jar;D:\JAVA\JDK\jre\lib\ext\cldrdata.jar;D:\JAVA\JDK\jre\lib\ext\dnsns.jar;D:\JAVA\JDK\jre\lib\ext\jaccess.jar;D:\JAVA\JDK\jre\lib\ext\jfxrt.jar;D:\JAVA\JDK\jre\lib\ext\localedata.jar;D:\JAVA\JDK\jre\lib\ext\nashorn.jar;D:\JAVA\JDK\jre\lib\ext\sunec.jar;D:\JAVA\JDK\jre\lib\ext\sunjce_provider.jar;D:\JAVA\JDK\jre\lib\ext\sunmscapi.jar;D:\JAVA\JDK\jre\lib\ext\sunpkcs11.jar;D:\JAVA\JDK\jre\lib\ext\zipfs.jar;D:\JAVA\JDK\jre\lib\javaws.jar;D:\JAVA\JDK\jre\lib\jce.jar;D:\JAVA\JDK\jre\lib\jfr.jar;D:\JAVA\JDK\jre\lib\jfxswt.jar;D:\JAVA\JDK\jre\lib\jsse.jar;D:\JAVA\JDK\jre\lib\management-agent.jar;D:\JAVA\JDK\jre\lib\plugin.jar;D:\JAVA\JDK\jre\lib\resources.jar;D:\JAVA\JDK\jre\lib\rt.jar;D:\JAVA\SpringBoot\BoPao\bopao-backend\user-center-backend-master\target\test-classes;D:\JAVA\SpringBoot\BoPao\bopao-backend\user-center-backend-master\target\classes;D:\Maven\localRespository\com\google\code\gson\gson\2.10.1\gson-2.10.1.jar;D:\Maven\localRespository\org\springframework\boot\spring-boot-starter-web\2.6.4\spring-boot-starter-web-2.6.4.jar;D:\Maven\localRespository\org\springframew
Launcher Type: SUN_STANDARD

Environment Variables:
JAVA_HOME=D:\JAVA\JDK
CLASSPATH=.;D:\JAVA\JDK\lib;D:\JAVA\JDK\lib\tools.jar
PATH=D:\Linux\VMware\bin\;C:\WINDOWS\system32;C:\WINDOWS;C:\WINDOWS\System32\Wbem;C:\WINDOWS\System32\WindowsPowerShell\v1.0\;C:\WINDOWS\System32\OpenSSH\;D:\MYSQL\mysql-8.3.0-winx64\mysql-8.3.0;D:\MYSQL\mysql-8.3.0-winx64\mysql-8.3.0\bin;D:\JAVA\JDK\bin;D:\Git\Notepad++;D:\Git\Git\cmd;D:\JAVA\Tomcat\apache-tomcat-9.0.87-windows-x64\apache-tomcat-9.0.87\bin;D:\JAVA\Tomcat\apache-tomcat-9.0.87-windows-x64\apache-tomcat-9.0.87\lib;D:\NVM\nvm;D:\NVM\nodejs;D:\NVM\nvm\node_global;D:\XShell\;D:\Redis\Redis-x64-5.0.14.1;D:\Eralng\erl9.2\bin;D:\Anaconda\Anaconda3;D:\Anaconda\Anaconda3\Library\mingw-w64\bin;D:\Anaconda\Anaconda3\Library\usr\bin;D:\Anaconda\Anaconda3\Library\bin;D:\Anaconda\Anaconda3\Scripts;C:\Users\Bo\AppData\Local\Microsoft\WindowsApps;D:\BandiZip\;D:\JAVA\IDEA\IntelliJ IDEA 2023.1\bin;;D:\MYSQL\DataGrip\DataGrip 2023.1\bin;;D:\VScode\Local\Microsoft VS Code\bin;D:\pycharm\PyCharm 2023.1\bin;;D:\Maven\apache-maven-3.9.6\bin;D:\WebStorm\WebStorm 2023.1\bin;;D:\NVM\nvm;D:\NVM\nodejs;D:\NVM\nvm\node_global;
USERNAME=Bo
OS=Windows_NT
PROCESSOR_IDENTIFIER=AMD64 Family 25 Model 80 Stepping 0, AuthenticAMD



---------------  S Y S T E M  ---------------

OS: Windows 10.0 , 64 bit Build 19041 (10.0.19041.4597)

CPU:total 16 (initial active 16) (16 cores per cpu, 1 threads per core) family 25 model 80 stepping 0, cmov, cx8, fxsr, mmx, sse, sse2, sse3, ssse3, sse4.1, sse4.2, popcnt, avx, avx2, aes, clmul, erms, mmxext, 3dnowpref, lzcnt, sse4a, tsc, tscinvbit, tscinv, bmi1

Memory: 4k page, physical 16101436k(1178628k free), swap 28684348k(5332k free)

vm_info: Java HotSpot(TM) 64-Bit Server VM (25.162-b12) for windows-amd64 JRE (1.8.0_162-b12), built on Dec 19 2017 20:00:03 by "java_re" with MS VC++ 10.0 (VS2010)

time: Sat Aug 17 15:15:34 2024
elapsed time: 2 seconds (0d 0h 0m 2s)

