#
# There is insufficient memory for the Java Runtime Environment to continue.
# Native memory allocation (malloc) failed to allocate 32744 bytes for ChunkPool::allocate
# Possible reasons:
#   The system is out of physical RAM or swap space
#   The process is running with CompressedOops enabled, and the Java Heap may be blocking the growth of the native heap
# Possible solutions:
#   Reduce memory load on the system
#   Increase physical memory or swap space
#   Check if swap backing store is full
#   Decrease Java heap size (-Xmx/-Xms)
#   Decrease number of Java threads
#   Decrease Java thread stack sizes (-Xss)
#   Set larger code cache with -XX:ReservedCodeCacheSize=
#   JVM is running with Unscaled Compressed Oops mode in which the Java heap is
#     placed in the first 4GB address space. The Java Heap base address is the
#     maximum limit for the native heap growth. Please use -XX:HeapBaseMinAddress
#     to set the Java Heap base and to place the Java Heap above 4GB virtual address.
# This output file may be truncated or incomplete.
#
#  Out of Memory Error (arena.cpp:78), pid=22944, tid=28780
#
# JRE version: OpenJDK Runtime Environment JBR-17.0.6+10-829.5-jcef (17.0.6+10) (build 17.0.6+10-b829.5)
# Java VM: OpenJDK 64-Bit Server VM JBR-17.0.6+10-829.5-jcef (17.0.6+10-b829.5, mixed mode, tiered, compressed oops, compressed class ptrs, g1 gc, windows-amd64)
# No core dump will be written. Minidumps are not enabled by default on client versions of Windows
#

---------------  S U M M A R Y ------------

Command Line: -Djava.rmi.server.hostname=127.0.0.1 -Duser.timezone=UTC -Xmx1024m -Xms128m --add-exports=java.desktop/sun.awt=ALL-UNNAMED --add-exports=java.desktop/java.awt.peer=ALL-UNNAMED --add-opens=java.desktop/java.awt=ALL-UNNAMED --add-opens=jdk.unsupported/sun.misc=ALL-UNNAMED --add-opens=java.base/java.nio=ALL-UNNAMED --add-opens=java.base/java.util=ALL-UNNAMED -Dfile.encoding=UTF-8 com.intellij.database.remote.RemoteJdbcServer com.mysql.cj.jdbc.Driver

Host: AMD Ryzen 7 5800H with Radeon Graphics         , 16 cores, 15G,  Windows 10 , 64 bit Build 19041 (10.0.19041.4717)
Time: Sat Sep 14 12:23:42 2024  Windows 10 , 64 bit Build 19041 (10.0.19041.4717) elapsed time: 8439.834157 seconds (0d 2h 20m 39s)

---------------  T H R E A D  ---------------

Current thread (0x0000028f2f431cc0):  JavaThread "C2 CompilerThread0" daemon [_thread_in_vm, id=28780, stack(0x000000b482800000,0x000000b482900000)]


Current CompileTask:
C2:8439834 3335       4       java.io.ObjectInputStream::readClassDesc (121 bytes)

Stack: [0x000000b482800000,0x000000b482900000]
Native frames: (J=compiled Java code, j=interpreted, Vv=VM code, C=native code)
V  [jvm.dll+0x683b4a]
V  [jvm.dll+0x842654]
V  [jvm.dll+0x843dfe]
V  [jvm.dll+0x844463]
V  [jvm.dll+0x249b75]
V  [jvm.dll+0xabecc]
V  [jvm.dll+0xac27c]
V  [jvm.dll+0xaa7c]
V  [jvm.dll+0x1d8cf1]
V  [jvm.dll+0x1c7147]
V  [jvm.dll+0x1ca6d3]
V  [jvm.dll+0x80114e]
V  [jvm.dll+0x806584]
V  [jvm.dll+0x8035d1]
V  [jvm.dll+0x6aa6fb]
V  [jvm.dll+0x343d74]
V  [jvm.dll+0x69eb36]
V  [jvm.dll+0x69e96b]
V  [jvm.dll+0x699e2b]
V  [jvm.dll+0x693f0b]
V  [jvm.dll+0x693547]
V  [jvm.dll+0x691442]
V  [jvm.dll+0x1a81fc]
V  [jvm.dll+0x2b0104]
V  [jvm.dll+0x69bf45]
V  [jvm.dll+0x693f0b]
V  [jvm.dll+0x693547]
V  [jvm.dll+0x691442]
V  [jvm.dll+0x1a81fc]
V  [jvm.dll+0x2b0104]
V  [jvm.dll+0x69bf45]
V  [jvm.dll+0x693f0b]
V  [jvm.dll+0x693547]
V  [jvm.dll+0x691442]
V  [jvm.dll+0x1a81fc]
V  [jvm.dll+0x2b0104]
V  [jvm.dll+0x69bf45]
V  [jvm.dll+0x693f0b]
V  [jvm.dll+0x693547]
V  [jvm.dll+0x691442]
V  [jvm.dll+0x1a81fc]
V  [jvm.dll+0x2b0104]
V  [jvm.dll+0x69bf45]
V  [jvm.dll+0x693f0b]
V  [jvm.dll+0x693547]
V  [jvm.dll+0x691442]
V  [jvm.dll+0x1a81fc]
V  [jvm.dll+0x1a8dc6]
V  [jvm.dll+0x2b0104]
V  [jvm.dll+0x69bf45]
V  [jvm.dll+0x693f0b]
V  [jvm.dll+0x693547]
V  [jvm.dll+0x691442]
V  [jvm.dll+0x1a81fc]
V  [jvm.dll+0x2b0104]
V  [jvm.dll+0x69bf45]
V  [jvm.dll+0x693f0b]
V  [jvm.dll+0x693547]
V  [jvm.dll+0x691442]
V  [jvm.dll+0x1a81fc]
V  [jvm.dll+0x1a8dc6]
V  [jvm.dll+0x1a8dc6]
V  [jvm.dll+0x2b0104]
V  [jvm.dll+0x69bf45]
V  [jvm.dll+0x693f0b]
V  [jvm.dll+0x693547]
V  [jvm.dll+0x691442]
V  [jvm.dll+0x1a81fc]
V  [jvm.dll+0x1a8dc6]
V  [jvm.dll+0x2b0104]
V  [jvm.dll+0x69bf45]
V  [jvm.dll+0x693f0b]
V  [jvm.dll+0x693547]
V  [jvm.dll+0x691442]
V  [jvm.dll+0x1a81fc]
V  [jvm.dll+0x21b1e8]
V  [jvm.dll+0x1a4fdd]
V  [jvm.dll+0x22b098]
V  [jvm.dll+0x229159]
V  [jvm.dll+0x7f809c]
V  [jvm.dll+0x7f25fa]
V  [jvm.dll+0x682985]
C  [ucrtbase.dll+0x21bb2]
C  [KERNEL32.DLL+0x17374]
C  [ntdll.dll+0x4cc91]


---------------  P R O C E S S  ---------------

Threads class SMR info:
_java_thread_list=0x0000028f2f66a090, length=20, elements={
0x0000028f14507430, 0x0000028f2ea4b260, 0x0000028f2ea4bfe0, 0x0000028f2f42e1c0,
0x0000028f2f42fa90, 0x0000028f2f430350, 0x0000028f2f431020, 0x0000028f2f431cc0,
0x0000028f2f45e0d0, 0x0000028f2f464700, 0x0000028f2f62db40, 0x0000028f2f64e020,
0x0000028f2f704c50, 0x0000028f2fa1bb90, 0x0000028f2fad7e00, 0x0000028f2fad82d0,
0x0000028f2fad87a0, 0x0000028f2faf8740, 0x0000028f2faebe70, 0x0000028f2faee9c0
}

Java Threads: ( => current thread )
  0x0000028f14507430 JavaThread "main" [_thread_blocked, id=9904, stack(0x000000b481b00000,0x000000b481c00000)]
  0x0000028f2ea4b260 JavaThread "Reference Handler" daemon [_thread_blocked, id=28308, stack(0x000000b482200000,0x000000b482300000)]
  0x0000028f2ea4bfe0 JavaThread "Finalizer" daemon [_thread_blocked, id=11464, stack(0x000000b482300000,0x000000b482400000)]
  0x0000028f2f42e1c0 JavaThread "Signal Dispatcher" daemon [_thread_blocked, id=23804, stack(0x000000b482400000,0x000000b482500000)]
  0x0000028f2f42fa90 JavaThread "Attach Listener" daemon [_thread_blocked, id=21668, stack(0x000000b482500000,0x000000b482600000)]
  0x0000028f2f430350 JavaThread "Service Thread" daemon [_thread_blocked, id=8064, stack(0x000000b482600000,0x000000b482700000)]
  0x0000028f2f431020 JavaThread "Monitor Deflation Thread" daemon [_thread_blocked, id=22520, stack(0x000000b482700000,0x000000b482800000)]
=>0x0000028f2f431cc0 JavaThread "C2 CompilerThread0" daemon [_thread_in_vm, id=28780, stack(0x000000b482800000,0x000000b482900000)]
  0x0000028f2f45e0d0 JavaThread "C1 CompilerThread0" daemon [_thread_blocked, id=7792, stack(0x000000b482900000,0x000000b482a00000)]
  0x0000028f2f464700 JavaThread "Sweeper thread" daemon [_thread_blocked, id=27092, stack(0x000000b482a00000,0x000000b482b00000)]
  0x0000028f2f62db40 JavaThread "Common-Cleaner" daemon [_thread_blocked, id=18208, stack(0x000000b482d00000,0x000000b482e00000)]
  0x0000028f2f64e020 JavaThread "Notification Thread" daemon [_thread_blocked, id=23612, stack(0x000000b482e00000,0x000000b482f00000)]
  0x0000028f2f704c50 JavaThread "mysql-cj-abandoned-connection-cleanup" daemon [_thread_blocked, id=22652, stack(0x000000b483100000,0x000000b483200000)]
  0x0000028f2fa1bb90 JavaThread "RMI TCP Accept-17129" daemon [_thread_in_native, id=24608, stack(0x000000b483000000,0x000000b483100000)]
  0x0000028f2fad7e00 JavaThread "RMI TCP Accept-0" daemon [_thread_in_native, id=26252, stack(0x000000b483200000,0x000000b483300000)]
  0x0000028f2fad82d0 JavaThread "RMI Reaper" [_thread_blocked, id=28940, stack(0x000000b483300000,0x000000b483400000)]
  0x0000028f2fad87a0 JavaThread "RMI GC Daemon" daemon [_thread_blocked, id=24716, stack(0x000000b483400000,0x000000b483500000)]
  0x0000028f2faf8740 JavaThread "RMI TCP Connection(1)-127.0.0.1" daemon [_thread_in_native, id=29484, stack(0x000000b483500000,0x000000b483600000)]
  0x0000028f2faebe70 JavaThread "RMI Scheduler(0)" daemon [_thread_blocked, id=29188, stack(0x000000b483700000,0x000000b483800000)]
  0x0000028f2faee9c0 JavaThread "RMI TCP Connection(4)-127.0.0.1" daemon [_thread_in_native, id=8096, stack(0x000000b483900000,0x000000b483a00000)]

Other Threads:
  0x0000028f2ea25010 VMThread "VM Thread" [stack: 0x000000b482100000,0x000000b482200000] [id=9396]
  0x0000028f145629f0 WatcherThread [stack: 0x000000b482f00000,0x000000b483000000] [id=7100]
  0x0000028f14547fe0 GCTaskThread "GC Thread#0" [stack: 0x000000b481c00000,0x000000b481d00000] [id=29364]
  0x0000028f2fce4830 GCTaskThread "GC Thread#1" [stack: 0x000000b483c00000,0x000000b483d00000] [id=12532]
  0x0000028f2ff03070 GCTaskThread "GC Thread#2" [stack: 0x000000b483d00000,0x000000b483e00000] [id=30292]
  0x0000028f2ff03320 GCTaskThread "GC Thread#3" [stack: 0x000000b483e00000,0x000000b483f00000] [id=25380]
  0x0000028f2fca83f0 GCTaskThread "GC Thread#4" [stack: 0x000000b483f00000,0x000000b484000000] [id=9916]
  0x0000028f2fca8ab0 GCTaskThread "GC Thread#5" [stack: 0x000000b484000000,0x000000b484100000] [id=23768]
  0x0000028f2fca8d60 GCTaskThread "GC Thread#6" [stack: 0x000000b484100000,0x000000b484200000] [id=20368]
  0x0000028f2fca9830 GCTaskThread "GC Thread#7" [stack: 0x000000b484200000,0x000000b484300000] [id=22320]
  0x0000028f2fcacb10 GCTaskThread "GC Thread#8" [stack: 0x000000b484300000,0x000000b484400000] [id=27128]
  0x0000028f2fcacdc0 GCTaskThread "GC Thread#9" [stack: 0x000000b484400000,0x000000b484500000] [id=29492]
  0x0000028f2fcad480 GCTaskThread "GC Thread#10" [stack: 0x000000b484500000,0x000000b484600000] [id=6216]
  0x0000028f30c068c0 GCTaskThread "GC Thread#11" [stack: 0x000000b484600000,0x000000b484700000] [id=20016]
  0x0000028f30be08c0 GCTaskThread "GC Thread#12" [stack: 0x000000b482b00000,0x000000b482c00000] [id=20244]
  0x0000028f14550e30 ConcurrentGCThread "G1 Main Marker" [stack: 0x000000b481d00000,0x000000b481e00000] [id=21132]
  0x0000028f14552f00 ConcurrentGCThread "G1 Conc#0" [stack: 0x000000b481e00000,0x000000b481f00000] [id=27000]
  0x0000028f2fcba5e0 ConcurrentGCThread "G1 Conc#1" [stack: 0x000000b484700000,0x000000b484800000] [id=28196]
  0x0000028f30bdfe00 ConcurrentGCThread "G1 Conc#2" [stack: 0x000000b484800000,0x000000b484900000] [id=16300]
  0x0000028f145cecf0 ConcurrentGCThread "G1 Refine#0" [stack: 0x000000b481f00000,0x000000b482000000] [id=24076]
  0x0000028f2e874710 ConcurrentGCThread "G1 Service" [stack: 0x000000b482000000,0x000000b482100000] [id=25480]

Threads with active compile tasks:
C2 CompilerThread0  8439867 3335       4       java.io.ObjectInputStream::readClassDesc (121 bytes)

VM state: not at safepoint (normal execution)

VM Mutex/Monitor currently owned by a thread: None

Heap address: 0x00000000c0000000, size: 1024 MB, Compressed Oops mode: 32-bit

CDS archive(s) not mapped
Compressed class space mapped at: 0x0000000100000000-0x0000000140000000, reserved size: 1073741824
Narrow klass base: 0x0000000000000000, Narrow klass shift: 3, Narrow klass range: 0x140000000

GC Precious Log:
 CPUs: 16 total, 16 available
 Memory: 15724M
 Large Page Support: Disabled
 NUMA Support: Disabled
 Compressed Oops: Enabled (32-bit)
 Heap Region Size: 1M
 Heap Min Capacity: 128M
 Heap Initial Capacity: 128M
 Heap Max Capacity: 1G
 Pre-touch: Disabled
 Parallel Workers: 13
 Concurrent Workers: 3
 Concurrent Refinement Workers: 13
 Periodic GC: Disabled

Heap:
 garbage-first heap   total 131072K, used 11917K [0x00000000c0000000, 0x0000000100000000)
  region size 1024K, 6 young (6144K), 0 survivors (0K)
 Metaspace       used 24189K, committed 24576K, reserved 1073152K
  class space    used 2457K, committed 2624K, reserved 1048576K

Heap Regions: E=young(eden), S=young(survivor), O=old, HS=humongous(starts), HC=humongous(continues), CS=collection set, F=free, OA=open archive, CA=closed archive, TAMS=top-at-mark-start (previous, next)
|   0|0x00000000c0000000, 0x00000000c0100000, 0x00000000c0100000|100%| O|  |TAMS 0x00000000c0100000, 0x00000000c0000000| Untracked 
|   1|0x00000000c0100000, 0x00000000c01ffff8, 0x00000000c0200000| 99%| O|  |TAMS 0x00000000c01ffff8, 0x00000000c0100000| Untracked 
|   2|0x00000000c0200000, 0x00000000c0300000, 0x00000000c0300000|100%| O|  |TAMS 0x00000000c0300000, 0x00000000c0200000| Untracked 
|   3|0x00000000c0300000, 0x00000000c03e6520, 0x00000000c0400000| 89%| O|  |TAMS 0x00000000c0300000, 0x00000000c0300000| Untracked 
|   4|0x00000000c0400000, 0x00000000c04fff10, 0x00000000c0500000| 99%| O|  |TAMS 0x00000000c0400000, 0x00000000c0400000| Untracked 
|   5|0x00000000c0500000, 0x00000000c0600000, 0x00000000c0600000|100%| O|  |TAMS 0x00000000c0600000, 0x00000000c0500000| Untracked 
|   6|0x00000000c0600000, 0x00000000c069f518, 0x00000000c0700000| 62%| O|  |TAMS 0x00000000c0600000, 0x00000000c0600000| Untracked 
|   7|0x00000000c0700000, 0x00000000c071dbc0, 0x00000000c0800000| 11%| O|  |TAMS 0x00000000c0700000, 0x00000000c0700000| Untracked 
|   8|0x00000000c0800000, 0x00000000c0800000, 0x00000000c0900000|  0%| F|  |TAMS 0x00000000c0800000, 0x00000000c0800000| Untracked 
|   9|0x00000000c0900000, 0x00000000c0900000, 0x00000000c0a00000|  0%| F|  |TAMS 0x00000000c0900000, 0x00000000c0900000| Untracked 
|  10|0x00000000c0a00000, 0x00000000c0a00000, 0x00000000c0b00000|  0%| F|  |TAMS 0x00000000c0a00000, 0x00000000c0a00000| Untracked 
|  11|0x00000000c0b00000, 0x00000000c0b00000, 0x00000000c0c00000|  0%| F|  |TAMS 0x00000000c0b00000, 0x00000000c0b00000| Untracked 
|  12|0x00000000c0c00000, 0x00000000c0c00000, 0x00000000c0d00000|  0%| F|  |TAMS 0x00000000c0c00000, 0x00000000c0c00000| Untracked 
|  13|0x00000000c0d00000, 0x00000000c0d00000, 0x00000000c0e00000|  0%| F|  |TAMS 0x00000000c0d00000, 0x00000000c0d00000| Untracked 
|  14|0x00000000c0e00000, 0x00000000c0e00000, 0x00000000c0f00000|  0%| F|  |TAMS 0x00000000c0e00000, 0x00000000c0e00000| Untracked 
|  15|0x00000000c0f00000, 0x00000000c0f00000, 0x00000000c1000000|  0%| F|  |TAMS 0x00000000c0f00000, 0x00000000c0f00000| Untracked 
|  16|0x00000000c1000000, 0x00000000c1000000, 0x00000000c1100000|  0%| F|  |TAMS 0x00000000c1000000, 0x00000000c1000000| Untracked 
|  17|0x00000000c1100000, 0x00000000c1100000, 0x00000000c1200000|  0%| F|  |TAMS 0x00000000c1100000, 0x00000000c1100000| Untracked 
|  18|0x00000000c1200000, 0x00000000c1200000, 0x00000000c1300000|  0%| F|  |TAMS 0x00000000c1200000, 0x00000000c1200000| Untracked 
|  19|0x00000000c1300000, 0x00000000c1300000, 0x00000000c1400000|  0%| F|  |TAMS 0x00000000c1300000, 0x00000000c1300000| Untracked 
|  20|0x00000000c1400000, 0x00000000c1400000, 0x00000000c1500000|  0%| F|  |TAMS 0x00000000c1400000, 0x00000000c1400000| Untracked 
|  21|0x00000000c1500000, 0x00000000c1500000, 0x00000000c1600000|  0%| F|  |TAMS 0x00000000c1500000, 0x00000000c1500000| Untracked 
|  22|0x00000000c1600000, 0x00000000c1600000, 0x00000000c1700000|  0%| F|  |TAMS 0x00000000c1600000, 0x00000000c1600000| Untracked 
|  23|0x00000000c1700000, 0x00000000c1700000, 0x00000000c1800000|  0%| F|  |TAMS 0x00000000c1700000, 0x00000000c1700000| Untracked 
|  24|0x00000000c1800000, 0x00000000c1800000, 0x00000000c1900000|  0%| F|  |TAMS 0x00000000c1800000, 0x00000000c1800000| Untracked 
|  25|0x00000000c1900000, 0x00000000c1900000, 0x00000000c1a00000|  0%| F|  |TAMS 0x00000000c1900000, 0x00000000c1900000| Untracked 
|  26|0x00000000c1a00000, 0x00000000c1a00000, 0x00000000c1b00000|  0%| F|  |TAMS 0x00000000c1a00000, 0x00000000c1a00000| Untracked 
|  27|0x00000000c1b00000, 0x00000000c1b00000, 0x00000000c1c00000|  0%| F|  |TAMS 0x00000000c1b00000, 0x00000000c1b00000| Untracked 
|  28|0x00000000c1c00000, 0x00000000c1c00000, 0x00000000c1d00000|  0%| F|  |TAMS 0x00000000c1c00000, 0x00000000c1c00000| Untracked 
|  29|0x00000000c1d00000, 0x00000000c1d00000, 0x00000000c1e00000|  0%| F|  |TAMS 0x00000000c1d00000, 0x00000000c1d00000| Untracked 
|  30|0x00000000c1e00000, 0x00000000c1e00000, 0x00000000c1f00000|  0%| F|  |TAMS 0x00000000c1e00000, 0x00000000c1e00000| Untracked 
|  31|0x00000000c1f00000, 0x00000000c1f00000, 0x00000000c2000000|  0%| F|  |TAMS 0x00000000c1f00000, 0x00000000c1f00000| Untracked 
|  32|0x00000000c2000000, 0x00000000c2000000, 0x00000000c2100000|  0%| F|  |TAMS 0x00000000c2000000, 0x00000000c2000000| Untracked 
|  33|0x00000000c2100000, 0x00000000c2100000, 0x00000000c2200000|  0%| F|  |TAMS 0x00000000c2100000, 0x00000000c2100000| Untracked 
|  34|0x00000000c2200000, 0x00000000c2200000, 0x00000000c2300000|  0%| F|  |TAMS 0x00000000c2200000, 0x00000000c2200000| Untracked 
|  35|0x00000000c2300000, 0x00000000c2300000, 0x00000000c2400000|  0%| F|  |TAMS 0x00000000c2300000, 0x00000000c2300000| Untracked 
|  36|0x00000000c2400000, 0x00000000c2400000, 0x00000000c2500000|  0%| F|  |TAMS 0x00000000c2400000, 0x00000000c2400000| Untracked 
|  37|0x00000000c2500000, 0x00000000c2500000, 0x00000000c2600000|  0%| F|  |TAMS 0x00000000c2500000, 0x00000000c2500000| Untracked 
|  38|0x00000000c2600000, 0x00000000c2600000, 0x00000000c2700000|  0%| F|  |TAMS 0x00000000c2600000, 0x00000000c2600000| Untracked 
|  39|0x00000000c2700000, 0x00000000c2700000, 0x00000000c2800000|  0%| F|  |TAMS 0x00000000c2700000, 0x00000000c2700000| Untracked 
|  40|0x00000000c2800000, 0x00000000c2800000, 0x00000000c2900000|  0%| F|  |TAMS 0x00000000c2800000, 0x00000000c2800000| Untracked 
|  41|0x00000000c2900000, 0x00000000c2900000, 0x00000000c2a00000|  0%| F|  |TAMS 0x00000000c2900000, 0x00000000c2900000| Untracked 
|  42|0x00000000c2a00000, 0x00000000c2a00000, 0x00000000c2b00000|  0%| F|  |TAMS 0x00000000c2a00000, 0x00000000c2a00000| Untracked 
|  43|0x00000000c2b00000, 0x00000000c2b00000, 0x00000000c2c00000|  0%| F|  |TAMS 0x00000000c2b00000, 0x00000000c2b00000| Untracked 
|  44|0x00000000c2c00000, 0x00000000c2c00000, 0x00000000c2d00000|  0%| F|  |TAMS 0x00000000c2c00000, 0x00000000c2c00000| Untracked 
|  45|0x00000000c2d00000, 0x00000000c2d00000, 0x00000000c2e00000|  0%| F|  |TAMS 0x00000000c2d00000, 0x00000000c2d00000| Untracked 
|  46|0x00000000c2e00000, 0x00000000c2e00000, 0x00000000c2f00000|  0%| F|  |TAMS 0x00000000c2e00000, 0x00000000c2e00000| Untracked 
|  47|0x00000000c2f00000, 0x00000000c2f00000, 0x00000000c3000000|  0%| F|  |TAMS 0x00000000c2f00000, 0x00000000c2f00000| Untracked 
|  48|0x00000000c3000000, 0x00000000c3000000, 0x00000000c3100000|  0%| F|  |TAMS 0x00000000c3000000, 0x00000000c3000000| Untracked 
|  49|0x00000000c3100000, 0x00000000c3100000, 0x00000000c3200000|  0%| F|  |TAMS 0x00000000c3100000, 0x00000000c3100000| Untracked 
|  50|0x00000000c3200000, 0x00000000c3200000, 0x00000000c3300000|  0%| F|  |TAMS 0x00000000c3200000, 0x00000000c3200000| Untracked 
|  51|0x00000000c3300000, 0x00000000c3300000, 0x00000000c3400000|  0%| F|  |TAMS 0x00000000c3300000, 0x00000000c3300000| Untracked 
|  52|0x00000000c3400000, 0x00000000c3400000, 0x00000000c3500000|  0%| F|  |TAMS 0x00000000c3400000, 0x00000000c3400000| Untracked 
|  53|0x00000000c3500000, 0x00000000c3500000, 0x00000000c3600000|  0%| F|  |TAMS 0x00000000c3500000, 0x00000000c3500000| Untracked 
|  54|0x00000000c3600000, 0x00000000c3600000, 0x00000000c3700000|  0%| F|  |TAMS 0x00000000c3600000, 0x00000000c3600000| Untracked 
|  55|0x00000000c3700000, 0x00000000c3700000, 0x00000000c3800000|  0%| F|  |TAMS 0x00000000c3700000, 0x00000000c3700000| Untracked 
|  56|0x00000000c3800000, 0x00000000c3800000, 0x00000000c3900000|  0%| F|  |TAMS 0x00000000c3800000, 0x00000000c3800000| Untracked 
|  57|0x00000000c3900000, 0x00000000c3900000, 0x00000000c3a00000|  0%| F|  |TAMS 0x00000000c3900000, 0x00000000c3900000| Untracked 
|  58|0x00000000c3a00000, 0x00000000c3a00000, 0x00000000c3b00000|  0%| F|  |TAMS 0x00000000c3a00000, 0x00000000c3a00000| Untracked 
|  59|0x00000000c3b00000, 0x00000000c3b00000, 0x00000000c3c00000|  0%| F|  |TAMS 0x00000000c3b00000, 0x00000000c3b00000| Untracked 
|  60|0x00000000c3c00000, 0x00000000c3c00000, 0x00000000c3d00000|  0%| F|  |TAMS 0x00000000c3c00000, 0x00000000c3c00000| Untracked 
|  61|0x00000000c3d00000, 0x00000000c3d00000, 0x00000000c3e00000|  0%| F|  |TAMS 0x00000000c3d00000, 0x00000000c3d00000| Untracked 
|  62|0x00000000c3e00000, 0x00000000c3e00000, 0x00000000c3f00000|  0%| F|  |TAMS 0x00000000c3e00000, 0x00000000c3e00000| Untracked 
|  63|0x00000000c3f00000, 0x00000000c3f00000, 0x00000000c4000000|  0%| F|  |TAMS 0x00000000c3f00000, 0x00000000c3f00000| Untracked 
|  64|0x00000000c4000000, 0x00000000c4000000, 0x00000000c4100000|  0%| F|  |TAMS 0x00000000c4000000, 0x00000000c4000000| Untracked 
|  65|0x00000000c4100000, 0x00000000c4100000, 0x00000000c4200000|  0%| F|  |TAMS 0x00000000c4100000, 0x00000000c4100000| Untracked 
|  66|0x00000000c4200000, 0x00000000c4200000, 0x00000000c4300000|  0%| F|  |TAMS 0x00000000c4200000, 0x00000000c4200000| Untracked 
|  67|0x00000000c4300000, 0x00000000c4300000, 0x00000000c4400000|  0%| F|  |TAMS 0x00000000c4300000, 0x00000000c4300000| Untracked 
|  68|0x00000000c4400000, 0x00000000c4400000, 0x00000000c4500000|  0%| F|  |TAMS 0x00000000c4400000, 0x00000000c4400000| Untracked 
|  69|0x00000000c4500000, 0x00000000c4500000, 0x00000000c4600000|  0%| F|  |TAMS 0x00000000c4500000, 0x00000000c4500000| Untracked 
|  70|0x00000000c4600000, 0x00000000c4600000, 0x00000000c4700000|  0%| F|  |TAMS 0x00000000c4600000, 0x00000000c4600000| Untracked 
|  71|0x00000000c4700000, 0x00000000c4700000, 0x00000000c4800000|  0%| F|  |TAMS 0x00000000c4700000, 0x00000000c4700000| Untracked 
|  72|0x00000000c4800000, 0x00000000c4800000, 0x00000000c4900000|  0%| F|  |TAMS 0x00000000c4800000, 0x00000000c4800000| Untracked 
|  73|0x00000000c4900000, 0x00000000c4900000, 0x00000000c4a00000|  0%| F|  |TAMS 0x00000000c4900000, 0x00000000c4900000| Untracked 
|  74|0x00000000c4a00000, 0x00000000c4a00000, 0x00000000c4b00000|  0%| F|  |TAMS 0x00000000c4a00000, 0x00000000c4a00000| Untracked 
|  75|0x00000000c4b00000, 0x00000000c4b00000, 0x00000000c4c00000|  0%| F|  |TAMS 0x00000000c4b00000, 0x00000000c4b00000| Untracked 
|  76|0x00000000c4c00000, 0x00000000c4c00000, 0x00000000c4d00000|  0%| F|  |TAMS 0x00000000c4c00000, 0x00000000c4c00000| Untracked 
|  77|0x00000000c4d00000, 0x00000000c4d00000, 0x00000000c4e00000|  0%| F|  |TAMS 0x00000000c4d00000, 0x00000000c4d00000| Untracked 
|  78|0x00000000c4e00000, 0x00000000c4e00000, 0x00000000c4f00000|  0%| F|  |TAMS 0x00000000c4e00000, 0x00000000c4e00000| Untracked 
|  79|0x00000000c4f00000, 0x00000000c4f00000, 0x00000000c5000000|  0%| F|  |TAMS 0x00000000c4f00000, 0x00000000c4f00000| Untracked 
|  80|0x00000000c5000000, 0x00000000c5000000, 0x00000000c5100000|  0%| F|  |TAMS 0x00000000c5000000, 0x00000000c5000000| Untracked 
|  81|0x00000000c5100000, 0x00000000c5100000, 0x00000000c5200000|  0%| F|  |TAMS 0x00000000c5100000, 0x00000000c5100000| Untracked 
|  82|0x00000000c5200000, 0x00000000c5200000, 0x00000000c5300000|  0%| F|  |TAMS 0x00000000c5200000, 0x00000000c5200000| Untracked 
|  83|0x00000000c5300000, 0x00000000c5300000, 0x00000000c5400000|  0%| F|  |TAMS 0x00000000c5300000, 0x00000000c5300000| Untracked 
|  84|0x00000000c5400000, 0x00000000c5400000, 0x00000000c5500000|  0%| F|  |TAMS 0x00000000c5400000, 0x00000000c5400000| Untracked 
|  85|0x00000000c5500000, 0x00000000c5500000, 0x00000000c5600000|  0%| F|  |TAMS 0x00000000c5500000, 0x00000000c5500000| Untracked 
|  86|0x00000000c5600000, 0x00000000c5600000, 0x00000000c5700000|  0%| F|  |TAMS 0x00000000c5600000, 0x00000000c5600000| Untracked 
|  87|0x00000000c5700000, 0x00000000c5700000, 0x00000000c5800000|  0%| F|  |TAMS 0x00000000c5700000, 0x00000000c5700000| Untracked 
|  88|0x00000000c5800000, 0x00000000c5800000, 0x00000000c5900000|  0%| F|  |TAMS 0x00000000c5800000, 0x00000000c5800000| Untracked 
|  89|0x00000000c5900000, 0x00000000c5900000, 0x00000000c5a00000|  0%| F|  |TAMS 0x00000000c5900000, 0x00000000c5900000| Untracked 
|  90|0x00000000c5a00000, 0x00000000c5a00000, 0x00000000c5b00000|  0%| F|  |TAMS 0x00000000c5a00000, 0x00000000c5a00000| Untracked 
|  91|0x00000000c5b00000, 0x00000000c5b00000, 0x00000000c5c00000|  0%| F|  |TAMS 0x00000000c5b00000, 0x00000000c5b00000| Untracked 
|  92|0x00000000c5c00000, 0x00000000c5c00000, 0x00000000c5d00000|  0%| F|  |TAMS 0x00000000c5c00000, 0x00000000c5c00000| Untracked 
|  93|0x00000000c5d00000, 0x00000000c5d00000, 0x00000000c5e00000|  0%| F|  |TAMS 0x00000000c5d00000, 0x00000000c5d00000| Untracked 
|  94|0x00000000c5e00000, 0x00000000c5e00000, 0x00000000c5f00000|  0%| F|  |TAMS 0x00000000c5e00000, 0x00000000c5e00000| Untracked 
|  95|0x00000000c5f00000, 0x00000000c5f00000, 0x00000000c6000000|  0%| F|  |TAMS 0x00000000c5f00000, 0x00000000c5f00000| Untracked 
|  96|0x00000000c6000000, 0x00000000c6000000, 0x00000000c6100000|  0%| F|  |TAMS 0x00000000c6000000, 0x00000000c6000000| Untracked 
|  97|0x00000000c6100000, 0x00000000c6100000, 0x00000000c6200000|  0%| F|  |TAMS 0x00000000c6100000, 0x00000000c6100000| Untracked 
|  98|0x00000000c6200000, 0x00000000c6200000, 0x00000000c6300000|  0%| F|  |TAMS 0x00000000c6200000, 0x00000000c6200000| Untracked 
|  99|0x00000000c6300000, 0x00000000c6300000, 0x00000000c6400000|  0%| F|  |TAMS 0x00000000c6300000, 0x00000000c6300000| Untracked 
| 100|0x00000000c6400000, 0x00000000c6400000, 0x00000000c6500000|  0%| F|  |TAMS 0x00000000c6400000, 0x00000000c6400000| Untracked 
| 101|0x00000000c6500000, 0x00000000c6500000, 0x00000000c6600000|  0%| F|  |TAMS 0x00000000c6500000, 0x00000000c6500000| Untracked 
| 102|0x00000000c6600000, 0x00000000c6600000, 0x00000000c6700000|  0%| F|  |TAMS 0x00000000c6600000, 0x00000000c6600000| Untracked 
| 103|0x00000000c6700000, 0x00000000c6700000, 0x00000000c6800000|  0%| F|  |TAMS 0x00000000c6700000, 0x00000000c6700000| Untracked 
| 104|0x00000000c6800000, 0x00000000c6800000, 0x00000000c6900000|  0%| F|  |TAMS 0x00000000c6800000, 0x00000000c6800000| Untracked 
| 105|0x00000000c6900000, 0x00000000c6900000, 0x00000000c6a00000|  0%| F|  |TAMS 0x00000000c6900000, 0x00000000c6900000| Untracked 
| 106|0x00000000c6a00000, 0x00000000c6a00000, 0x00000000c6b00000|  0%| F|  |TAMS 0x00000000c6a00000, 0x00000000c6a00000| Untracked 
| 107|0x00000000c6b00000, 0x00000000c6b00000, 0x00000000c6c00000|  0%| F|  |TAMS 0x00000000c6b00000, 0x00000000c6b00000| Untracked 
| 108|0x00000000c6c00000, 0x00000000c6c00000, 0x00000000c6d00000|  0%| F|  |TAMS 0x00000000c6c00000, 0x00000000c6c00000| Untracked 
| 109|0x00000000c6d00000, 0x00000000c6d00000, 0x00000000c6e00000|  0%| F|  |TAMS 0x00000000c6d00000, 0x00000000c6d00000| Untracked 
| 110|0x00000000c6e00000, 0x00000000c6e00000, 0x00000000c6f00000|  0%| F|  |TAMS 0x00000000c6e00000, 0x00000000c6e00000| Untracked 
| 111|0x00000000c6f00000, 0x00000000c6f00000, 0x00000000c7000000|  0%| F|  |TAMS 0x00000000c6f00000, 0x00000000c6f00000| Untracked 
| 112|0x00000000c7000000, 0x00000000c7000000, 0x00000000c7100000|  0%| F|  |TAMS 0x00000000c7000000, 0x00000000c7000000| Untracked 
| 113|0x00000000c7100000, 0x00000000c7100000, 0x00000000c7200000|  0%| F|  |TAMS 0x00000000c7100000, 0x00000000c7100000| Untracked 
| 114|0x00000000c7200000, 0x00000000c7200000, 0x00000000c7300000|  0%| F|  |TAMS 0x00000000c7200000, 0x00000000c7200000| Untracked 
| 115|0x00000000c7300000, 0x00000000c7300000, 0x00000000c7400000|  0%| F|  |TAMS 0x00000000c7300000, 0x00000000c7300000| Untracked 
| 116|0x00000000c7400000, 0x00000000c7400000, 0x00000000c7500000|  0%| F|  |TAMS 0x00000000c7400000, 0x00000000c7400000| Untracked 
| 117|0x00000000c7500000, 0x00000000c7500000, 0x00000000c7600000|  0%| F|  |TAMS 0x00000000c7500000, 0x00000000c7500000| Untracked 
| 118|0x00000000c7600000, 0x00000000c7600000, 0x00000000c7700000|  0%| F|  |TAMS 0x00000000c7600000, 0x00000000c7600000| Untracked 
| 119|0x00000000c7700000, 0x00000000c7700000, 0x00000000c7800000|  0%| F|  |TAMS 0x00000000c7700000, 0x00000000c7700000| Untracked 
| 120|0x00000000c7800000, 0x00000000c7800000, 0x00000000c7900000|  0%| F|  |TAMS 0x00000000c7800000, 0x00000000c7800000| Untracked 
| 121|0x00000000c7900000, 0x00000000c7900000, 0x00000000c7a00000|  0%| F|  |TAMS 0x00000000c7900000, 0x00000000c7900000| Untracked 
| 122|0x00000000c7a00000, 0x00000000c7a3b1e0, 0x00000000c7b00000| 23%| E|  |TAMS 0x00000000c7a00000, 0x00000000c7a00000| Complete 
| 123|0x00000000c7b00000, 0x00000000c7c00000, 0x00000000c7c00000|100%| E|CS|TAMS 0x00000000c7b00000, 0x00000000c7b00000| Complete 
| 124|0x00000000c7c00000, 0x00000000c7d00000, 0x00000000c7d00000|100%| E|CS|TAMS 0x00000000c7c00000, 0x00000000c7c00000| Complete 
| 125|0x00000000c7d00000, 0x00000000c7e00000, 0x00000000c7e00000|100%| E|CS|TAMS 0x00000000c7d00000, 0x00000000c7d00000| Complete 
| 126|0x00000000c7e00000, 0x00000000c7f00000, 0x00000000c7f00000|100%| E|CS|TAMS 0x00000000c7e00000, 0x00000000c7e00000| Complete 
| 127|0x00000000c7f00000, 0x00000000c8000000, 0x00000000c8000000|100%| E|CS|TAMS 0x00000000c7f00000, 0x00000000c7f00000| Complete 

Card table byte_map: [0x0000028f29610000,0x0000028f29810000] _byte_map_base: 0x0000028f29010000

Marking Bits (Prev, Next): (CMBitMap*) 0x0000028f14548540, (CMBitMap*) 0x0000028f14548500
 Prev Bits: [0x0000028f2aa10000, 0x0000028f2ba10000)
 Next Bits: [0x0000028f29a10000, 0x0000028f2aa10000)

Polling page: 0x0000028f145d0000

Metaspace:

Usage:
  Non-class:     21.22 MB used.
      Class:      2.40 MB used.
       Both:     23.62 MB used.

Virtual space:
  Non-class space:       24.00 MB reserved,      21.44 MB ( 89%) committed,  3 nodes.
      Class space:        1.00 GB reserved,       2.56 MB ( <1%) committed,  1 nodes.
             Both:        1.02 GB reserved,      24.00 MB (  2%) committed. 

Chunk freelists:
   Non-Class:  2.57 MB
       Class:  1.47 MB
        Both:  4.04 MB

MaxMetaspaceSize: unlimited
CompressedClassSpaceSize: 1.00 GB
Initial GC threshold: 21.00 MB
Current GC threshold: 40.00 MB
CDS: off
MetaspaceReclaimPolicy: balanced
 - commit_granule_bytes: 65536.
 - commit_granule_words: 8192.
 - virtual_space_node_default_size: 1048576.
 - enlarge_chunks_in_place: 1.
 - new_chunks_are_fully_committed: 0.
 - uncommit_free_chunks: 1.
 - use_allocation_guard: 0.
 - handle_deallocations: 1.


Internal statistics:

num_allocs_failed_limit: 3.
num_arena_births: 376.
num_arena_deaths: 126.
num_vsnodes_births: 4.
num_vsnodes_deaths: 0.
num_space_committed: 384.
num_space_uncommitted: 0.
num_chunks_returned_to_freelist: 163.
num_chunks_taken_from_freelist: 792.
num_chunk_merges: 47.
num_chunk_splits: 438.
num_chunks_enlarged: 206.
num_purges: 4.
num_inconsistent_stats: 0.

CodeHeap 'non-profiled nmethods': size=119168Kb used=1397Kb max_used=1397Kb free=117770Kb
 bounds [0x0000028f20fe0000, 0x0000028f21250000, 0x0000028f28440000]
CodeHeap 'profiled nmethods': size=119104Kb used=6994Kb max_used=6994Kb free=112109Kb
 bounds [0x0000028f19440000, 0x0000028f19b20000, 0x0000028f20890000]
CodeHeap 'non-nmethods': size=7488Kb used=1238Kb max_used=2982Kb free=6249Kb
 bounds [0x0000028f20890000, 0x0000028f20b90000, 0x0000028f20fe0000]
 total_blobs=3880 nmethods=3334 adapters=458
 compilation: enabled
              stopped_count=0, restarted_count=0
 full_count=0

Compilation events (20 events):
Event: 7577.159 Thread 0x0000028f30ce1440 nmethod 3328 0x0000028f19b0f510 code [0x0000028f19b0f6c0, 0x0000028f19b0f8c8]
Event: 7577.159 Thread 0x0000028f30ce1440 3330       3       com.mysql.cj.protocol.a.ResultsetRowReader::read (146 bytes)
Event: 7577.159 Thread 0x0000028f2f45e0d0 nmethod 3329 0x0000028f19b0f990 code [0x0000028f19b0fb40, 0x0000028f19b0fc88]
Event: 7577.159 Thread 0x0000028f2f45e0d0 3331       3       com.mysql.cj.protocol.a.NativePacketPayload::isResultSetOKPacket (39 bytes)
Event: 7577.159 Thread 0x0000028f2f45e0d0 nmethod 3331 0x0000028f19b0fd10 code [0x0000028f19b0fea0, 0x0000028f19b100b8]
Event: 7577.160 Thread 0x0000028f30ce1440 nmethod 3330 0x0000028f19b10190 code [0x0000028f19b10460, 0x0000028f19b114f8]
Event: 7577.224 Thread 0x0000028f2f431cc0 nmethod 3286 0x0000028f2112dd10 code [0x0000028f2112e660, 0x0000028f21136640]
Event: 7577.224 Thread 0x0000028f2f431cc0 3315       4       java.io.DataOutputStream::writeByte (14 bytes)
Event: 7577.225 Thread 0x0000028f2f431cc0 nmethod 3315 0x0000028f2113c710 code [0x0000028f2113c8a0, 0x0000028f2113cb58]
Event: 7577.225 Thread 0x0000028f2f431cc0 3299  s    4       sun.rmi.transport.Target::decrementCallCount (50 bytes)
Event: 7577.226 Thread 0x0000028f2f431cc0 nmethod 3299 0x0000028f2113cd10 code [0x0000028f2113ce80, 0x0000028f2113d078]
Event: 7577.226 Thread 0x0000028f2f431cc0 3310       4       java.lang.ClassValue::getCacheCarefully (20 bytes)
Event: 7577.226 Thread 0x0000028f2f431cc0 nmethod 3310 0x0000028f2113d190 code [0x0000028f2113d300, 0x0000028f2113d378]
Event: 7577.873 Thread 0x0000028f30ce1440 3332   !   3       sun.rmi.transport.DGCImpl::unregisterTarget (52 bytes)
Event: 7577.874 Thread 0x0000028f2f45e0d0 3333   !   3       sun.rmi.transport.ObjectTable::unreferenced (64 bytes)
Event: 7577.874 Thread 0x0000028f30ce1440 nmethod 3332 0x0000028f19b11a10 code [0x0000028f19b11be0, 0x0000028f19b12098]
Event: 7577.874 Thread 0x0000028f2f45e0d0 nmethod 3333 0x0000028f19b12310 code [0x0000028f19b12520, 0x0000028f19b12c98]
Event: 7601.235 Thread 0x0000028f2f45e0d0 3334       3       java.util.HashMap::<init> (98 bytes)
Event: 7601.236 Thread 0x0000028f2f45e0d0 nmethod 3334 0x0000028f19b13010 code [0x0000028f19b13340, 0x0000028f19b14418]
Event: 8439.828 Thread 0x0000028f2f431cc0 3335       4       java.io.ObjectInputStream::readClassDesc (121 bytes)

GC Heap History (8 events):
Event: 1.699 GC heap before
{Heap before GC invocations=0 (full 0):
 garbage-first heap   total 131072K, used 23552K [0x00000000c0000000, 0x0000000100000000)
  region size 1024K, 23 young (23552K), 0 survivors (0K)
 Metaspace       used 19809K, committed 20096K, reserved 1073152K
  class space    used 2128K, committed 2304K, reserved 1048576K
}
Event: 1.715 GC heap after
{Heap after GC invocations=1 (full 0):
 garbage-first heap   total 131072K, used 6222K [0x00000000c0000000, 0x0000000100000000)
  region size 1024K, 3 young (3072K), 3 survivors (3072K)
 Metaspace       used 19809K, committed 20096K, reserved 1073152K
  class space    used 2128K, committed 2304K, reserved 1048576K
}
Event: 1.861 GC heap before
{Heap before GC invocations=1 (full 0):
 garbage-first heap   total 131072K, used 7246K [0x00000000c0000000, 0x0000000100000000)
  region size 1024K, 5 young (5120K), 3 survivors (3072K)
 Metaspace       used 21291K, committed 21504K, reserved 1073152K
  class space    used 2293K, committed 2432K, reserved 1048576K
}
Event: 1.868 GC heap after
{Heap after GC invocations=2 (full 0):
 garbage-first heap   total 131072K, used 6524K [0x00000000c0000000, 0x0000000100000000)
  region size 1024K, 1 young (1024K), 1 survivors (1024K)
 Metaspace       used 21291K, committed 21504K, reserved 1073152K
  class space    used 2293K, committed 2432K, reserved 1048576K
}
Event: 3601.891 GC heap before
{Heap before GC invocations=3 (full 0):
 garbage-first heap   total 131072K, used 44412K [0x00000000c0000000, 0x0000000100000000)
  region size 1024K, 39 young (39936K), 1 survivors (1024K)
 Metaspace       used 24060K, committed 24384K, reserved 1073152K
  class space    used 2486K, committed 2624K, reserved 1048576K
}
Event: 3601.933 GC heap after
{Heap after GC invocations=4 (full 1):
 garbage-first heap   total 131072K, used 6930K [0x00000000c0000000, 0x0000000100000000)
  region size 1024K, 0 young (0K), 0 survivors (0K)
 Metaspace       used 24021K, committed 24384K, reserved 1073152K
  class space    used 2478K, committed 2624K, reserved 1048576K
}
Event: 7201.944 GC heap before
{Heap before GC invocations=4 (full 1):
 garbage-first heap   total 131072K, used 29458K [0x00000000c0000000, 0x0000000100000000)
  region size 1024K, 23 young (23552K), 0 survivors (0K)
 Metaspace       used 24230K, committed 24576K, reserved 1073152K
  class space    used 2483K, committed 2624K, reserved 1048576K
}
Event: 7201.955 GC heap after
{Heap after GC invocations=5 (full 2):
 garbage-first heap   total 131072K, used 6797K [0x00000000c0000000, 0x0000000100000000)
  region size 1024K, 0 young (0K), 0 survivors (0K)
 Metaspace       used 24127K, committed 24576K, reserved 1073152K
  class space    used 2457K, committed 2624K, reserved 1048576K
}

Dll operation events (1 events):
Event: 0.009 Loaded shared library D:\JAVA\IDEA\IntelliJ IDEA 2023.1\jbr\bin\java.dll

Deoptimization events (20 events):
Event: 6818.223 Thread 0x0000028f2faee9c0 Uncommon trap: trap_request=0xffffffc6 fr.pc=0x0000028f210bd914 relative=0x0000000000000b54
Event: 6818.223 Thread 0x0000028f2faee9c0 Uncommon trap: reason=bimorphic_or_optimized_type_check action=maybe_recompile pc=0x0000028f210bd914 method=java.io.BufferedOutputStream.flush()V @ 8 c2
Event: 6818.223 Thread 0x0000028f2faee9c0 DEOPT PACKING pc=0x0000028f210bd914 sp=0x000000b4839fd6a0
Event: 6818.223 Thread 0x0000028f2faee9c0 DEOPT UNPACKING pc=0x0000028f208e69a3 sp=0x000000b4839fd6e0 mode 2
Event: 6818.223 Thread 0x0000028f2faee9c0 Uncommon trap: trap_request=0xffffffc6 fr.pc=0x0000028f210bd914 relative=0x0000000000000b54
Event: 6818.223 Thread 0x0000028f2faee9c0 Uncommon trap: reason=bimorphic_or_optimized_type_check action=maybe_recompile pc=0x0000028f210bd914 method=java.io.BufferedOutputStream.flush()V @ 8 c2
Event: 6818.223 Thread 0x0000028f2faee9c0 DEOPT PACKING pc=0x0000028f210bd914 sp=0x000000b4839fd900
Event: 6818.223 Thread 0x0000028f2faee9c0 DEOPT UNPACKING pc=0x0000028f208e69a3 sp=0x000000b4839fd940 mode 2
Event: 6818.232 Thread 0x0000028f2faee9c0 DEOPT PACKING pc=0x0000028f19aa5bee sp=0x000000b4839fdca0
Event: 6818.232 Thread 0x0000028f2faee9c0 DEOPT UNPACKING pc=0x0000028f208e7143 sp=0x000000b4839fd0f8 mode 0
Event: 7314.263 Thread 0x0000028f2faee9c0 Uncommon trap: trap_request=0xffffff45 fr.pc=0x0000028f210f1130 relative=0x0000000000000270
Event: 7314.263 Thread 0x0000028f2faee9c0 Uncommon trap: reason=unstable_if action=reinterpret pc=0x0000028f210f1130 method=java.io.ClassCache.processQueue()V @ 9 c2
Event: 7314.263 Thread 0x0000028f2faee9c0 DEOPT PACKING pc=0x0000028f210f1130 sp=0x000000b4839fde70
Event: 7314.263 Thread 0x0000028f2faee9c0 DEOPT UNPACKING pc=0x0000028f208e69a3 sp=0x000000b4839fddc8 mode 2
Event: 7314.263 Thread 0x0000028f2faee9c0 Uncommon trap: trap_request=0xffffff45 fr.pc=0x0000028f210f0a40 relative=0x0000000000000120
Event: 7314.263 Thread 0x0000028f2faee9c0 Uncommon trap: reason=unstable_if action=reinterpret pc=0x0000028f210f0a40 method=java.lang.ClassValue.match(Ljava/lang/ClassValue$Entry;)Z @ 12 c2
Event: 7314.263 Thread 0x0000028f2faee9c0 DEOPT PACKING pc=0x0000028f210f0a40 sp=0x000000b4839fdde0
Event: 7314.263 Thread 0x0000028f2faee9c0 DEOPT UNPACKING pc=0x0000028f208e69a3 sp=0x000000b4839fdd40 mode 2
Event: 7576.970 Thread 0x0000028f2faee9c0 DEOPT PACKING pc=0x0000028f19aa5bee sp=0x000000b4839fdc80
Event: 7576.970 Thread 0x0000028f2faee9c0 DEOPT UNPACKING pc=0x0000028f208e7143 sp=0x000000b4839fd0d8 mode 0

Classes unloaded (20 events):
Event: 7201.946 Thread 0x0000028f2ea25010 Unloading class 0x0000000100105c00 'java/lang/invoke/LambdaForm$MH+0x0000000100105c00'
Event: 7201.946 Thread 0x0000028f2ea25010 Unloading class 0x0000000100105800 'java/lang/invoke/LambdaForm$MH+0x0000000100105800'
Event: 7201.946 Thread 0x0000028f2ea25010 Unloading class 0x0000000100105000 'java/lang/invoke/LambdaForm$MH+0x0000000100105000'
Event: 7201.946 Thread 0x0000028f2ea25010 Unloading class 0x0000000100104c00 'java/lang/invoke/LambdaForm$MH+0x0000000100104c00'
Event: 7201.946 Thread 0x0000028f2ea25010 Unloading class 0x0000000100104800 'java/lang/invoke/LambdaForm$MH+0x0000000100104800'
Event: 7201.946 Thread 0x0000028f2ea25010 Unloading class 0x0000000100104400 'java/lang/invoke/LambdaForm$MH+0x0000000100104400'
Event: 7201.946 Thread 0x0000028f2ea25010 Unloading class 0x0000000100104000 'java/lang/invoke/LambdaForm$MH+0x0000000100104000'
Event: 7201.946 Thread 0x0000028f2ea25010 Unloading class 0x0000000100102c00 'java/lang/invoke/LambdaForm$MH+0x0000000100102c00'
Event: 7201.946 Thread 0x0000028f2ea25010 Unloading class 0x0000000100102000 'java/lang/invoke/LambdaForm$MH+0x0000000100102000'
Event: 7201.946 Thread 0x0000028f2ea25010 Unloading class 0x0000000100101800 'java/lang/invoke/LambdaForm$MH+0x0000000100101800'
Event: 7201.946 Thread 0x0000028f2ea25010 Unloading class 0x0000000100101000 'java/lang/invoke/LambdaForm$MH+0x0000000100101000'
Event: 7201.946 Thread 0x0000028f2ea25010 Unloading class 0x0000000100100800 'java/lang/invoke/LambdaForm$MH+0x0000000100100800'
Event: 7201.946 Thread 0x0000028f2ea25010 Unloading class 0x00000001000cec00 'java/lang/invoke/LambdaForm$MH+0x00000001000cec00'
Event: 7201.946 Thread 0x0000028f2ea25010 Unloading class 0x00000001000ce800 'java/lang/invoke/LambdaForm$MH+0x00000001000ce800'
Event: 7201.946 Thread 0x0000028f2ea25010 Unloading class 0x00000001000ce000 'java/lang/invoke/LambdaForm$MH+0x00000001000ce000'
Event: 7201.946 Thread 0x0000028f2ea25010 Unloading class 0x00000001000cd800 'java/lang/invoke/LambdaForm$DMH+0x00000001000cd800'
Event: 7201.946 Thread 0x0000028f2ea25010 Unloading class 0x00000001000cd000 'java/lang/invoke/LambdaForm$DMH+0x00000001000cd000'
Event: 7201.946 Thread 0x0000028f2ea25010 Unloading class 0x00000001000cac00 'java/lang/invoke/LambdaForm$MH+0x00000001000cac00'
Event: 7201.946 Thread 0x0000028f2ea25010 Unloading class 0x00000001000ca000 'java/lang/invoke/LambdaForm$MH+0x00000001000ca000'
Event: 7201.946 Thread 0x0000028f2ea25010 Unloading class 0x00000001000c1c00 'java/lang/invoke/LambdaForm$MH+0x00000001000c1c00'

Classes redefined (0 events):
No events

Internal exceptions (20 events):
Event: 0.954 Thread 0x0000028f14507430 Exception <a 'java/lang/NoSuchMethodError'{0x00000000c77baa48}: 'java.lang.Object java.lang.invoke.Invokers$Holder.linkToTargetMethod(java.lang.Object, long, java.lang.Object)'> (0x00000000c77baa48) 
thrown [s\src\hotspot\share\interpreter\linkResolver.cpp, line 771]
Event: 1.029 Thread 0x0000028f2faee9c0 Exception <a 'java/lang/NoSuchMethodError'{0x00000000c759be30}: static [B.<clinit>()V> (0x00000000c759be30) 
thrown [s\src\hotspot\share\prims\jni.cpp, line 1108]
Event: 1.029 Thread 0x0000028f2faee4f0 Exception <a 'java/lang/NoSuchMethodError'{0x00000000c7523f30}: static [B.<clinit>()V> (0x00000000c7523f30) 
thrown [s\src\hotspot\share\prims\jni.cpp, line 1108]
Event: 1.151 Thread 0x0000028f2faee4f0 Exception <a 'java/lang/NoSuchMethodError'{0x00000000c73ea388}: 'java.lang.Object java.lang.invoke.DirectMethodHandle$Holder.invokeInterface(java.lang.Object, java.lang.Object)'> (0x00000000c73ea388) 
thrown [s\src\hotspot\share\interpreter\linkResolver.cpp, line 771]
Event: 1.191 Thread 0x0000028f2faee4f0 Exception <a 'java/lang/NoSuchMethodError'{0x00000000c726e730}: 'void java.lang.invoke.DirectMethodHandle$Holder.invokeSpecial(java.lang.Object, java.lang.Object, java.lang.Object)'> (0x00000000c726e730) 
thrown [s\src\hotspot\share\interpreter\linkResolver.cpp, line 771]
Event: 1.193 Thread 0x0000028f2faee4f0 Exception <a 'java/lang/NoSuchMethodError'{0x00000000c727b930}: 'java.lang.Object java.lang.invoke.DirectMethodHandle$Holder.invokeVirtual(java.lang.Object, java.lang.Object, java.lang.Object)'> (0x00000000c727b930) 
thrown [s\src\hotspot\share\interpreter\linkResolver.cpp, line 771]
Event: 1.443 Thread 0x0000028f2faee4f0 Exception <a 'java/lang/NoSuchMethodError'{0x00000000c6c66738}: 'void java.lang.invoke.DirectMethodHandle$Holder.invokeStaticInit(java.lang.Object, java.lang.Object)'> (0x00000000c6c66738) 
thrown [s\src\hotspot\share\interpreter\linkResolver.cpp, line 771]
Event: 1.509 Thread 0x0000028f2faee4f0 Exception <a 'sun/nio/fs/WindowsException'{0x00000000c6b8cbc0}> (0x00000000c6b8cbc0) 
thrown [s\src\hotspot\share\prims\jni.cpp, line 517]
Event: 1.529 Thread 0x0000028f2faee4f0 Exception <a 'java/lang/NoSuchMethodError'{0x00000000c6bb0e30}: 'int java.lang.invoke.DirectMethodHandle$Holder.invokeStaticInit(java.lang.Object, java.lang.Object, java.lang.Object, java.lang.Object)'> (0x00000000c6bb0e30) 
thrown [s\src\hotspot\share\interpreter\linkResolver.cpp, line 771]
Event: 1.530 Thread 0x0000028f2faee4f0 Exception <a 'java/lang/IncompatibleClassChangeError'{0x00000000c6bba280}: Found class java.lang.Object, but interface was expected> (0x00000000c6bba280) 
thrown [s\src\hotspot\share\interpreter\linkResolver.cpp, line 838]
Event: 1.531 Thread 0x0000028f2faee4f0 Exception <a 'java/lang/NoSuchMethodError'{0x00000000c6bbf708}: 'int java.lang.invoke.DirectMethodHandle$Holder.invokeStaticInit(java.lang.Object, java.lang.Object)'> (0x00000000c6bbf708) 
thrown [s\src\hotspot\share\interpreter\linkResolver.cpp, line 771]
Event: 1.955 Thread 0x0000028f2faee4f0 Implicit null exception at 0x0000028f210188d5 to 0x0000028f21018e90
Event: 1.956 Thread 0x0000028f2faee4f0 Exception <a 'java/lang/NoSuchMethodError'{0x00000000c7c508a0}: 'java.lang.Object java.lang.invoke.DirectMethodHandle$Holder.newInvokeSpecial(java.lang.Object, java.lang.Object, int)'> (0x00000000c7c508a0) 
thrown [s\src\hotspot\share\interpreter\linkResolver.cpp, line 771]
Event: 2.107 Thread 0x0000028f2faee4f0 Exception <a 'java/lang/NoSuchMethodError'{0x00000000c781f1d0}: static Lcom/intellij/database/remote/jdbc/ColumnInfo;.<clinit>()V> (0x00000000c781f1d0) 
thrown [s\src\hotspot\share\prims\jni.cpp, line 1108]
Event: 2.350 Thread 0x0000028f2faee9c0 Exception <a 'java/lang/NoSuchMethodError'{0x00000000c746fba0}: static Lcom/intellij/database/remote/jdbc/RemoteResultSet$DataRetrievingOptions;.<clinit>()V> (0x00000000c746fba0) 
thrown [s\src\hotspot\share\prims\jni.cpp, line 1108]
Event: 2.374 Thread 0x0000028f2faee9c0 Exception <a 'java/lang/NoSuchMethodError'{0x00000000c74f1570}: static [Ljava/lang/Object;.<clinit>()V> (0x00000000c74f1570) 
thrown [s\src\hotspot\share\prims\jni.cpp, line 1108]
Event: 2.376 Thread 0x0000028f2faee9c0 Exception <a 'java/lang/NoSuchMethodError'{0x00000000c7303c38}: static Lcom/intellij/database/remote/jdbc/impl/UnparsedValue;.<clinit>()V> (0x00000000c7303c38) 
thrown [s\src\hotspot\share\prims\jni.cpp, line 1108]
Event: 3925.867 Thread 0x0000028f2faeb4d0 Implicit null exception at 0x0000028f210e4c85 to 0x0000028f210e5178
Event: 6818.205 Thread 0x0000028f2faee9c0 Implicit null exception at 0x0000028f210c8cd9 to 0x0000028f210c95b4
Event: 6818.215 Thread 0x0000028f2faee9c0 Implicit null exception at 0x0000028f210f2ab9 to 0x0000028f210f2d38

VM Operations (20 events):
Event: 3946.799 Executing VM operation: Cleanup
Event: 3946.799 Executing VM operation: Cleanup done
Event: 4052.733 Executing VM operation: Cleanup
Event: 4052.733 Executing VM operation: Cleanup done
Event: 4439.127 Executing VM operation: Cleanup
Event: 4439.127 Executing VM operation: Cleanup done
Event: 5079.707 Executing VM operation: Cleanup
Event: 5079.707 Executing VM operation: Cleanup done
Event: 6811.558 Executing VM operation: Cleanup
Event: 6811.558 Executing VM operation: Cleanup done
Event: 6818.611 Executing VM operation: Cleanup
Event: 6818.611 Executing VM operation: Cleanup done
Event: 6996.151 Executing VM operation: Cleanup
Event: 6996.151 Executing VM operation: Cleanup done
Event: 7201.943 Executing VM operation: G1CollectFull
Event: 7201.955 Executing VM operation: G1CollectFull done
Event: 7577.080 Executing VM operation: Cleanup
Event: 7577.080 Executing VM operation: Cleanup done
Event: 7578.089 Executing VM operation: Cleanup
Event: 7578.089 Executing VM operation: Cleanup done

Events (20 events):
Event: 6818.747 Thread 0x0000028f2faecce0 Thread exited: 0x0000028f2faecce0
Event: 6818.747 Thread 0x0000028f2faec810 Thread exited: 0x0000028f2faec810
Event: 6818.747 Thread 0x0000028f2faee4f0 Thread exited: 0x0000028f2faee4f0
Event: 6818.747 Thread 0x0000028f2faed1b0 Thread exited: 0x0000028f2faed1b0
Event: 6818.747 Thread 0x0000028f2faeb9a0 Thread exited: 0x0000028f2faeb9a0
Event: 6818.747 Thread 0x0000028f2fa7e160 Thread exited: 0x0000028f2fa7e160
Event: 6823.393 Thread 0x0000028f30ccb5c0 Thread exited: 0x0000028f30ccb5c0
Event: 6823.393 Thread 0x0000028f31792720 Thread exited: 0x0000028f31792720
Event: 7576.991 Thread 0x0000028f30ce1440 Thread added: 0x0000028f30ce1440
Event: 7577.873 Thread 0x0000028f2faec810 Thread added: 0x0000028f2faec810
Event: 7577.873 Thread 0x0000028f2faeb9a0 Thread added: 0x0000028f2faeb9a0
Event: 7577.873 Thread 0x0000028f2faeb4d0 Thread added: 0x0000028f2faeb4d0
Event: 7577.874 Thread 0x0000028f2faecce0 Thread added: 0x0000028f2faecce0
Event: 7577.874 Thread 0x0000028f2faed1b0 Thread added: 0x0000028f2faed1b0
Event: 7577.874 Thread 0x0000028f2faeb4d0 Thread exited: 0x0000028f2faeb4d0
Event: 7577.874 Thread 0x0000028f2faec810 Thread exited: 0x0000028f2faec810
Event: 7577.874 Thread 0x0000028f2faeb9a0 Thread exited: 0x0000028f2faeb9a0
Event: 7577.874 Thread 0x0000028f2faecce0 Thread exited: 0x0000028f2faecce0
Event: 7577.874 Thread 0x0000028f2faed1b0 Thread exited: 0x0000028f2faed1b0
Event: 7582.877 Thread 0x0000028f30ce1440 Thread exited: 0x0000028f30ce1440


Dynamic libraries:
0x00007ff67c470000 - 0x00007ff67c47a000 	D:\JAVA\IDEA\IntelliJ IDEA 2023.1\jbr\bin\java.exe
0x00007ffed69f0000 - 0x00007ffed6be8000 	C:\WINDOWS\SYSTEM32\ntdll.dll
0x00007ffed4f70000 - 0x00007ffed5031000 	C:\WINDOWS\System32\KERNEL32.DLL
0x00007ffed41d0000 - 0x00007ffed44cd000 	C:\WINDOWS\System32\KERNELBASE.dll
0x00007ffed40a0000 - 0x00007ffed41a0000 	C:\WINDOWS\System32\ucrtbase.dll
0x00007ffe9e780000 - 0x00007ffe9e797000 	D:\JAVA\IDEA\IntelliJ IDEA 2023.1\jbr\bin\jli.dll
0x00007ffebe830000 - 0x00007ffebe84b000 	D:\JAVA\IDEA\IntelliJ IDEA 2023.1\jbr\bin\VCRUNTIME140.dll
0x00007ffed5180000 - 0x00007ffed531d000 	C:\WINDOWS\System32\USER32.dll
0x00007ffed48f0000 - 0x00007ffed4912000 	C:\WINDOWS\System32\win32u.dll
0x00007ffebc080000 - 0x00007ffebc31a000 	C:\WINDOWS\WinSxS\amd64_microsoft.windows.common-controls_6595b64144ccf1df_6.0.19041.4355_none_60b8b9eb71f62e16\COMCTL32.dll
0x00007ffed5f90000 - 0x00007ffed5fbb000 	C:\WINDOWS\System32\GDI32.dll
0x00007ffed5450000 - 0x00007ffed54ee000 	C:\WINDOWS\System32\msvcrt.dll
0x00007ffed47d0000 - 0x00007ffed48e7000 	C:\WINDOWS\System32\gdi32full.dll
0x00007ffed4680000 - 0x00007ffed471d000 	C:\WINDOWS\System32\msvcp_win.dll
0x00007ffed5c30000 - 0x00007ffed5c5f000 	C:\WINDOWS\System32\IMM32.DLL
0x00007ffecd130000 - 0x00007ffecd13c000 	D:\JAVA\IDEA\IntelliJ IDEA 2023.1\jbr\bin\vcruntime140_1.dll
0x00007ffeb4410000 - 0x00007ffeb449d000 	D:\JAVA\IDEA\IntelliJ IDEA 2023.1\jbr\bin\msvcp140.dll
0x00007ffe72c00000 - 0x00007ffe7386d000 	D:\JAVA\IDEA\IntelliJ IDEA 2023.1\jbr\bin\server\jvm.dll
0x00007ffed68f0000 - 0x00007ffed69a0000 	C:\WINDOWS\System32\ADVAPI32.dll
0x00007ffed5fc0000 - 0x00007ffed6060000 	C:\WINDOWS\System32\sechost.dll
0x00007ffed5320000 - 0x00007ffed5443000 	C:\WINDOWS\System32\RPCRT4.dll
0x00007ffed41a0000 - 0x00007ffed41c7000 	C:\WINDOWS\System32\bcrypt.dll
0x00007ffeb9860000 - 0x00007ffeb9869000 	C:\WINDOWS\SYSTEM32\WSOCK32.dll
0x00007ffed1dc0000 - 0x00007ffed1de7000 	C:\WINDOWS\SYSTEM32\WINMM.dll
0x00007ffeca610000 - 0x00007ffeca61a000 	C:\WINDOWS\SYSTEM32\VERSION.dll
0x00007ffed5df0000 - 0x00007ffed5e5b000 	C:\WINDOWS\System32\WS2_32.dll
0x00007ffed28b0000 - 0x00007ffed28c2000 	C:\WINDOWS\SYSTEM32\kernel.appcore.dll
0x00007ffec13d0000 - 0x00007ffec13da000 	D:\JAVA\IDEA\IntelliJ IDEA 2023.1\jbr\bin\jimage.dll
0x00007ffed1bd0000 - 0x00007ffed1db4000 	C:\WINDOWS\SYSTEM32\DBGHELP.DLL
0x00007ffed1b90000 - 0x00007ffed1bc4000 	C:\WINDOWS\SYSTEM32\dbgcore.DLL
0x00007ffed4990000 - 0x00007ffed4a12000 	C:\WINDOWS\System32\bcryptPrimitives.dll
0x00007ffe9e750000 - 0x00007ffe9e775000 	D:\JAVA\IDEA\IntelliJ IDEA 2023.1\jbr\bin\java.dll
0x00007ffe9e1c0000 - 0x00007ffe9e1d8000 	D:\JAVA\IDEA\IntelliJ IDEA 2023.1\jbr\bin\zip.dll
0x00007ffed6060000 - 0x00007ffed67cf000 	C:\WINDOWS\System32\SHELL32.dll
0x00007ffed2100000 - 0x00007ffed289f000 	C:\WINDOWS\SYSTEM32\windows.storage.dll
0x00007ffed54f0000 - 0x00007ffed5843000 	C:\WINDOWS\System32\combase.dll
0x00007ffed3a50000 - 0x00007ffed3a7e000 	C:\WINDOWS\SYSTEM32\Wldp.dll
0x00007ffed5e60000 - 0x00007ffed5f2d000 	C:\WINDOWS\System32\OLEAUT32.dll
0x00007ffed5c70000 - 0x00007ffed5d1d000 	C:\WINDOWS\System32\SHCORE.dll
0x00007ffed4a20000 - 0x00007ffed4a75000 	C:\WINDOWS\System32\shlwapi.dll
0x00007ffed3fd0000 - 0x00007ffed3ff4000 	C:\WINDOWS\SYSTEM32\profapi.dll
0x00007ffe9d650000 - 0x00007ffe9d669000 	D:\JAVA\IDEA\IntelliJ IDEA 2023.1\jbr\bin\net.dll
0x00007ffed0b80000 - 0x00007ffed0c8d000 	C:\WINDOWS\SYSTEM32\WINHTTP.dll
0x00007ffed37b0000 - 0x00007ffed381a000 	C:\WINDOWS\system32\mswsock.dll
0x00007ffe8de10000 - 0x00007ffe8de26000 	D:\JAVA\IDEA\IntelliJ IDEA 2023.1\jbr\bin\nio.dll
0x00007ffed3490000 - 0x00007ffed34cb000 	C:\WINDOWS\SYSTEM32\IPHLPAPI.DLL
0x00007ffed69a0000 - 0x00007ffed69a8000 	C:\WINDOWS\System32\NSI.dll
0x00007ffecf9e0000 - 0x00007ffecf9f7000 	C:\WINDOWS\SYSTEM32\dhcpcsvc6.DLL
0x00007ffecf9b0000 - 0x00007ffecf9cd000 	C:\WINDOWS\SYSTEM32\dhcpcsvc.DLL
0x00007ffed34d0000 - 0x00007ffed359a000 	C:\WINDOWS\SYSTEM32\DNSAPI.dll
0x00007ffed39a0000 - 0x00007ffed39b8000 	C:\WINDOWS\SYSTEM32\CRYPTSP.dll
0x00007ffed30d0000 - 0x00007ffed3104000 	C:\WINDOWS\system32\rsaenh.dll
0x00007ffed3f40000 - 0x00007ffed3f6e000 	C:\WINDOWS\SYSTEM32\USERENV.dll
0x00007ffed39c0000 - 0x00007ffed39cc000 	C:\WINDOWS\SYSTEM32\CRYPTBASE.dll
0x00007ffe9e270000 - 0x00007ffe9e277000 	D:\JAVA\IDEA\IntelliJ IDEA 2023.1\jbr\bin\rmi.dll
0x00007ffecf1b0000 - 0x00007ffecf1ba000 	C:\Windows\System32\rasadhlp.dll
0x00007ffecdd30000 - 0x00007ffecddb0000 	C:\WINDOWS\System32\fwpuclnt.dll
0x00007ffebbef0000 - 0x00007ffebbefe000 	D:\JAVA\IDEA\IntelliJ IDEA 2023.1\jbr\bin\sunmscapi.dll
0x00007ffed44d0000 - 0x00007ffed462e000 	C:\WINDOWS\System32\CRYPT32.dll
0x00007ffed3ac0000 - 0x00007ffed3ae9000 	C:\WINDOWS\SYSTEM32\ncrypt.dll
0x00007ffed3a80000 - 0x00007ffed3abb000 	C:\WINDOWS\SYSTEM32\NTASN1.dll

dbghelp: loaded successfully - version: 4.0.5 - missing functions: none
symbol engine: initialized successfully - sym options: 0x614 - pdb path: .;D:\JAVA\IDEA\IntelliJ IDEA 2023.1\jbr\bin;C:\WINDOWS\SYSTEM32;C:\WINDOWS\WinSxS\amd64_microsoft.windows.common-controls_6595b64144ccf1df_6.0.19041.4355_none_60b8b9eb71f62e16;D:\JAVA\IDEA\IntelliJ IDEA 2023.1\jbr\bin\server

VM Arguments:
jvm_args: -Djava.rmi.server.hostname=127.0.0.1 -Duser.timezone=UTC -Xmx1024m -Xms128m --add-exports=java.desktop/sun.awt=ALL-UNNAMED --add-exports=java.desktop/java.awt.peer=ALL-UNNAMED --add-opens=java.desktop/java.awt=ALL-UNNAMED --add-opens=jdk.unsupported/sun.misc=ALL-UNNAMED --add-opens=java.base/java.nio=ALL-UNNAMED --add-opens=java.base/java.util=ALL-UNNAMED -Dfile.encoding=UTF-8 
java_command: com.intellij.database.remote.RemoteJdbcServer com.mysql.cj.jdbc.Driver
java_class_path (initial): D:\JAVA\IDEA\IntelliJ IDEA 2023.1\lib\util_rt.jar;D:\JAVA\IDEA\IntelliJ IDEA 2023.1\lib\util-8.jar;D:\JAVA\IDEA\IntelliJ IDEA 2023.1\lib\groovy.jar;D:\JAVA\IDEA\IntelliJ IDEA 2023.1\plugins\DatabaseTools\lib\jdbc-console.jar;D:\JAVA\IDEA\IntelliJ IDEA 2023.1\plugins\grid-core-impl\lib\jdbc-console-types.jar;D:\JAVA\IDEA\IntelliJ IDEA 2023.1\lib\util.jar;C:\Users\Bo\AppData\Roaming\JetBrains\IntelliJIdea2023.1\jdbc-drivers\MySQL ConnectorJ\8.2.0\com\mysql\mysql-connector-j\8.2.0\mysql-connector-j-8.2.0.jar;C:\Users\Bo\AppData\Roaming\JetBrains\IntelliJIdea2023.1\jdbc-drivers\MySQL ConnectorJ\8.2.0\com\google\protobuf\protobuf-java\3.21.9\protobuf-java-3.21.9.jar
Launcher Type: SUN_STANDARD

[Global flags]
     intx CICompilerCount                          = 12                                        {product} {ergonomic}
     uint ConcGCThreads                            = 3                                         {product} {ergonomic}
     uint G1ConcRefinementThreads                  = 13                                        {product} {ergonomic}
   size_t G1HeapRegionSize                         = 1048576                                   {product} {ergonomic}
    uintx GCDrainStackTargetSize                   = 64                                        {product} {ergonomic}
   size_t InitialHeapSize                          = 134217728                                 {product} {command line}
   size_t MarkStackSize                            = 4194304                                   {product} {ergonomic}
   size_t MaxHeapSize                              = 1073741824                                {product} {command line}
   size_t MaxNewSize                               = 643825664                                 {product} {ergonomic}
   size_t MinHeapDeltaBytes                        = 1048576                                   {product} {ergonomic}
   size_t MinHeapSize                              = 134217728                                 {product} {command line}
    uintx NonNMethodCodeHeapSize                   = 7602480                                {pd product} {ergonomic}
    uintx NonProfiledCodeHeapSize                  = 122027880                              {pd product} {ergonomic}
    uintx ProfiledCodeHeapSize                     = 122027880                              {pd product} {ergonomic}
    uintx ReservedCodeCacheSize                    = 251658240                              {pd product} {ergonomic}
     bool SegmentedCodeCache                       = true                                      {product} {ergonomic}
   size_t SoftMaxHeapSize                          = 1073741824                             {manageable} {ergonomic}
     bool UseCompressedClassPointers               = true                           {product lp64_product} {ergonomic}
     bool UseCompressedOops                        = true                           {product lp64_product} {ergonomic}
     bool UseG1GC                                  = true                                      {product} {ergonomic}
     bool UseLargePagesIndividualAllocation        = false                                  {pd product} {ergonomic}

Logging:
Log output configuration:
 #0: stdout all=warning uptime,level,tags
 #1: stderr all=off uptime,level,tags

Environment Variables:
JAVA_HOME=D:\JAVA\JDK
CLASSPATH=.;D:\JAVA\JDK\lib;D:\JAVA\JDK\lib\tools.jar
PATH=D:\Linux\VMware\bin\;C:\WINDOWS\system32;C:\WINDOWS;C:\WINDOWS\System32\Wbem;C:\WINDOWS\System32\WindowsPowerShell\v1.0\;C:\WINDOWS\System32\OpenSSH\;D:\MYSQL\mysql-8.3.0-winx64\mysql-8.3.0;D:\MYSQL\mysql-8.3.0-winx64\mysql-8.3.0\bin;D:\JAVA\JDK\bin;D:\Git\Notepad++;D:\Git\Git\cmd;D:\JAVA\Tomcat\apache-tomcat-9.0.87-windows-x64\apache-tomcat-9.0.87\bin;D:\JAVA\Tomcat\apache-tomcat-9.0.87-windows-x64\apache-tomcat-9.0.87\lib;D:\NVM\nvm;D:\NVM\nodejs;D:\NVM\nvm\node_global;D:\XShell\;D:\Redis\Redis-x64-5.0.14.1;D:\Eralng\erl9.2\bin;D:\Anaconda\Anaconda3;D:\Anaconda\Anaconda3\Library\mingw-w64\bin;D:\Anaconda\Anaconda3\Library\usr\bin;D:\Anaconda\Anaconda3\Library\bin;D:\Anaconda\Anaconda3\Scripts;C:\Users\Bo\AppData\Local\Microsoft\WindowsApps;D:\BandiZip\;D:\JAVA\IDEA\IntelliJ IDEA 2023.1\bin;;D:\MYSQL\DataGrip\DataGrip 2023.1\bin;;D:\VScode\Local\Microsoft VS Code\bin;D:\pycharm\PyCharm 2023.1\bin;;D:\Maven\apache-maven-3.9.6\bin;D:\WebStorm\WebStorm 2023.1\bin;;D:\NVM\nvm;D:\NVM\nodejs;D:\NVM\nvm\node_global;
USERNAME=Bo
OS=Windows_NT
PROCESSOR_IDENTIFIER=AMD64 Family 25 Model 80 Stepping 0, AuthenticAMD
TMP=C:\Users\Bo\AppData\Local\Temp
TEMP=C:\Users\Bo\AppData\Local\Temp



---------------  S Y S T E M  ---------------

OS:
 Windows 10 , 64 bit Build 19041 (10.0.19041.4717)
OS uptime: 0 days 20:37 hours

CPU: total 16 (initial active 16) (16 cores per cpu, 2 threads per core) family 25 model 80 stepping 0 microcode 0x0, cx8, cmov, fxsr, ht, mmx, 3dnowpref, sse, sse2, sse3, ssse3, sse4a, sse4.1, sse4.2, popcnt, lzcnt, tsc, tscinvbit, avx, avx2, aes, erms, clmul, bmi1, bmi2, adx, sha, fma, vzeroupper, clflush, clflushopt

Memory: 4k page, system-wide physical 15724M (1174M free)
TotalPageFile size 28012M (AvailPageFile size 6M)
current process WorkingSet (physical memory assigned to process): 92M, peak: 120M
current process commit charge ("private bytes"): 250M, peak: 274M

vm_info: OpenJDK 64-Bit Server VM (17.0.6+10-b829.5) for windows-amd64 JRE (17.0.6+10-b829.5), built on 2023-02-24 by "builduser" with MS VC++ 16.10 / 16.11 (VS2019)

END.
