#
# There is insufficient memory for the Java Runtime Environment to continue.
# Native memory allocation (malloc) failed to allocate 32744 bytes for ChunkPool::allocate
# Possible reasons:
#   The system is out of physical RAM or swap space
#   In 32 bit mode, the process size limit was hit
# Possible solutions:
#   Reduce memory load on the system
#   Increase physical memory or swap space
#   Check if swap backing store is full
#   Use 64 bit Java on a 64 bit OS
#   Decrease Java heap size (-Xmx/-Xms)
#   Decrease number of Java threads
#   Decrease Java thread stack sizes (-Xss)
#   Set larger code cache with -XX:ReservedCodeCacheSize=
# This output file may be truncated or incomplete.
#
#  Out of Memory Error (allocation.cpp:273), pid=7492, tid=0x0000000000007478
#
# JRE version: Java(TM) SE Runtime Environment (8.0_162-b12) (build 1.8.0_162-b12)
# Java VM: Java HotSpot(TM) 64-Bit Server VM (25.162-b12 mixed mode windows-amd64 compressed oops)
# Failed to write core dump. Minidumps are not enabled by default on client versions of Windows
#

---------------  T H R E A D  ---------------

Current thread (0x000000001ee6d000):  JavaThread "C2 CompilerThread4" daemon [_thread_in_native, id=29816, stack(0x0000000021010000,0x0000000021110000)]

Stack: [0x0000000021010000,0x0000000021110000]
[error occurred during error reporting (printing stack bounds), id 0xc0000005]

Native frames: (J=compiled Java code, j=interpreted, Vv=VM code, C=native code)


Current CompileTask:
C2:   3835 3970       4       org.springframework.boot.context.properties.source.SpringIterableConfigurationPropertySource::containsDescendantOf (102 bytes)


---------------  P R O C E S S  ---------------

Java Threads: ( => current thread )
  0x00000000276f0800 JavaThread "mysql-cj-abandoned-connection-cleanup" daemon [_thread_blocked, id=13948, stack(0x0000000025db0000,0x0000000025eb0000)]
  0x000000001ef55000 JavaThread "Service Thread" daemon [_thread_blocked, id=25340, stack(0x0000000021910000,0x0000000021a10000)]
  0x000000001eed7000 JavaThread "C1 CompilerThread11" daemon [_thread_blocked, id=25808, stack(0x0000000021810000,0x0000000021910000)]
  0x000000001eebf800 JavaThread "C1 CompilerThread10" daemon [_thread_blocked, id=24532, stack(0x0000000021710000,0x0000000021810000)]
  0x000000001ee84800 JavaThread "C1 CompilerThread9" daemon [_thread_blocked, id=2932, stack(0x0000000021610000,0x0000000021710000)]
  0x000000001ee7c000 JavaThread "C1 CompilerThread8" daemon [_thread_blocked, id=15696, stack(0x0000000021510000,0x0000000021610000)]
  0x000000001ee79000 JavaThread "C2 CompilerThread7" daemon [_thread_in_native, id=30216, stack(0x0000000021310000,0x0000000021410000)]
  0x000000001ee78800 JavaThread "C2 CompilerThread6" daemon [_thread_in_native, id=27088, stack(0x0000000021210000,0x0000000021310000)]
  0x000000001ee77800 JavaThread "C2 CompilerThread5" daemon [_thread_in_native, id=31956, stack(0x0000000021110000,0x0000000021210000)]
=>0x000000001ee6d000 JavaThread "C2 CompilerThread4" daemon [_thread_in_native, id=29816, stack(0x0000000021010000,0x0000000021110000)]
  0x000000001ee64000 JavaThread "C2 CompilerThread3" daemon [_thread_in_native, id=13396, stack(0x0000000020f10000,0x0000000021010000)]
  0x000000001ee61800 JavaThread "C2 CompilerThread2" daemon [_thread_in_native, id=9512, stack(0x0000000020e10000,0x0000000020f10000)]
  0x000000001ee4e000 JavaThread "C2 CompilerThread1" daemon [_thread_in_native, id=23728, stack(0x0000000020d10000,0x0000000020e10000)]
  0x000000001ee5c000 JavaThread "C2 CompilerThread0" daemon [_thread_in_native, id=30612, stack(0x0000000020c10000,0x0000000020d10000)]
  0x000000001ee3e800 JavaThread "JDWP Command Reader" daemon [_thread_in_native, id=26792, stack(0x0000000020b10000,0x0000000020c10000)]
  0x000000001ee3e000 JavaThread "JDWP Event Helper Thread" daemon [_thread_blocked, id=3320, stack(0x0000000020a10000,0x0000000020b10000)]
  0x000000001ee30800 JavaThread "JDWP Transport Listener: dt_socket" daemon [_thread_blocked, id=12988, stack(0x0000000020910000,0x0000000020a10000)]
  0x000000001ee27800 JavaThread "Attach Listener" daemon [_thread_blocked, id=32776, stack(0x0000000020810000,0x0000000020910000)]
  0x000000001edd1800 JavaThread "Signal Dispatcher" daemon [_thread_blocked, id=1828, stack(0x0000000020710000,0x0000000020810000)]
  0x000000001eda6800 JavaThread "Finalizer" daemon [_thread_blocked, id=32820, stack(0x0000000020610000,0x0000000020710000)]
  0x000000001d342000 JavaThread "Reference Handler" daemon [_thread_blocked, id=28060, stack(0x0000000020510000,0x0000000020610000)]
  0x00000000035f9000 JavaThread "main" [_thread_in_vm, id=30628, stack(0x00000000034e0000,0x00000000035e0000)]

Other Threads:
  0x000000001ed85000 VMThread [stack: 0x0000000020410000,0x0000000020510000] [id=1764]
  0x000000001ef79000 WatcherThread [stack: 0x0000000021a10000,0x0000000021b10000] [id=25464]

VM state:not at safepoint (normal execution)

VM Mutex/Monitor currently owned by a thread: None

Heap:
 PSYoungGen      total 134656K, used 14483K [0x000000076e180000, 0x0000000779d80000, 0x00000007c0000000)
  eden space 124416K, 5% used [0x000000076e180000,0x000000076e7b9808,0x0000000775b00000)
  from space 10240K, 79% used [0x0000000775b00000,0x00000007762eb718,0x0000000776500000)
  to   space 9216K, 0% used [0x0000000779480000,0x0000000779480000,0x0000000779d80000)
 ParOldGen       total 163328K, used 11711K [0x00000006ca400000, 0x00000006d4380000, 0x000000076e180000)
  object space 163328K, 7% used [0x00000006ca400000,0x00000006caf6ff20,0x00000006d4380000)
 Metaspace       used 37663K, capacity 40838K, committed 41088K, reserved 1085440K
  class space    used 4916K, capacity 5477K, committed 5504K, reserved 1048576K

Card table byte_map: [0x0000000012cf0000,0x00000000134a0000] byte_map_base: 0x000000000f69e000

Marking Bits: (ParMarkBitMap*) 0x0000000068050860
 Begin Bits: [0x00000000146c0000, 0x0000000018430000)
 End Bits:   [0x0000000018430000, 0x000000001c1a0000)

Polling page: 0x0000000000ff0000

CodeCache: size=245760Kb used=17840Kb max_used=17852Kb free=227919Kb
 bounds [0x0000000003930000, 0x0000000004ab0000, 0x0000000012930000]
 total_blobs=4571 nmethods=4156 adapters=333
 compilation: enabled

Compilation events (10 events):
Event: 3.778 Thread 0x000000001eed7000 4179       3       org.springframework.util.ClassUtils::isAssignableValue (34 bytes)
Event: 3.778 Thread 0x000000001eed7000 nmethod 4179 0x0000000004a9b410 code [0x0000000004a9b5c0, 0x0000000004a9baa8]
Event: 3.778 Thread 0x000000001ee7c000 nmethod 4177 0x0000000004a9bc90 code [0x0000000004a9bfc0, 0x0000000004a9de68]
Event: 3.779 Thread 0x000000001eebf800 nmethod 4170 0x0000000004a9f0d0 code [0x0000000004a9f660, 0x0000000004aa43b8]
Event: 3.803 Thread 0x000000001ee84800 4180       3       com.sun.beans.WeakCache::put (38 bytes)
Event: 3.803 Thread 0x000000001ee84800 nmethod 4180 0x0000000004aa60d0 code [0x0000000004aa6280, 0x0000000004aa6838]
Event: 3.817 Thread 0x000000001eed7000 4181   !   3       com.sun.proxy.$Proxy76::annotationType (29 bytes)
Event: 3.818 Thread 0x000000001eed7000 nmethod 4181 0x0000000003be9590 code [0x0000000003be9720, 0x0000000003be9bb8]
Event: 3.826 Thread 0x000000001ee7c000 4182       3       java.lang.invoke.LambdaForm$MH/1907431275::linkToTargetMethod (13 bytes)
Event: 3.827 Thread 0x000000001ee7c000 nmethod 4182 0x0000000003bf5150 code [0x0000000003bf52c0, 0x0000000003bf5658]

GC Heap History (10 events):
Event: 1.678 GC heap before
{Heap before GC invocations=5 (full 1):
 PSYoungGen      total 73728K, used 63488K [0x000000076e180000, 0x0000000777180000, 0x00000007c0000000)
  eden space 63488K, 100% used [0x000000076e180000,0x0000000771f80000,0x0000000771f80000)
  from space 10240K, 0% used [0x0000000771f80000,0x0000000771f80000,0x0000000772980000)
  to   space 10240K, 0% used [0x0000000776780000,0x0000000776780000,0x0000000777180000)
 ParOldGen       total 102400K, used 7225K [0x00000006ca400000, 0x00000006d0800000, 0x000000076e180000)
  object space 102400K, 7% used [0x00000006ca400000,0x00000006cab0e430,0x00000006d0800000)
 Metaspace       used 24537K, capacity 26400K, committed 26624K, reserved 1073152K
  class space    used 3200K, capacity 3558K, committed 3584K, reserved 1048576K
Event: 1.684 GC heap after
Heap after GC invocations=5 (full 1):
 PSYoungGen      total 106496K, used 7287K [0x000000076e180000, 0x0000000776f00000, 0x00000007c0000000)
  eden space 98816K, 0% used [0x000000076e180000,0x000000076e180000,0x0000000774200000)
  from space 7680K, 94% used [0x0000000776780000,0x0000000776e9ddc0,0x0000000776f00000)
  to   space 10240K, 0% used [0x0000000775b00000,0x0000000775b00000,0x0000000776500000)
 ParOldGen       total 102400K, used 7233K [0x00000006ca400000, 0x00000006d0800000, 0x000000076e180000)
  object space 102400K, 7% used [0x00000006ca400000,0x00000006cab10430,0x00000006d0800000)
 Metaspace       used 24537K, capacity 26400K, committed 26624K, reserved 1073152K
  class space    used 3200K, capacity 3558K, committed 3584K, reserved 1048576K
}
Event: 2.302 GC heap before
{Heap before GC invocations=6 (full 1):
 PSYoungGen      total 106496K, used 106103K [0x000000076e180000, 0x0000000776f00000, 0x00000007c0000000)
  eden space 98816K, 100% used [0x000000076e180000,0x0000000774200000,0x0000000774200000)
  from space 7680K, 94% used [0x0000000776780000,0x0000000776e9ddc0,0x0000000776f00000)
  to   space 10240K, 0% used [0x0000000775b00000,0x0000000775b00000,0x0000000776500000)
 ParOldGen       total 102400K, used 7233K [0x00000006ca400000, 0x00000006d0800000, 0x000000076e180000)
  object space 102400K, 7% used [0x00000006ca400000,0x00000006cab10430,0x00000006d0800000)
 Metaspace       used 29070K, capacity 31260K, committed 31360K, reserved 1077248K
  class space    used 3783K, capacity 4190K, committed 4224K, reserved 1048576K
Event: 2.308 GC heap after
Heap after GC invocations=6 (full 1):
 PSYoungGen      total 134656K, used 8499K [0x000000076e180000, 0x0000000778680000, 0x00000007c0000000)
  eden space 124416K, 0% used [0x000000076e180000,0x000000076e180000,0x0000000775b00000)
  from space 10240K, 83% used [0x0000000775b00000,0x000000077634cfa8,0x0000000776500000)
  to   space 8704K, 0% used [0x0000000777e00000,0x0000000777e00000,0x0000000778680000)
 ParOldGen       total 102400K, used 7241K [0x00000006ca400000, 0x00000006d0800000, 0x000000076e180000)
  object space 102400K, 7% used [0x00000006ca400000,0x00000006cab12430,0x00000006d0800000)
 Metaspace       used 29070K, capacity 31260K, committed 31360K, reserved 1077248K
  class space    used 3783K, capacity 4190K, committed 4224K, reserved 1048576K
}
Event: 2.640 GC heap before
{Heap before GC invocations=7 (full 1):
 PSYoungGen      total 134656K, used 49969K [0x000000076e180000, 0x0000000778680000, 0x00000007c0000000)
  eden space 124416K, 33% used [0x000000076e180000,0x00000007709ff620,0x0000000775b00000)
  from space 10240K, 83% used [0x0000000775b00000,0x000000077634cfa8,0x0000000776500000)
  to   space 8704K, 0% used [0x0000000777e00000,0x0000000777e00000,0x0000000778680000)
 ParOldGen       total 102400K, used 7241K [0x00000006ca400000, 0x00000006d0800000, 0x000000076e180000)
  object space 102400K, 7% used [0x00000006ca400000,0x00000006cab12430,0x00000006d0800000)
 Metaspace       used 33061K, capacity 35394K, committed 35456K, reserved 1079296K
  class space    used 4303K, capacity 4733K, committed 4736K, reserved 1048576K
Event: 2.645 GC heap after
Heap after GC invocations=7 (full 1):
 PSYoungGen      total 133120K, used 6800K [0x000000076e180000, 0x0000000778680000, 0x00000007c0000000)
  eden space 124416K, 0% used [0x000000076e180000,0x000000076e180000,0x0000000775b00000)
  from space 8704K, 78% used [0x0000000777e00000,0x00000007784a4080,0x0000000778680000)
  to   space 10240K, 0% used [0x0000000775b00000,0x0000000775b00000,0x0000000776500000)
 ParOldGen       total 102400K, used 7313K [0x00000006ca400000, 0x00000006d0800000, 0x000000076e180000)
  object space 102400K, 7% used [0x00000006ca400000,0x00000006cab24440,0x00000006d0800000)
 Metaspace       used 33061K, capacity 35394K, committed 35456K, reserved 1079296K
  class space    used 4303K, capacity 4733K, committed 4736K, reserved 1048576K
}
Event: 2.645 GC heap before
{Heap before GC invocations=8 (full 2):
 PSYoungGen      total 133120K, used 6800K [0x000000076e180000, 0x0000000778680000, 0x00000007c0000000)
  eden space 124416K, 0% used [0x000000076e180000,0x000000076e180000,0x0000000775b00000)
  from space 8704K, 78% used [0x0000000777e00000,0x00000007784a4080,0x0000000778680000)
  to   space 10240K, 0% used [0x0000000775b00000,0x0000000775b00000,0x0000000776500000)
 ParOldGen       total 102400K, used 7313K [0x00000006ca400000, 0x00000006d0800000, 0x000000076e180000)
  object space 102400K, 7% used [0x00000006ca400000,0x00000006cab24440,0x00000006d0800000)
 Metaspace       used 33061K, capacity 35394K, committed 35456K, reserved 1079296K
  class space    used 4303K, capacity 4733K, committed 4736K, reserved 1048576K
Event: 2.683 GC heap after
Heap after GC invocations=8 (full 2):
 PSYoungGen      total 133120K, used 0K [0x000000076e180000, 0x0000000778680000, 0x00000007c0000000)
  eden space 124416K, 0% used [0x000000076e180000,0x000000076e180000,0x0000000775b00000)
  from space 8704K, 0% used [0x0000000777e00000,0x0000000777e00000,0x0000000778680000)
  to   space 10240K, 0% used [0x0000000775b00000,0x0000000775b00000,0x0000000776500000)
 ParOldGen       total 163328K, used 11703K [0x00000006ca400000, 0x00000006d4380000, 0x000000076e180000)
  object space 163328K, 7% used [0x00000006ca400000,0x00000006caf6df20,0x00000006d4380000)
 Metaspace       used 33061K, capacity 35394K, committed 35456K, reserved 1079296K
  class space    used 4303K, capacity 4733K, committed 4736K, reserved 1048576K
}
Event: 3.784 GC heap before
{Heap before GC invocations=9 (full 2):
 PSYoungGen      total 133120K, used 124416K [0x000000076e180000, 0x0000000778680000, 0x00000007c0000000)
  eden space 124416K, 100% used [0x000000076e180000,0x0000000775b00000,0x0000000775b00000)
  from space 8704K, 0% used [0x0000000777e00000,0x0000000777e00000,0x0000000778680000)
  to   space 10240K, 0% used [0x0000000775b00000,0x0000000775b00000,0x0000000776500000)
 ParOldGen       total 163328K, used 11703K [0x00000006ca400000, 0x00000006d4380000, 0x000000076e180000)
  object space 163328K, 7% used [0x00000006ca400000,0x00000006caf6df20,0x00000006d4380000)
 Metaspace       used 37588K, capacity 40716K, committed 40832K, reserved 1085440K
  class space    used 4900K, capacity 5456K, committed 5504K, reserved 1048576K
Event: 3.799 GC heap after
Heap after GC invocations=9 (full 2):
 PSYoungGen      total 134656K, used 8109K [0x000000076e180000, 0x0000000779d80000, 0x00000007c0000000)
  eden space 124416K, 0% used [0x000000076e180000,0x000000076e180000,0x0000000775b00000)
  from space 10240K, 79% used [0x0000000775b00000,0x00000007762eb718,0x0000000776500000)
  to   space 9216K, 0% used [0x0000000779480000,0x0000000779480000,0x0000000779d80000)
 ParOldGen       total 163328K, used 11711K [0x00000006ca400000, 0x00000006d4380000, 0x000000076e180000)
  object space 163328K, 7% used [0x00000006ca400000,0x00000006caf6ff20,0x00000006d4380000)
 Metaspace       used 37588K, capacity 40716K, committed 40832K, reserved 1085440K
  class space    used 4900K, capacity 5456K, committed 5504K, reserved 1048576K
}

Deoptimization events (10 events):
Event: 3.432 Thread 0x00000000035f9000 Uncommon trap: reason=unstable_if action=reinterpret pc=0x00000000049194cc method=java.util.concurrent.ConcurrentHashMap.putVal(Ljava/lang/Object;Ljava/lang/Object;Z)Ljava/lang/Object; @ 331
Event: 3.528 Thread 0x00000000035f9000 Uncommon trap: reason=class_check action=maybe_recompile pc=0x00000000046fb5a0 method=java.lang.reflect.Array.newInstance(Ljava/lang/Class;I)Ljava/lang/Object; @ 2
Event: 3.528 Thread 0x00000000035f9000 Uncommon trap: reason=class_check action=maybe_recompile pc=0x00000000046fb5a0 method=java.lang.reflect.Array.newInstance(Ljava/lang/Class;I)Ljava/lang/Object; @ 2
Event: 3.528 Thread 0x00000000035f9000 Uncommon trap: reason=class_check action=maybe_recompile pc=0x00000000046fb5a0 method=java.lang.reflect.Array.newInstance(Ljava/lang/Class;I)Ljava/lang/Object; @ 2
Event: 3.533 Thread 0x00000000035f9000 Uncommon trap: reason=unstable_if action=reinterpret pc=0x00000000049877f8 method=java.util.concurrent.ConcurrentHashMap.get(Ljava/lang/Object;)Ljava/lang/Object; @ 86
Event: 3.533 Thread 0x00000000035f9000 Uncommon trap: reason=unstable_if action=reinterpret pc=0x0000000004075378 method=java.util.concurrent.ConcurrentHashMap.transfer([Ljava/util/concurrent/ConcurrentHashMap$Node;[Ljava/util/concurrent/ConcurrentHashMap$Node;)V @ 356
Event: 3.533 Thread 0x00000000035f9000 Uncommon trap: reason=unstable_if action=reinterpret pc=0x0000000004022f90 method=java.util.concurrent.ConcurrentHashMap.transfer([Ljava/util/concurrent/ConcurrentHashMap$Node;[Ljava/util/concurrent/ConcurrentHashMap$Node;)V @ 356
Event: 3.554 Thread 0x00000000035f9000 Uncommon trap: reason=unstable_if action=reinterpret pc=0x000000000446880c method=java.lang.invoke.MethodType.checkPtypes([Ljava/lang/Class;)I @ 40
Event: 3.707 Thread 0x00000000035f9000 Uncommon trap: reason=unstable_if action=reinterpret pc=0x0000000004985978 method=org.springframework.core.annotation.AnnotationsScanner.isWithoutHierarchy(Ljava/lang/reflect/AnnotatedElement;Lorg/springframework/core/annotation/MergedAnnotations$SearchSt
Event: 3.775 Thread 0x00000000035f9000 Uncommon trap: reason=unstable_if action=reinterpret pc=0x00000000049aa384 method=org.springframework.beans.factory.support.AbstractBeanFactory.isTypeMatch(Ljava/lang/String;Lorg/springframework/core/ResolvableType;Z)Z @ 34

Classes redefined (0 events):
No events

Internal exceptions (10 events):
Event: 3.828 Thread 0x00000000035f9000 Exception <a 'java/lang/ClassNotFoundException': org/springframework/context/support/ApplicationObjectSupportCustomizer> (0x000000076e3c6458) thrown at [C:\re\workspace\8-2-build-windows-amd64-cygwin\jdk8u162\10278\hotspot\src\share\vm\classfile\systemDic
Event: 3.828 Thread 0x00000000035f9000 Exception <a 'java/lang/ClassNotFoundException': org/springframework/web/context/support/WebApplicationObjectSupportCustomizer> (0x000000076e3ee168) thrown at [C:\re\workspace\8-2-build-windows-amd64-cygwin\jdk8u162\10278\hotspot\src\share\vm\classfile\sy
Event: 3.829 Thread 0x00000000035f9000 Exception <a 'java/lang/ClassNotFoundException': org/springframework/web/servlet/handler/AbstractHandlerMappingCustomizer> (0x000000076e411e18) thrown at [C:\re\workspace\8-2-build-windows-amd64-cygwin\jdk8u162\10278\hotspot\src\share\vm\classfile\systemD
Event: 3.830 Thread 0x00000000035f9000 Exception <a 'java/lang/ClassNotFoundException': org/springframework/web/servlet/handler/AbstractUrlHandlerMappingCustomizer> (0x000000076e452218) thrown at [C:\re\workspace\8-2-build-windows-amd64-cygwin\jdk8u162\10278\hotspot\src\share\vm\classfile\syst
Event: 3.830 Thread 0x00000000035f9000 Exception <a 'java/lang/ClassNotFoundException': org/springframework/web/servlet/handler/SimpleUrlHandlerMappingCustomizer> (0x000000076e485d48) thrown at [C:\re\workspace\8-2-build-windows-amd64-cygwin\jdk8u162\10278\hotspot\src\share\vm\classfile\system
Event: 3.831 Thread 0x00000000035f9000 Exception <a 'java/lang/ClassNotFoundException': org/springframework/web/servlet/handler/MatchableHandlerMappingCustomizer> (0x000000076e4c9d50) thrown at [C:\re\workspace\8-2-build-windows-amd64-cygwin\jdk8u162\10278\hotspot\src\share\vm\classfile\system
Event: 3.831 Thread 0x00000000035f9000 Exception <a 'java/lang/ClassNotFoundException': org/springframework/web/servlet/HandlerMappingCustomizer> (0x000000076e4e8580) thrown at [C:\re\workspace\8-2-build-windows-amd64-cygwin\jdk8u162\10278\hotspot\src\share\vm\classfile\systemDictionary.cpp, l
Event: 3.832 Thread 0x00000000035f9000 Exception <a 'java/lang/ClassNotFoundException': org/springframework/web/servlet/HandlerMappingCustomizer> (0x000000076e505ca8) thrown at [C:\re\workspace\8-2-build-windows-amd64-cygwin\jdk8u162\10278\hotspot\src\share\vm\classfile\systemDictionary.cpp, l
Event: 3.832 Thread 0x00000000035f9000 Exception <a 'java/lang/ClassNotFoundException': org/springframework/core/OrderedCustomizer> (0x000000076e51e2d0) thrown at [C:\re\workspace\8-2-build-windows-amd64-cygwin\jdk8u162\10278\hotspot\src\share\vm\classfile\systemDictionary.cpp, line 210]
Event: 3.833 Thread 0x00000000035f9000 Exception <a 'java/lang/ClassNotFoundException': org/springframework/beans/factory/BeanNameAwareCustomizer> (0x000000076e53b620) thrown at [C:\re\workspace\8-2-build-windows-amd64-cygwin\jdk8u162\10278\hotspot\src\share\vm\classfile\systemDictionary.cpp, 

Events (10 events):
Event: 3.833 loading class org/springframework/beans/factory/AwareCustomizer
Event: 3.833 loading class org/springframework/beans/factory/AwareCustomizer done
Event: 3.833 Thread 0x00000000035f9000 DEOPT PACKING pc=0x00000000049f4e40 sp=0x00000000035db350
Event: 3.833 Thread 0x00000000035f9000 DEOPT UNPACKING pc=0x0000000003977490 sp=0x00000000035db048 mode 1
Event: 3.833 Thread 0x00000000035f9000 DEOPT PACKING pc=0x00000000045cc5d4 sp=0x00000000035dbcb0
Event: 3.833 Thread 0x00000000035f9000 DEOPT UNPACKING pc=0x0000000003977490 sp=0x00000000035db9b0 mode 1
Event: 3.833 Thread 0x00000000035f9000 DEOPT PACKING pc=0x00000000049931c4 sp=0x00000000035dbcf0
Event: 3.833 Thread 0x00000000035f9000 DEOPT UNPACKING pc=0x0000000003977490 sp=0x00000000035dba50 mode 1
Event: 3.833 loading class org/springframework/beans/factory/AwareCustomizer
Event: 3.833 loading class org/springframework/beans/factory/AwareCustomizer done


Dynamic libraries:
0x00007ff6d87a0000 - 0x00007ff6d87d7000 	D:\JAVA\JDK\bin\java.exe
0x00007fff3a030000 - 0x00007fff3a228000 	C:\WINDOWS\SYSTEM32\ntdll.dll
0x00007fff39610000 - 0x00007fff396d1000 	C:\WINDOWS\System32\KERNEL32.DLL
0x00007fff37cd0000 - 0x00007fff37fc6000 	C:\WINDOWS\System32\KERNELBASE.dll
0x00007fff38060000 - 0x00007fff38110000 	C:\WINDOWS\System32\ADVAPI32.dll
0x00007fff38ea0000 - 0x00007fff38f3e000 	C:\WINDOWS\System32\msvcrt.dll
0x00007fff39890000 - 0x00007fff39930000 	C:\WINDOWS\System32\sechost.dll
0x00007fff39c70000 - 0x00007fff39d93000 	C:\WINDOWS\System32\RPCRT4.dll
0x00007fff37a60000 - 0x00007fff37a87000 	C:\WINDOWS\System32\bcrypt.dll
0x00007fff39a60000 - 0x00007fff39bff000 	C:\WINDOWS\System32\USER32.dll
0x00007fff37ca0000 - 0x00007fff37cc2000 	C:\WINDOWS\System32\win32u.dll
0x00007fff39f50000 - 0x00007fff39f7b000 	C:\WINDOWS\System32\GDI32.dll
0x00007fff37940000 - 0x00007fff37a57000 	C:\WINDOWS\System32\gdi32full.dll
0x00007fff37a90000 - 0x00007fff37b2d000 	C:\WINDOWS\System32\msvcp_win.dll
0x00007fff37b30000 - 0x00007fff37c30000 	C:\WINDOWS\System32\ucrtbase.dll
0x00007fff22760000 - 0x00007fff229fa000 	C:\WINDOWS\WinSxS\amd64_microsoft.windows.common-controls_6595b64144ccf1df_6.0.19041.4355_none_60b8b9eb71f62e16\COMCTL32.dll
0x00007fff39020000 - 0x00007fff3904f000 	C:\WINDOWS\System32\IMM32.DLL
0x00000000680d0000 - 0x00000000681a1000 	D:\JAVA\JDK\jre\bin\msvcr100.dll
0x0000000067830000 - 0x00000000680d0000 	D:\JAVA\JDK\jre\bin\server\jvm.dll
0x00007fff39010000 - 0x00007fff39018000 	C:\WINDOWS\System32\PSAPI.DLL
0x00007fff1b010000 - 0x00007fff1b019000 	C:\WINDOWS\SYSTEM32\WSOCK32.dll
0x00007fff35290000 - 0x00007fff352b7000 	C:\WINDOWS\SYSTEM32\WINMM.dll
0x00007fff2bdf0000 - 0x00007fff2bdfa000 	C:\WINDOWS\SYSTEM32\VERSION.dll
0x00007fff39f80000 - 0x00007fff39feb000 	C:\WINDOWS\System32\WS2_32.dll
0x0000000067820000 - 0x000000006782f000 	D:\JAVA\JDK\jre\bin\verify.dll
0x00000000677f0000 - 0x0000000067819000 	D:\JAVA\JDK\jre\bin\java.dll
0x0000000068360000 - 0x0000000068395000 	D:\JAVA\JDK\jre\bin\jdwp.dll
0x0000000068350000 - 0x0000000068358000 	D:\JAVA\JDK\jre\bin\npt.dll
0x0000000067710000 - 0x0000000067733000 	D:\JAVA\JDK\jre\bin\instrument.dll
0x00000000677d0000 - 0x00000000677e6000 	D:\JAVA\JDK\jre\bin\zip.dll
0x00007fff38190000 - 0x00007fff388fc000 	C:\WINDOWS\System32\SHELL32.dll
0x00007fff35760000 - 0x00007fff35efe000 	C:\WINDOWS\SYSTEM32\windows.storage.dll
0x00007fff389b0000 - 0x00007fff38d03000 	C:\WINDOWS\System32\combase.dll
0x00007fff37090000 - 0x00007fff370be000 	C:\WINDOWS\SYSTEM32\Wldp.dll
0x00007fff38f40000 - 0x00007fff3900d000 	C:\WINDOWS\System32\OLEAUT32.dll
0x00007fff38900000 - 0x00007fff389ad000 	C:\WINDOWS\System32\SHCORE.dll
0x00007fff39550000 - 0x00007fff395a5000 	C:\WINDOWS\System32\shlwapi.dll
0x00007fff37610000 - 0x00007fff37634000 	C:\WINDOWS\SYSTEM32\profapi.dll
0x0000000068340000 - 0x0000000068349000 	D:\JAVA\JDK\jre\bin\dt_socket.dll
0x00007fff36df0000 - 0x00007fff36e5a000 	C:\WINDOWS\system32\mswsock.dll
0x00000000677b0000 - 0x00000000677ca000 	D:\JAVA\JDK\jre\bin\net.dll
0x00000000683a0000 - 0x00000000683b1000 	D:\JAVA\JDK\jre\bin\nio.dll
0x0000000068330000 - 0x000000006833d000 	D:\JAVA\JDK\jre\bin\management.dll
0x00007fff22d60000 - 0x00007fff22d77000 	C:\WINDOWS\system32\napinsp.dll
0x00007fff22d00000 - 0x00007fff22d1b000 	C:\WINDOWS\system32\pnrpnsp.dll
0x00007fff33a90000 - 0x00007fff33aa5000 	C:\WINDOWS\system32\wshbth.dll
0x00007fff33790000 - 0x00007fff337ad000 	C:\WINDOWS\system32\NLAapi.dll
0x00007fff36ad0000 - 0x00007fff36b0b000 	C:\WINDOWS\SYSTEM32\IPHLPAPI.DLL
0x00007fff36b10000 - 0x00007fff36bda000 	C:\WINDOWS\SYSTEM32\DNSAPI.dll
0x00007fff39c00000 - 0x00007fff39c08000 	C:\WINDOWS\System32\NSI.dll
0x00007fff22ba0000 - 0x00007fff22bb2000 	C:\WINDOWS\System32\winrnr.dll
0x00007fff31870000 - 0x00007fff3187a000 	C:\Windows\System32\rasadhlp.dll
0x00007fff30710000 - 0x00007fff30790000 	C:\WINDOWS\System32\fwpuclnt.dll
0x00007fff32760000 - 0x00007fff32777000 	C:\WINDOWS\SYSTEM32\dhcpcsvc6.DLL
0x00007fff32740000 - 0x00007fff3275d000 	C:\WINDOWS\SYSTEM32\dhcpcsvc.DLL
0x0000000180000000 - 0x0000000180374000 	D:\JAVA\Tomcat\apache-tomcat-9.0.87-windows-x64\apache-tomcat-9.0.87\bin\tcnative-1.dll
0x00007fff37790000 - 0x00007fff378ee000 	C:\WINDOWS\System32\CRYPT32.dll

VM Arguments:
jvm_args: -agentlib:jdwp=transport=dt_socket,address=127.0.0.1:59079,suspend=y,server=n -ea -Didea.test.cyclic.buffer.size=1048576 -javaagent:C:\Users\Bo\AppData\Local\JetBrains\IntelliJIdea2023.1\captureAgent\debugger-agent.jar -Dfile.encoding=UTF-8 
java_command: com.intellij.rt.junit.JUnitStarter -ideVersion5 -junit5 @w@C:\Users\Bo\AppData\Local\Temp\idea_working_dirs_junit.tmp @C:\Users\Bo\AppData\Local\Temp\idea_junit.tmp
java_class_path (initial): C:\Users\Bo\.m2\repository\org\junit\platform\junit-platform-launcher\1.8.2\junit-platform-launcher-1.8.2.jar;C:\Users\Bo\.m2\repository\org\junit\platform\junit-platform-engine\1.8.2\junit-platform-engine-1.8.2.jar;C:\Users\Bo\.m2\repository\org\opentest4j\opentest4j\1.2.0\opentest4j-1.2.0.jar;C:\Users\Bo\.m2\repository\org\junit\platform\junit-platform-commons\1.8.2\junit-platform-commons-1.8.2.jar;C:\Users\Bo\.m2\repository\org\apiguardian\apiguardian-api\1.1.2\apiguardian-api-1.1.2.jar;C:\Users\Bo\.m2\repository\org\junit\vintage\junit-vintage-engine\5.8.2\junit-vintage-engine-5.8.2.jar;D:\JAVA\IDEA\IntelliJ IDEA 2023.1\lib\idea_rt.jar;D:\JAVA\IDEA\IntelliJ IDEA 2023.1\plugins\junit\lib\junit5-rt.jar;D:\JAVA\IDEA\IntelliJ IDEA 2023.1\plugins\junit\lib\junit-rt.jar;D:\JAVA\JDK\jre\lib\charsets.jar;D:\JAVA\JDK\jre\lib\deploy.jar;D:\JAVA\JDK\jre\lib\ext\access-bridge-64.jar;D:\JAVA\JDK\jre\lib\ext\cldrdata.jar;D:\JAVA\JDK\jre\lib\ext\dnsns.jar;D:\JAVA\JDK\jre\lib\ext\jaccess.jar;D:\JAVA\JDK\jre\lib\ext\jfxrt.jar;D:\JAVA\JDK\jre\lib\ext\localedata.jar;D:\JAVA\JDK\jre\lib\ext\nashorn.jar;D:\JAVA\JDK\jre\lib\ext\sunec.jar;D:\JAVA\JDK\jre\lib\ext\sunjce_provider.jar;D:\JAVA\JDK\jre\lib\ext\sunmscapi.jar;D:\JAVA\JDK\jre\lib\ext\sunpkcs11.jar;D:\JAVA\JDK\jre\lib\ext\zipfs.jar;D:\JAVA\JDK\jre\lib\javaws.jar;D:\JAVA\JDK\jre\lib\jce.jar;D:\JAVA\JDK\jre\lib\jfr.jar;D:\JAVA\JDK\jre\lib\jfxswt.jar;D:\JAVA\JDK\jre\lib\jsse.jar;D:\JAVA\JDK\jre\lib\management-agent.jar;D:\JAVA\JDK\jre\lib\plugin.jar;D:\JAVA\JDK\jre\lib\resources.jar;D:\JAVA\JDK\jre\lib\rt.jar;D:\JAVA\SpringBoot\BoPao\bopao-backend\user-center-backend-master\target\test-classes;D:\JAVA\SpringBoot\BoPao\bopao-backend\user-center-backend-master\target\classes;D:\Maven\localRespository\com\google\code\gson\gson\2.10.1\gson-2.10.1.jar;D:\Maven\localRespository\org\springframework\boot\spring-boot-starter-web\2.6.4\spring-boot-starter-web-2.6.4.jar;D:\Maven\localRespository\org\springframew
Launcher Type: SUN_STANDARD

Environment Variables:
JAVA_HOME=D:\JAVA\JDK
CLASSPATH=.;D:\JAVA\JDK\lib;D:\JAVA\JDK\lib\tools.jar
PATH=D:\Linux\VMware\bin\;C:\WINDOWS\system32;C:\WINDOWS;C:\WINDOWS\System32\Wbem;C:\WINDOWS\System32\WindowsPowerShell\v1.0\;C:\WINDOWS\System32\OpenSSH\;D:\MYSQL\mysql-8.3.0-winx64\mysql-8.3.0;D:\MYSQL\mysql-8.3.0-winx64\mysql-8.3.0\bin;D:\JAVA\JDK\bin;D:\Git\Notepad++;D:\Git\Git\cmd;D:\JAVA\Tomcat\apache-tomcat-9.0.87-windows-x64\apache-tomcat-9.0.87\bin;D:\JAVA\Tomcat\apache-tomcat-9.0.87-windows-x64\apache-tomcat-9.0.87\lib;D:\NVM\nvm;D:\NVM\nodejs;D:\NVM\nvm\node_global;D:\XShell\;D:\Redis\Redis-x64-5.0.14.1;D:\Eralng\erl9.2\bin;D:\Anaconda\Anaconda3;D:\Anaconda\Anaconda3\Library\mingw-w64\bin;D:\Anaconda\Anaconda3\Library\usr\bin;D:\Anaconda\Anaconda3\Library\bin;D:\Anaconda\Anaconda3\Scripts;C:\Users\Bo\AppData\Local\Microsoft\WindowsApps;D:\BandiZip\;D:\JAVA\IDEA\IntelliJ IDEA 2023.1\bin;;D:\MYSQL\DataGrip\DataGrip 2023.1\bin;;D:\VScode\Local\Microsoft VS Code\bin;D:\pycharm\PyCharm 2023.1\bin;;D:\Maven\apache-maven-3.9.6\bin;D:\WebStorm\WebStorm 2023.1\bin;;D:\NVM\nvm;D:\NVM\nodejs;D:\NVM\nvm\node_global;
USERNAME=Bo
OS=Windows_NT
PROCESSOR_IDENTIFIER=AMD64 Family 25 Model 80 Stepping 0, AuthenticAMD



---------------  S Y S T E M  ---------------

OS: Windows 10.0 , 64 bit Build 19041 (10.0.19041.4597)

CPU:total 16 (initial active 16) (16 cores per cpu, 1 threads per core) family 25 model 80 stepping 0, cmov, cx8, fxsr, mmx, sse, sse2, sse3, ssse3, sse4.1, sse4.2, popcnt, avx, avx2, aes, clmul, erms, mmxext, 3dnowpref, lzcnt, sse4a, tsc, tscinvbit, tscinv, bmi1

Memory: 4k page, physical 16101436k(1132372k free), swap 28684348k(5120k free)

vm_info: Java HotSpot(TM) 64-Bit Server VM (25.162-b12) for windows-amd64 JRE (1.8.0_162-b12), built on Dec 19 2017 20:00:03 by "java_re" with MS VC++ 10.0 (VS2010)

time: Sat Aug 17 15:52:13 2024
elapsed time: 3 seconds (0d 0h 0m 3s)

